[1.359s] DEBUG:colcon:Command line arguments: ['/usr/bin/colcon', 'list', '-n']
[1.359s] DEBUG:colcon:Parsed command line arguments: Namespace(base_paths=['.'], build_base='build', ignore_user_meta=False, log_base=None, log_level=None, main=<bound method ListVerb.main of <colcon_package_information.verb.list.ListVerb object at 0x7f6706b4efd0>>, metas=['./colcon.meta'], names_only=True, packages_above=None, packages_above_and_dependencies=None, packages_above_depth=None, packages_end=None, packages_ignore=None, packages_ignore_regex=None, packages_select=None, packages_select_build_failed=False, packages_select_by_dep=None, packages_select_regex=None, packages_select_test_failures=False, packages_skip=None, packages_skip_build_finished=False, packages_skip_by_dep=None, packages_skip_regex=None, packages_skip_test_passed=False, packages_skip_up_to=None, packages_start=None, packages_up_to=None, packages_up_to_regex=None, paths=None, paths_only=False, topological_graph=False, topological_graph_density=False, topological_graph_dot=False, topological_graph_dot_cluster=False, topological_graph_dot_include_skipped=False, topological_graph_legend=False, topological_order=False, verb_extension=<colcon_package_information.verb.list.ListVerb object at 0x7f6706b4efd0>, verb_name='list', verb_parser=<colcon_defaults.argument_parser.defaults.DefaultArgumentsDecorator object at 0x7f6706b5aee0>)
[2.762s] Level 1:colcon.colcon_core.package_discovery:discover_packages(colcon_meta) check parameters
[2.763s] Level 1:colcon.colcon_core.package_discovery:discover_packages(recursive) check parameters
[2.763s] Level 1:colcon.colcon_core.package_discovery:discover_packages(ignore) check parameters
[2.763s] Level 1:colcon.colcon_core.package_discovery:discover_packages(path) check parameters
[2.763s] Level 1:colcon.colcon_core.package_discovery:discover_packages(colcon_meta) discover
[2.763s] Level 1:colcon.colcon_core.package_discovery:discover_packages(recursive) discover
[2.763s] INFO:colcon.colcon_core.package_discovery:Crawling recursively for packages in '/home/mh/Desktop/FRI-Client-SDK_Cpp'
[2.763s] Level 1:colcon.colcon_core.package_identification:_identify(.) by extensions ['ignore', 'ignore_ament_install']
[2.763s] Level 1:colcon.colcon_core.package_identification:_identify(.) by extension 'ignore'
[2.764s] Level 1:colcon.colcon_core.package_identification:_identify(.) by extension 'ignore_ament_install'
[2.764s] Level 1:colcon.colcon_core.package_identification:_identify(.) by extensions ['colcon_pkg']
[2.764s] Level 1:colcon.colcon_core.package_identification:_identify(.) by extension 'colcon_pkg'
[2.764s] Level 1:colcon.colcon_core.package_identification:_identify(.) by extensions ['colcon_meta']
[2.764s] Level 1:colcon.colcon_core.package_identification:_identify(.) by extension 'colcon_meta'
[2.764s] Level 1:colcon.colcon_core.package_identification:_identify(.) by extensions ['ros']
[2.764s] Level 1:colcon.colcon_core.package_identification:_identify(.) by extension 'ros'
[2.775s] Level 1:colcon.colcon_core.package_identification:_identify(.) by extensions ['cmake', 'python']
[2.775s] Level 1:colcon.colcon_core.package_identification:_identify(.) by extension 'cmake'
[2.775s] Level 1:colcon.colcon_core.package_identification:_identify(.) by extension 'python'
[2.775s] Level 1:colcon.colcon_core.package_identification:_identify(.) by extensions ['python_setup_py']
[2.776s] Level 1:colcon.colcon_core.package_identification:_identify(.) by extension 'python_setup_py'
[2.776s] Level 1:colcon.colcon_core.package_identification:_identify(bin) by extensions ['ignore', 'ignore_ament_install']
[2.776s] Level 1:colcon.colcon_core.package_identification:_identify(bin) by extension 'ignore'
[2.776s] Level 1:colcon.colcon_core.package_identification:_identify(bin) by extension 'ignore_ament_install'
[2.776s] Level 1:colcon.colcon_core.package_identification:_identify(bin) by extensions ['colcon_pkg']
[2.776s] Level 1:colcon.colcon_core.package_identification:_identify(bin) by extension 'colcon_pkg'
[2.776s] Level 1:colcon.colcon_core.package_identification:_identify(bin) by extensions ['colcon_meta']
[2.776s] Level 1:colcon.colcon_core.package_identification:_identify(bin) by extension 'colcon_meta'
[2.776s] Level 1:colcon.colcon_core.package_identification:_identify(bin) by extensions ['ros']
[2.776s] Level 1:colcon.colcon_core.package_identification:_identify(bin) by extension 'ros'
[2.777s] Level 1:colcon.colcon_core.package_identification:_identify(bin) by extensions ['cmake', 'python']
[2.777s] Level 1:colcon.colcon_core.package_identification:_identify(bin) by extension 'cmake'
[2.777s] Level 1:colcon.colcon_core.package_identification:_identify(bin) by extension 'python'
[2.777s] Level 1:colcon.colcon_core.package_identification:_identify(bin) by extensions ['python_setup_py']
[2.777s] Level 1:colcon.colcon_core.package_identification:_identify(bin) by extension 'python_setup_py'
[2.777s] Level 1:colcon.colcon_core.package_identification:_identify(build) by extensions ['ignore', 'ignore_ament_install']
[2.777s] Level 1:colcon.colcon_core.package_identification:_identify(build) by extension 'ignore'
[2.777s] Level 1:colcon.colcon_core.package_identification:_identify(build) by extension 'ignore_ament_install'
[2.777s] Level 1:colcon.colcon_core.package_identification:_identify(build) by extensions ['colcon_pkg']
[2.778s] Level 1:colcon.colcon_core.package_identification:_identify(build) by extension 'colcon_pkg'
[2.778s] Level 1:colcon.colcon_core.package_identification:_identify(build) by extensions ['colcon_meta']
[2.778s] Level 1:colcon.colcon_core.package_identification:_identify(build) by extension 'colcon_meta'
[2.778s] Level 1:colcon.colcon_core.package_identification:_identify(build) by extensions ['ros']
[2.778s] Level 1:colcon.colcon_core.package_identification:_identify(build) by extension 'ros'
[2.778s] Level 1:colcon.colcon_core.package_identification:_identify(build) by extensions ['cmake', 'python']
[2.778s] Level 1:colcon.colcon_core.package_identification:_identify(build) by extension 'cmake'
[2.778s] Level 1:colcon.colcon_core.package_identification:_identify(build) by extension 'python'
[2.778s] Level 1:colcon.colcon_core.package_identification:_identify(build) by extensions ['python_setup_py']
[2.778s] Level 1:colcon.colcon_core.package_identification:_identify(build) by extension 'python_setup_py'
[2.779s] Level 1:colcon.colcon_core.package_identification:_identify(build/GNUMake) by extensions ['ignore', 'ignore_ament_install']
[2.779s] Level 1:colcon.colcon_core.package_identification:_identify(build/GNUMake) by extension 'ignore'
[2.779s] Level 1:colcon.colcon_core.package_identification:_identify(build/GNUMake) by extension 'ignore_ament_install'
[2.779s] Level 1:colcon.colcon_core.package_identification:_identify(build/GNUMake) by extensions ['colcon_pkg']
[2.779s] Level 1:colcon.colcon_core.package_identification:_identify(build/GNUMake) by extension 'colcon_pkg'
[2.779s] Level 1:colcon.colcon_core.package_identification:_identify(build/GNUMake) by extensions ['colcon_meta']
[2.779s] Level 1:colcon.colcon_core.package_identification:_identify(build/GNUMake) by extension 'colcon_meta'
[2.779s] Level 1:colcon.colcon_core.package_identification:_identify(build/GNUMake) by extensions ['ros']
[2.779s] Level 1:colcon.colcon_core.package_identification:_identify(build/GNUMake) by extension 'ros'
[2.779s] Level 1:colcon.colcon_core.package_identification:_identify(build/GNUMake) by extensions ['cmake', 'python']
[2.780s] Level 1:colcon.colcon_core.package_identification:_identify(build/GNUMake) by extension 'cmake'
[2.780s] Level 1:colcon.colcon_core.package_identification:_identify(build/GNUMake) by extension 'python'
[2.780s] Level 1:colcon.colcon_core.package_identification:_identify(build/GNUMake) by extensions ['python_setup_py']
[2.780s] Level 1:colcon.colcon_core.package_identification:_identify(build/GNUMake) by extension 'python_setup_py'
[2.780s] Level 1:colcon.colcon_core.package_identification:_identify(build/MSVisualStudio2010) by extensions ['ignore', 'ignore_ament_install']
[2.780s] Level 1:colcon.colcon_core.package_identification:_identify(build/MSVisualStudio2010) by extension 'ignore'
[2.780s] Level 1:colcon.colcon_core.package_identification:_identify(build/MSVisualStudio2010) by extension 'ignore_ament_install'
[2.780s] Level 1:colcon.colcon_core.package_identification:_identify(build/MSVisualStudio2010) by extensions ['colcon_pkg']
[2.780s] Level 1:colcon.colcon_core.package_identification:_identify(build/MSVisualStudio2010) by extension 'colcon_pkg'
[2.780s] Level 1:colcon.colcon_core.package_identification:_identify(build/MSVisualStudio2010) by extensions ['colcon_meta']
[2.781s] Level 1:colcon.colcon_core.package_identification:_identify(build/MSVisualStudio2010) by extension 'colcon_meta'
[2.781s] Level 1:colcon.colcon_core.package_identification:_identify(build/MSVisualStudio2010) by extensions ['ros']
[2.781s] Level 1:colcon.colcon_core.package_identification:_identify(build/MSVisualStudio2010) by extension 'ros'
[2.781s] Level 1:colcon.colcon_core.package_identification:_identify(build/MSVisualStudio2010) by extensions ['cmake', 'python']
[2.781s] Level 1:colcon.colcon_core.package_identification:_identify(build/MSVisualStudio2010) by extension 'cmake'
[2.781s] Level 1:colcon.colcon_core.package_identification:_identify(build/MSVisualStudio2010) by extension 'python'
[2.781s] Level 1:colcon.colcon_core.package_identification:_identify(build/MSVisualStudio2010) by extensions ['python_setup_py']
[2.781s] Level 1:colcon.colcon_core.package_identification:_identify(build/MSVisualStudio2010) by extension 'python_setup_py'
[2.781s] Level 1:colcon.colcon_core.package_identification:_identify(build/MSVisualStudio2010/IOAccess) by extensions ['ignore', 'ignore_ament_install']
[2.781s] Level 1:colcon.colcon_core.package_identification:_identify(build/MSVisualStudio2010/IOAccess) by extension 'ignore'
[2.782s] Level 1:colcon.colcon_core.package_identification:_identify(build/MSVisualStudio2010/IOAccess) by extension 'ignore_ament_install'
[2.782s] Level 1:colcon.colcon_core.package_identification:_identify(build/MSVisualStudio2010/IOAccess) by extensions ['colcon_pkg']
[2.782s] Level 1:colcon.colcon_core.package_identification:_identify(build/MSVisualStudio2010/IOAccess) by extension 'colcon_pkg'
[2.782s] Level 1:colcon.colcon_core.package_identification:_identify(build/MSVisualStudio2010/IOAccess) by extensions ['colcon_meta']
[2.782s] Level 1:colcon.colcon_core.package_identification:_identify(build/MSVisualStudio2010/IOAccess) by extension 'colcon_meta'
[2.782s] Level 1:colcon.colcon_core.package_identification:_identify(build/MSVisualStudio2010/IOAccess) by extensions ['ros']
[2.782s] Level 1:colcon.colcon_core.package_identification:_identify(build/MSVisualStudio2010/IOAccess) by extension 'ros'
[2.782s] Level 1:colcon.colcon_core.package_identification:_identify(build/MSVisualStudio2010/IOAccess) by extensions ['cmake', 'python']
[2.782s] Level 1:colcon.colcon_core.package_identification:_identify(build/MSVisualStudio2010/IOAccess) by extension 'cmake'
[2.782s] Level 1:colcon.colcon_core.package_identification:_identify(build/MSVisualStudio2010/IOAccess) by extension 'python'
[2.782s] Level 1:colcon.colcon_core.package_identification:_identify(build/MSVisualStudio2010/IOAccess) by extensions ['python_setup_py']
[2.783s] Level 1:colcon.colcon_core.package_identification:_identify(build/MSVisualStudio2010/IOAccess) by extension 'python_setup_py'
[2.783s] Level 1:colcon.colcon_core.package_identification:_identify(build/MSVisualStudio2010/LBRClientTemplate) by extensions ['ignore', 'ignore_ament_install']
[2.783s] Level 1:colcon.colcon_core.package_identification:_identify(build/MSVisualStudio2010/LBRClientTemplate) by extension 'ignore'
[2.783s] Level 1:colcon.colcon_core.package_identification:_identify(build/MSVisualStudio2010/LBRClientTemplate) by extension 'ignore_ament_install'
[2.783s] Level 1:colcon.colcon_core.package_identification:_identify(build/MSVisualStudio2010/LBRClientTemplate) by extensions ['colcon_pkg']
[2.783s] Level 1:colcon.colcon_core.package_identification:_identify(build/MSVisualStudio2010/LBRClientTemplate) by extension 'colcon_pkg'
[2.783s] Level 1:colcon.colcon_core.package_identification:_identify(build/MSVisualStudio2010/LBRClientTemplate) by extensions ['colcon_meta']
[2.783s] Level 1:colcon.colcon_core.package_identification:_identify(build/MSVisualStudio2010/LBRClientTemplate) by extension 'colcon_meta'
[2.783s] Level 1:colcon.colcon_core.package_identification:_identify(build/MSVisualStudio2010/LBRClientTemplate) by extensions ['ros']
[2.783s] Level 1:colcon.colcon_core.package_identification:_identify(build/MSVisualStudio2010/LBRClientTemplate) by extension 'ros'
[2.784s] Level 1:colcon.colcon_core.package_identification:_identify(build/MSVisualStudio2010/LBRClientTemplate) by extensions ['cmake', 'python']
[2.784s] Level 1:colcon.colcon_core.package_identification:_identify(build/MSVisualStudio2010/LBRClientTemplate) by extension 'cmake'
[2.784s] Level 1:colcon.colcon_core.package_identification:_identify(build/MSVisualStudio2010/LBRClientTemplate) by extension 'python'
[2.784s] Level 1:colcon.colcon_core.package_identification:_identify(build/MSVisualStudio2010/LBRClientTemplate) by extensions ['python_setup_py']
[2.784s] Level 1:colcon.colcon_core.package_identification:_identify(build/MSVisualStudio2010/LBRClientTemplate) by extension 'python_setup_py'
[2.784s] Level 1:colcon.colcon_core.package_identification:_identify(build/MSVisualStudio2010/LBRJointSineOverlay) by extensions ['ignore', 'ignore_ament_install']
[2.784s] Level 1:colcon.colcon_core.package_identification:_identify(build/MSVisualStudio2010/LBRJointSineOverlay) by extension 'ignore'
[2.784s] Level 1:colcon.colcon_core.package_identification:_identify(build/MSVisualStudio2010/LBRJointSineOverlay) by extension 'ignore_ament_install'
[2.784s] Level 1:colcon.colcon_core.package_identification:_identify(build/MSVisualStudio2010/LBRJointSineOverlay) by extensions ['colcon_pkg']
[2.784s] Level 1:colcon.colcon_core.package_identification:_identify(build/MSVisualStudio2010/LBRJointSineOverlay) by extension 'colcon_pkg'
[2.785s] Level 1:colcon.colcon_core.package_identification:_identify(build/MSVisualStudio2010/LBRJointSineOverlay) by extensions ['colcon_meta']
[2.785s] Level 1:colcon.colcon_core.package_identification:_identify(build/MSVisualStudio2010/LBRJointSineOverlay) by extension 'colcon_meta'
[2.785s] Level 1:colcon.colcon_core.package_identification:_identify(build/MSVisualStudio2010/LBRJointSineOverlay) by extensions ['ros']
[2.785s] Level 1:colcon.colcon_core.package_identification:_identify(build/MSVisualStudio2010/LBRJointSineOverlay) by extension 'ros'
[2.785s] Level 1:colcon.colcon_core.package_identification:_identify(build/MSVisualStudio2010/LBRJointSineOverlay) by extensions ['cmake', 'python']
[2.785s] Level 1:colcon.colcon_core.package_identification:_identify(build/MSVisualStudio2010/LBRJointSineOverlay) by extension 'cmake'
[2.785s] Level 1:colcon.colcon_core.package_identification:_identify(build/MSVisualStudio2010/LBRJointSineOverlay) by extension 'python'
[2.785s] Level 1:colcon.colcon_core.package_identification:_identify(build/MSVisualStudio2010/LBRJointSineOverlay) by extensions ['python_setup_py']
[2.785s] Level 1:colcon.colcon_core.package_identification:_identify(build/MSVisualStudio2010/LBRJointSineOverlay) by extension 'python_setup_py'
[2.785s] Level 1:colcon.colcon_core.package_identification:_identify(build/MSVisualStudio2010/LBRTorqueSineOverlay) by extensions ['ignore', 'ignore_ament_install']
[2.786s] Level 1:colcon.colcon_core.package_identification:_identify(build/MSVisualStudio2010/LBRTorqueSineOverlay) by extension 'ignore'
[2.786s] Level 1:colcon.colcon_core.package_identification:_identify(build/MSVisualStudio2010/LBRTorqueSineOverlay) by extension 'ignore_ament_install'
[2.786s] Level 1:colcon.colcon_core.package_identification:_identify(build/MSVisualStudio2010/LBRTorqueSineOverlay) by extensions ['colcon_pkg']
[2.786s] Level 1:colcon.colcon_core.package_identification:_identify(build/MSVisualStudio2010/LBRTorqueSineOverlay) by extension 'colcon_pkg'
[2.786s] Level 1:colcon.colcon_core.package_identification:_identify(build/MSVisualStudio2010/LBRTorqueSineOverlay) by extensions ['colcon_meta']
[2.786s] Level 1:colcon.colcon_core.package_identification:_identify(build/MSVisualStudio2010/LBRTorqueSineOverlay) by extension 'colcon_meta'
[2.786s] Level 1:colcon.colcon_core.package_identification:_identify(build/MSVisualStudio2010/LBRTorqueSineOverlay) by extensions ['ros']
[2.786s] Level 1:colcon.colcon_core.package_identification:_identify(build/MSVisualStudio2010/LBRTorqueSineOverlay) by extension 'ros'
[2.786s] Level 1:colcon.colcon_core.package_identification:_identify(build/MSVisualStudio2010/LBRTorqueSineOverlay) by extensions ['cmake', 'python']
[2.786s] Level 1:colcon.colcon_core.package_identification:_identify(build/MSVisualStudio2010/LBRTorqueSineOverlay) by extension 'cmake'
[2.787s] Level 1:colcon.colcon_core.package_identification:_identify(build/MSVisualStudio2010/LBRTorqueSineOverlay) by extension 'python'
[2.787s] Level 1:colcon.colcon_core.package_identification:_identify(build/MSVisualStudio2010/LBRTorqueSineOverlay) by extensions ['python_setup_py']
[2.787s] Level 1:colcon.colcon_core.package_identification:_identify(build/MSVisualStudio2010/LBRTorqueSineOverlay) by extension 'python_setup_py'
[2.787s] Level 1:colcon.colcon_core.package_identification:_identify(build/MSVisualStudio2010/LBRWrenchSineOverlay) by extensions ['ignore', 'ignore_ament_install']
[2.787s] Level 1:colcon.colcon_core.package_identification:_identify(build/MSVisualStudio2010/LBRWrenchSineOverlay) by extension 'ignore'
[2.787s] Level 1:colcon.colcon_core.package_identification:_identify(build/MSVisualStudio2010/LBRWrenchSineOverlay) by extension 'ignore_ament_install'
[2.787s] Level 1:colcon.colcon_core.package_identification:_identify(build/MSVisualStudio2010/LBRWrenchSineOverlay) by extensions ['colcon_pkg']
[2.787s] Level 1:colcon.colcon_core.package_identification:_identify(build/MSVisualStudio2010/LBRWrenchSineOverlay) by extension 'colcon_pkg'
[2.787s] Level 1:colcon.colcon_core.package_identification:_identify(build/MSVisualStudio2010/LBRWrenchSineOverlay) by extensions ['colcon_meta']
[2.787s] Level 1:colcon.colcon_core.package_identification:_identify(build/MSVisualStudio2010/LBRWrenchSineOverlay) by extension 'colcon_meta'
[2.788s] Level 1:colcon.colcon_core.package_identification:_identify(build/MSVisualStudio2010/LBRWrenchSineOverlay) by extensions ['ros']
[2.788s] Level 1:colcon.colcon_core.package_identification:_identify(build/MSVisualStudio2010/LBRWrenchSineOverlay) by extension 'ros'
[2.788s] Level 1:colcon.colcon_core.package_identification:_identify(build/MSVisualStudio2010/LBRWrenchSineOverlay) by extensions ['cmake', 'python']
[2.788s] Level 1:colcon.colcon_core.package_identification:_identify(build/MSVisualStudio2010/LBRWrenchSineOverlay) by extension 'cmake'
[2.788s] Level 1:colcon.colcon_core.package_identification:_identify(build/MSVisualStudio2010/LBRWrenchSineOverlay) by extension 'python'
[2.788s] Level 1:colcon.colcon_core.package_identification:_identify(build/MSVisualStudio2010/LBRWrenchSineOverlay) by extensions ['python_setup_py']
[2.788s] Level 1:colcon.colcon_core.package_identification:_identify(build/MSVisualStudio2010/LBRWrenchSineOverlay) by extension 'python_setup_py'
[2.788s] Level 1:colcon.colcon_core.package_identification:_identify(build/MSVisualStudio2010/SimulatedTransformationProvider) by extensions ['ignore', 'ignore_ament_install']
[2.788s] Level 1:colcon.colcon_core.package_identification:_identify(build/MSVisualStudio2010/SimulatedTransformationProvider) by extension 'ignore'
[2.789s] Level 1:colcon.colcon_core.package_identification:_identify(build/MSVisualStudio2010/SimulatedTransformationProvider) by extension 'ignore_ament_install'
[2.789s] Level 1:colcon.colcon_core.package_identification:_identify(build/MSVisualStudio2010/SimulatedTransformationProvider) by extensions ['colcon_pkg']
[2.789s] Level 1:colcon.colcon_core.package_identification:_identify(build/MSVisualStudio2010/SimulatedTransformationProvider) by extension 'colcon_pkg'
[2.789s] Level 1:colcon.colcon_core.package_identification:_identify(build/MSVisualStudio2010/SimulatedTransformationProvider) by extensions ['colcon_meta']
[2.789s] Level 1:colcon.colcon_core.package_identification:_identify(build/MSVisualStudio2010/SimulatedTransformationProvider) by extension 'colcon_meta'
[2.789s] Level 1:colcon.colcon_core.package_identification:_identify(build/MSVisualStudio2010/SimulatedTransformationProvider) by extensions ['ros']
[2.789s] Level 1:colcon.colcon_core.package_identification:_identify(build/MSVisualStudio2010/SimulatedTransformationProvider) by extension 'ros'
[2.789s] Level 1:colcon.colcon_core.package_identification:_identify(build/MSVisualStudio2010/SimulatedTransformationProvider) by extensions ['cmake', 'python']
[2.789s] Level 1:colcon.colcon_core.package_identification:_identify(build/MSVisualStudio2010/SimulatedTransformationProvider) by extension 'cmake'
[2.789s] Level 1:colcon.colcon_core.package_identification:_identify(build/MSVisualStudio2010/SimulatedTransformationProvider) by extension 'python'
[2.789s] Level 1:colcon.colcon_core.package_identification:_identify(build/MSVisualStudio2010/SimulatedTransformationProvider) by extensions ['python_setup_py']
[2.790s] Level 1:colcon.colcon_core.package_identification:_identify(build/MSVisualStudio2010/SimulatedTransformationProvider) by extension 'python_setup_py'
[2.790s] Level 1:colcon.colcon_core.package_identification:_identify(build/MSVisualStudio2010/TransformationProvider) by extensions ['ignore', 'ignore_ament_install']
[2.790s] Level 1:colcon.colcon_core.package_identification:_identify(build/MSVisualStudio2010/TransformationProvider) by extension 'ignore'
[2.790s] Level 1:colcon.colcon_core.package_identification:_identify(build/MSVisualStudio2010/TransformationProvider) by extension 'ignore_ament_install'
[2.790s] Level 1:colcon.colcon_core.package_identification:_identify(build/MSVisualStudio2010/TransformationProvider) by extensions ['colcon_pkg']
[2.790s] Level 1:colcon.colcon_core.package_identification:_identify(build/MSVisualStudio2010/TransformationProvider) by extension 'colcon_pkg'
[2.790s] Level 1:colcon.colcon_core.package_identification:_identify(build/MSVisualStudio2010/TransformationProvider) by extensions ['colcon_meta']
[2.790s] Level 1:colcon.colcon_core.package_identification:_identify(build/MSVisualStudio2010/TransformationProvider) by extension 'colcon_meta'
[2.790s] Level 1:colcon.colcon_core.package_identification:_identify(build/MSVisualStudio2010/TransformationProvider) by extensions ['ros']
[2.790s] Level 1:colcon.colcon_core.package_identification:_identify(build/MSVisualStudio2010/TransformationProvider) by extension 'ros'
[2.791s] Level 1:colcon.colcon_core.package_identification:_identify(build/MSVisualStudio2010/TransformationProvider) by extensions ['cmake', 'python']
[2.791s] Level 1:colcon.colcon_core.package_identification:_identify(build/MSVisualStudio2010/TransformationProvider) by extension 'cmake'
[2.791s] Level 1:colcon.colcon_core.package_identification:_identify(build/MSVisualStudio2010/TransformationProvider) by extension 'python'
[2.791s] Level 1:colcon.colcon_core.package_identification:_identify(build/MSVisualStudio2010/TransformationProvider) by extensions ['python_setup_py']
[2.791s] Level 1:colcon.colcon_core.package_identification:_identify(build/MSVisualStudio2010/TransformationProvider) by extension 'python_setup_py'
[2.791s] Level 1:colcon.colcon_core.package_identification:_identify(build/MSVisualStudio2010/libFRIClient) by extensions ['ignore', 'ignore_ament_install']
[2.791s] Level 1:colcon.colcon_core.package_identification:_identify(build/MSVisualStudio2010/libFRIClient) by extension 'ignore'
[2.791s] Level 1:colcon.colcon_core.package_identification:_identify(build/MSVisualStudio2010/libFRIClient) by extension 'ignore_ament_install'
[2.791s] Level 1:colcon.colcon_core.package_identification:_identify(build/MSVisualStudio2010/libFRIClient) by extensions ['colcon_pkg']
[2.792s] Level 1:colcon.colcon_core.package_identification:_identify(build/MSVisualStudio2010/libFRIClient) by extension 'colcon_pkg'
[2.792s] Level 1:colcon.colcon_core.package_identification:_identify(build/MSVisualStudio2010/libFRIClient) by extensions ['colcon_meta']
[2.792s] Level 1:colcon.colcon_core.package_identification:_identify(build/MSVisualStudio2010/libFRIClient) by extension 'colcon_meta'
[2.792s] Level 1:colcon.colcon_core.package_identification:_identify(build/MSVisualStudio2010/libFRIClient) by extensions ['ros']
[2.792s] Level 1:colcon.colcon_core.package_identification:_identify(build/MSVisualStudio2010/libFRIClient) by extension 'ros'
[2.792s] Level 1:colcon.colcon_core.package_identification:_identify(build/MSVisualStudio2010/libFRIClient) by extensions ['cmake', 'python']
[2.792s] Level 1:colcon.colcon_core.package_identification:_identify(build/MSVisualStudio2010/libFRIClient) by extension 'cmake'
[2.792s] Level 1:colcon.colcon_core.package_identification:_identify(build/MSVisualStudio2010/libFRIClient) by extension 'python'
[2.792s] Level 1:colcon.colcon_core.package_identification:_identify(build/MSVisualStudio2010/libFRIClient) by extensions ['python_setup_py']
[2.792s] Level 1:colcon.colcon_core.package_identification:_identify(build/MSVisualStudio2010/libFRIClient) by extension 'python_setup_py'
[2.793s] Level 1:colcon.colcon_core.package_identification:_identify(doc) by extensions ['ignore', 'ignore_ament_install']
[2.793s] Level 1:colcon.colcon_core.package_identification:_identify(doc) by extension 'ignore'
[2.793s] Level 1:colcon.colcon_core.package_identification:_identify(doc) by extension 'ignore_ament_install'
[2.793s] Level 1:colcon.colcon_core.package_identification:_identify(doc) by extensions ['colcon_pkg']
[2.793s] Level 1:colcon.colcon_core.package_identification:_identify(doc) by extension 'colcon_pkg'
[2.793s] Level 1:colcon.colcon_core.package_identification:_identify(doc) by extensions ['colcon_meta']
[2.793s] Level 1:colcon.colcon_core.package_identification:_identify(doc) by extension 'colcon_meta'
[2.793s] Level 1:colcon.colcon_core.package_identification:_identify(doc) by extensions ['ros']
[2.793s] Level 1:colcon.colcon_core.package_identification:_identify(doc) by extension 'ros'
[2.793s] Level 1:colcon.colcon_core.package_identification:_identify(doc) by extensions ['cmake', 'python']
[2.793s] Level 1:colcon.colcon_core.package_identification:_identify(doc) by extension 'cmake'
[2.794s] Level 1:colcon.colcon_core.package_identification:_identify(doc) by extension 'python'
[2.794s] Level 1:colcon.colcon_core.package_identification:_identify(doc) by extensions ['python_setup_py']
[2.794s] Level 1:colcon.colcon_core.package_identification:_identify(doc) by extension 'python_setup_py'
[2.794s] Level 1:colcon.colcon_core.package_identification:_identify(doc/html) by extensions ['ignore', 'ignore_ament_install']
[2.794s] Level 1:colcon.colcon_core.package_identification:_identify(doc/html) by extension 'ignore'
[2.794s] Level 1:colcon.colcon_core.package_identification:_identify(doc/html) by extension 'ignore_ament_install'
[2.794s] Level 1:colcon.colcon_core.package_identification:_identify(doc/html) by extensions ['colcon_pkg']
[2.794s] Level 1:colcon.colcon_core.package_identification:_identify(doc/html) by extension 'colcon_pkg'
[2.795s] Level 1:colcon.colcon_core.package_identification:_identify(doc/html) by extensions ['colcon_meta']
[2.795s] Level 1:colcon.colcon_core.package_identification:_identify(doc/html) by extension 'colcon_meta'
[2.795s] Level 1:colcon.colcon_core.package_identification:_identify(doc/html) by extensions ['ros']
[2.795s] Level 1:colcon.colcon_core.package_identification:_identify(doc/html) by extension 'ros'
[2.795s] Level 1:colcon.colcon_core.package_identification:_identify(doc/html) by extensions ['cmake', 'python']
[2.795s] Level 1:colcon.colcon_core.package_identification:_identify(doc/html) by extension 'cmake'
[2.795s] Level 1:colcon.colcon_core.package_identification:_identify(doc/html) by extension 'python'
[2.795s] Level 1:colcon.colcon_core.package_identification:_identify(doc/html) by extensions ['python_setup_py']
[2.795s] Level 1:colcon.colcon_core.package_identification:_identify(doc/html) by extension 'python_setup_py'
[2.795s] Level 1:colcon.colcon_core.package_identification:_identify(example) by extensions ['ignore', 'ignore_ament_install']
[2.796s] Level 1:colcon.colcon_core.package_identification:_identify(example) by extension 'ignore'
[2.796s] Level 1:colcon.colcon_core.package_identification:_identify(example) by extension 'ignore_ament_install'
[2.796s] Level 1:colcon.colcon_core.package_identification:_identify(example) by extensions ['colcon_pkg']
[2.796s] Level 1:colcon.colcon_core.package_identification:_identify(example) by extension 'colcon_pkg'
[2.796s] Level 1:colcon.colcon_core.package_identification:_identify(example) by extensions ['colcon_meta']
[2.796s] Level 1:colcon.colcon_core.package_identification:_identify(example) by extension 'colcon_meta'
[2.796s] Level 1:colcon.colcon_core.package_identification:_identify(example) by extensions ['ros']
[2.796s] Level 1:colcon.colcon_core.package_identification:_identify(example) by extension 'ros'
[2.796s] Level 1:colcon.colcon_core.package_identification:_identify(example) by extensions ['cmake', 'python']
[2.796s] Level 1:colcon.colcon_core.package_identification:_identify(example) by extension 'cmake'
[2.796s] Level 1:colcon.colcon_core.package_identification:_identify(example) by extension 'python'
[2.796s] Level 1:colcon.colcon_core.package_identification:_identify(example) by extensions ['python_setup_py']
[2.797s] Level 1:colcon.colcon_core.package_identification:_identify(example) by extension 'python_setup_py'
[2.797s] Level 1:colcon.colcon_core.package_identification:_identify(example/IOAccess) by extensions ['ignore', 'ignore_ament_install']
[2.797s] Level 1:colcon.colcon_core.package_identification:_identify(example/IOAccess) by extension 'ignore'
[2.797s] Level 1:colcon.colcon_core.package_identification:_identify(example/IOAccess) by extension 'ignore_ament_install'
[2.797s] Level 1:colcon.colcon_core.package_identification:_identify(example/IOAccess) by extensions ['colcon_pkg']
[2.797s] Level 1:colcon.colcon_core.package_identification:_identify(example/IOAccess) by extension 'colcon_pkg'
[2.797s] Level 1:colcon.colcon_core.package_identification:_identify(example/IOAccess) by extensions ['colcon_meta']
[2.797s] Level 1:colcon.colcon_core.package_identification:_identify(example/IOAccess) by extension 'colcon_meta'
[2.797s] Level 1:colcon.colcon_core.package_identification:_identify(example/IOAccess) by extensions ['ros']
[2.797s] Level 1:colcon.colcon_core.package_identification:_identify(example/IOAccess) by extension 'ros'
[2.798s] Level 1:colcon.colcon_core.package_identification:_identify(example/IOAccess) by extensions ['cmake', 'python']
[2.798s] Level 1:colcon.colcon_core.package_identification:_identify(example/IOAccess) by extension 'cmake'
[2.798s] Level 1:colcon.colcon_core.package_identification:_identify(example/IOAccess) by extension 'python'
[2.798s] Level 1:colcon.colcon_core.package_identification:_identify(example/IOAccess) by extensions ['python_setup_py']
[2.798s] Level 1:colcon.colcon_core.package_identification:_identify(example/IOAccess) by extension 'python_setup_py'
[2.798s] Level 1:colcon.colcon_core.package_identification:_identify(example/IOAccess/obj) by extensions ['ignore', 'ignore_ament_install']
[2.798s] Level 1:colcon.colcon_core.package_identification:_identify(example/IOAccess/obj) by extension 'ignore'
[2.798s] Level 1:colcon.colcon_core.package_identification:_identify(example/IOAccess/obj) by extension 'ignore_ament_install'
[2.798s] Level 1:colcon.colcon_core.package_identification:_identify(example/IOAccess/obj) by extensions ['colcon_pkg']
[2.799s] Level 1:colcon.colcon_core.package_identification:_identify(example/IOAccess/obj) by extension 'colcon_pkg'
[2.799s] Level 1:colcon.colcon_core.package_identification:_identify(example/IOAccess/obj) by extensions ['colcon_meta']
[2.799s] Level 1:colcon.colcon_core.package_identification:_identify(example/IOAccess/obj) by extension 'colcon_meta'
[2.799s] Level 1:colcon.colcon_core.package_identification:_identify(example/IOAccess/obj) by extensions ['ros']
[2.799s] Level 1:colcon.colcon_core.package_identification:_identify(example/IOAccess/obj) by extension 'ros'
[2.799s] Level 1:colcon.colcon_core.package_identification:_identify(example/IOAccess/obj) by extensions ['cmake', 'python']
[2.799s] Level 1:colcon.colcon_core.package_identification:_identify(example/IOAccess/obj) by extension 'cmake'
[2.799s] Level 1:colcon.colcon_core.package_identification:_identify(example/IOAccess/obj) by extension 'python'
[2.799s] Level 1:colcon.colcon_core.package_identification:_identify(example/IOAccess/obj) by extensions ['python_setup_py']
[2.799s] Level 1:colcon.colcon_core.package_identification:_identify(example/IOAccess/obj) by extension 'python_setup_py'
[2.800s] Level 1:colcon.colcon_core.package_identification:_identify(example/LBRClientTemplate) by extensions ['ignore', 'ignore_ament_install']
[2.800s] Level 1:colcon.colcon_core.package_identification:_identify(example/LBRClientTemplate) by extension 'ignore'
[2.800s] Level 1:colcon.colcon_core.package_identification:_identify(example/LBRClientTemplate) by extension 'ignore_ament_install'
[2.800s] Level 1:colcon.colcon_core.package_identification:_identify(example/LBRClientTemplate) by extensions ['colcon_pkg']
[2.800s] Level 1:colcon.colcon_core.package_identification:_identify(example/LBRClientTemplate) by extension 'colcon_pkg'
[2.800s] Level 1:colcon.colcon_core.package_identification:_identify(example/LBRClientTemplate) by extensions ['colcon_meta']
[2.800s] Level 1:colcon.colcon_core.package_identification:_identify(example/LBRClientTemplate) by extension 'colcon_meta'
[2.800s] Level 1:colcon.colcon_core.package_identification:_identify(example/LBRClientTemplate) by extensions ['ros']
[2.800s] Level 1:colcon.colcon_core.package_identification:_identify(example/LBRClientTemplate) by extension 'ros'
[2.800s] Level 1:colcon.colcon_core.package_identification:_identify(example/LBRClientTemplate) by extensions ['cmake', 'python']
[2.800s] Level 1:colcon.colcon_core.package_identification:_identify(example/LBRClientTemplate) by extension 'cmake'
[2.801s] Level 1:colcon.colcon_core.package_identification:_identify(example/LBRClientTemplate) by extension 'python'
[2.801s] Level 1:colcon.colcon_core.package_identification:_identify(example/LBRClientTemplate) by extensions ['python_setup_py']
[2.801s] Level 1:colcon.colcon_core.package_identification:_identify(example/LBRClientTemplate) by extension 'python_setup_py'
[2.801s] Level 1:colcon.colcon_core.package_identification:_identify(example/LBRClientTemplate/obj) by extensions ['ignore', 'ignore_ament_install']
[2.801s] Level 1:colcon.colcon_core.package_identification:_identify(example/LBRClientTemplate/obj) by extension 'ignore'
[2.801s] Level 1:colcon.colcon_core.package_identification:_identify(example/LBRClientTemplate/obj) by extension 'ignore_ament_install'
[2.801s] Level 1:colcon.colcon_core.package_identification:_identify(example/LBRClientTemplate/obj) by extensions ['colcon_pkg']
[2.801s] Level 1:colcon.colcon_core.package_identification:_identify(example/LBRClientTemplate/obj) by extension 'colcon_pkg'
[2.801s] Level 1:colcon.colcon_core.package_identification:_identify(example/LBRClientTemplate/obj) by extensions ['colcon_meta']
[2.801s] Level 1:colcon.colcon_core.package_identification:_identify(example/LBRClientTemplate/obj) by extension 'colcon_meta'
[2.802s] Level 1:colcon.colcon_core.package_identification:_identify(example/LBRClientTemplate/obj) by extensions ['ros']
[2.802s] Level 1:colcon.colcon_core.package_identification:_identify(example/LBRClientTemplate/obj) by extension 'ros'
[2.802s] Level 1:colcon.colcon_core.package_identification:_identify(example/LBRClientTemplate/obj) by extensions ['cmake', 'python']
[2.802s] Level 1:colcon.colcon_core.package_identification:_identify(example/LBRClientTemplate/obj) by extension 'cmake'
[2.802s] Level 1:colcon.colcon_core.package_identification:_identify(example/LBRClientTemplate/obj) by extension 'python'
[2.802s] Level 1:colcon.colcon_core.package_identification:_identify(example/LBRClientTemplate/obj) by extensions ['python_setup_py']
[2.802s] Level 1:colcon.colcon_core.package_identification:_identify(example/LBRClientTemplate/obj) by extension 'python_setup_py'
[2.802s] Level 1:colcon.colcon_core.package_identification:_identify(example/LBRJointSineOverlay) by extensions ['ignore', 'ignore_ament_install']
[2.802s] Level 1:colcon.colcon_core.package_identification:_identify(example/LBRJointSineOverlay) by extension 'ignore'
[2.803s] Level 1:colcon.colcon_core.package_identification:_identify(example/LBRJointSineOverlay) by extension 'ignore_ament_install'
[2.803s] Level 1:colcon.colcon_core.package_identification:_identify(example/LBRJointSineOverlay) by extensions ['colcon_pkg']
[2.803s] Level 1:colcon.colcon_core.package_identification:_identify(example/LBRJointSineOverlay) by extension 'colcon_pkg'
[2.803s] Level 1:colcon.colcon_core.package_identification:_identify(example/LBRJointSineOverlay) by extensions ['colcon_meta']
[2.803s] Level 1:colcon.colcon_core.package_identification:_identify(example/LBRJointSineOverlay) by extension 'colcon_meta'
[2.803s] Level 1:colcon.colcon_core.package_identification:_identify(example/LBRJointSineOverlay) by extensions ['ros']
[2.803s] Level 1:colcon.colcon_core.package_identification:_identify(example/LBRJointSineOverlay) by extension 'ros'
[2.803s] Level 1:colcon.colcon_core.package_identification:_identify(example/LBRJointSineOverlay) by extensions ['cmake', 'python']
[2.803s] Level 1:colcon.colcon_core.package_identification:_identify(example/LBRJointSineOverlay) by extension 'cmake'
[2.803s] Level 1:colcon.colcon_core.package_identification:_identify(example/LBRJointSineOverlay) by extension 'python'
[2.803s] Level 1:colcon.colcon_core.package_identification:_identify(example/LBRJointSineOverlay) by extensions ['python_setup_py']
[2.803s] Level 1:colcon.colcon_core.package_identification:_identify(example/LBRJointSineOverlay) by extension 'python_setup_py'
[2.804s] Level 1:colcon.colcon_core.package_identification:_identify(example/LBRJointSineOverlay/obj) by extensions ['ignore', 'ignore_ament_install']
[2.804s] Level 1:colcon.colcon_core.package_identification:_identify(example/LBRJointSineOverlay/obj) by extension 'ignore'
[2.804s] Level 1:colcon.colcon_core.package_identification:_identify(example/LBRJointSineOverlay/obj) by extension 'ignore_ament_install'
[2.804s] Level 1:colcon.colcon_core.package_identification:_identify(example/LBRJointSineOverlay/obj) by extensions ['colcon_pkg']
[2.804s] Level 1:colcon.colcon_core.package_identification:_identify(example/LBRJointSineOverlay/obj) by extension 'colcon_pkg'
[2.804s] Level 1:colcon.colcon_core.package_identification:_identify(example/LBRJointSineOverlay/obj) by extensions ['colcon_meta']
[2.804s] Level 1:colcon.colcon_core.package_identification:_identify(example/LBRJointSineOverlay/obj) by extension 'colcon_meta'
[2.804s] Level 1:colcon.colcon_core.package_identification:_identify(example/LBRJointSineOverlay/obj) by extensions ['ros']
[2.804s] Level 1:colcon.colcon_core.package_identification:_identify(example/LBRJointSineOverlay/obj) by extension 'ros'
[2.804s] Level 1:colcon.colcon_core.package_identification:_identify(example/LBRJointSineOverlay/obj) by extensions ['cmake', 'python']
[2.805s] Level 1:colcon.colcon_core.package_identification:_identify(example/LBRJointSineOverlay/obj) by extension 'cmake'
[2.805s] Level 1:colcon.colcon_core.package_identification:_identify(example/LBRJointSineOverlay/obj) by extension 'python'
[2.805s] Level 1:colcon.colcon_core.package_identification:_identify(example/LBRJointSineOverlay/obj) by extensions ['python_setup_py']
[2.805s] Level 1:colcon.colcon_core.package_identification:_identify(example/LBRJointSineOverlay/obj) by extension 'python_setup_py'
[2.805s] Level 1:colcon.colcon_core.package_identification:_identify(example/LBRTorqueSineOverlay) by extensions ['ignore', 'ignore_ament_install']
[2.805s] Level 1:colcon.colcon_core.package_identification:_identify(example/LBRTorqueSineOverlay) by extension 'ignore'
[2.805s] Level 1:colcon.colcon_core.package_identification:_identify(example/LBRTorqueSineOverlay) by extension 'ignore_ament_install'
[2.805s] Level 1:colcon.colcon_core.package_identification:_identify(example/LBRTorqueSineOverlay) by extensions ['colcon_pkg']
[2.805s] Level 1:colcon.colcon_core.package_identification:_identify(example/LBRTorqueSineOverlay) by extension 'colcon_pkg'
[2.805s] Level 1:colcon.colcon_core.package_identification:_identify(example/LBRTorqueSineOverlay) by extensions ['colcon_meta']
[2.805s] Level 1:colcon.colcon_core.package_identification:_identify(example/LBRTorqueSineOverlay) by extension 'colcon_meta'
[2.806s] Level 1:colcon.colcon_core.package_identification:_identify(example/LBRTorqueSineOverlay) by extensions ['ros']
[2.806s] Level 1:colcon.colcon_core.package_identification:_identify(example/LBRTorqueSineOverlay) by extension 'ros'
[2.806s] Level 1:colcon.colcon_core.package_identification:_identify(example/LBRTorqueSineOverlay) by extensions ['cmake', 'python']
[2.806s] Level 1:colcon.colcon_core.package_identification:_identify(example/LBRTorqueSineOverlay) by extension 'cmake'
[2.806s] Level 1:colcon.colcon_core.package_identification:_identify(example/LBRTorqueSineOverlay) by extension 'python'
[2.806s] Level 1:colcon.colcon_core.package_identification:_identify(example/LBRTorqueSineOverlay) by extensions ['python_setup_py']
[2.806s] Level 1:colcon.colcon_core.package_identification:_identify(example/LBRTorqueSineOverlay) by extension 'python_setup_py'
[2.806s] Level 1:colcon.colcon_core.package_identification:_identify(example/LBRTorqueSineOverlay/obj) by extensions ['ignore', 'ignore_ament_install']
[2.806s] Level 1:colcon.colcon_core.package_identification:_identify(example/LBRTorqueSineOverlay/obj) by extension 'ignore'
[2.806s] Level 1:colcon.colcon_core.package_identification:_identify(example/LBRTorqueSineOverlay/obj) by extension 'ignore_ament_install'
[2.806s] Level 1:colcon.colcon_core.package_identification:_identify(example/LBRTorqueSineOverlay/obj) by extensions ['colcon_pkg']
[2.807s] Level 1:colcon.colcon_core.package_identification:_identify(example/LBRTorqueSineOverlay/obj) by extension 'colcon_pkg'
[2.807s] Level 1:colcon.colcon_core.package_identification:_identify(example/LBRTorqueSineOverlay/obj) by extensions ['colcon_meta']
[2.807s] Level 1:colcon.colcon_core.package_identification:_identify(example/LBRTorqueSineOverlay/obj) by extension 'colcon_meta'
[2.807s] Level 1:colcon.colcon_core.package_identification:_identify(example/LBRTorqueSineOverlay/obj) by extensions ['ros']
[2.807s] Level 1:colcon.colcon_core.package_identification:_identify(example/LBRTorqueSineOverlay/obj) by extension 'ros'
[2.807s] Level 1:colcon.colcon_core.package_identification:_identify(example/LBRTorqueSineOverlay/obj) by extensions ['cmake', 'python']
[2.807s] Level 1:colcon.colcon_core.package_identification:_identify(example/LBRTorqueSineOverlay/obj) by extension 'cmake'
[2.807s] Level 1:colcon.colcon_core.package_identification:_identify(example/LBRTorqueSineOverlay/obj) by extension 'python'
[2.807s] Level 1:colcon.colcon_core.package_identification:_identify(example/LBRTorqueSineOverlay/obj) by extensions ['python_setup_py']
[2.807s] Level 1:colcon.colcon_core.package_identification:_identify(example/LBRTorqueSineOverlay/obj) by extension 'python_setup_py'
[2.807s] Level 1:colcon.colcon_core.package_identification:_identify(example/LBRWrenchSineOverlay) by extensions ['ignore', 'ignore_ament_install']
[2.807s] Level 1:colcon.colcon_core.package_identification:_identify(example/LBRWrenchSineOverlay) by extension 'ignore'
[2.808s] Level 1:colcon.colcon_core.package_identification:_identify(example/LBRWrenchSineOverlay) by extension 'ignore_ament_install'
[2.808s] Level 1:colcon.colcon_core.package_identification:_identify(example/LBRWrenchSineOverlay) by extensions ['colcon_pkg']
[2.808s] Level 1:colcon.colcon_core.package_identification:_identify(example/LBRWrenchSineOverlay) by extension 'colcon_pkg'
[2.808s] Level 1:colcon.colcon_core.package_identification:_identify(example/LBRWrenchSineOverlay) by extensions ['colcon_meta']
[2.808s] Level 1:colcon.colcon_core.package_identification:_identify(example/LBRWrenchSineOverlay) by extension 'colcon_meta'
[2.808s] Level 1:colcon.colcon_core.package_identification:_identify(example/LBRWrenchSineOverlay) by extensions ['ros']
[2.808s] Level 1:colcon.colcon_core.package_identification:_identify(example/LBRWrenchSineOverlay) by extension 'ros'
[2.808s] Level 1:colcon.colcon_core.package_identification:_identify(example/LBRWrenchSineOverlay) by extensions ['cmake', 'python']
[2.808s] Level 1:colcon.colcon_core.package_identification:_identify(example/LBRWrenchSineOverlay) by extension 'cmake'
[2.808s] Level 1:colcon.colcon_core.package_identification:_identify(example/LBRWrenchSineOverlay) by extension 'python'
[2.808s] Level 1:colcon.colcon_core.package_identification:_identify(example/LBRWrenchSineOverlay) by extensions ['python_setup_py']
[2.808s] Level 1:colcon.colcon_core.package_identification:_identify(example/LBRWrenchSineOverlay) by extension 'python_setup_py'
[2.808s] Level 1:colcon.colcon_core.package_identification:_identify(example/LBRWrenchSineOverlay/obj) by extensions ['ignore', 'ignore_ament_install']
[2.809s] Level 1:colcon.colcon_core.package_identification:_identify(example/LBRWrenchSineOverlay/obj) by extension 'ignore'
[2.809s] Level 1:colcon.colcon_core.package_identification:_identify(example/LBRWrenchSineOverlay/obj) by extension 'ignore_ament_install'
[2.809s] Level 1:colcon.colcon_core.package_identification:_identify(example/LBRWrenchSineOverlay/obj) by extensions ['colcon_pkg']
[2.809s] Level 1:colcon.colcon_core.package_identification:_identify(example/LBRWrenchSineOverlay/obj) by extension 'colcon_pkg'
[2.809s] Level 1:colcon.colcon_core.package_identification:_identify(example/LBRWrenchSineOverlay/obj) by extensions ['colcon_meta']
[2.809s] Level 1:colcon.colcon_core.package_identification:_identify(example/LBRWrenchSineOverlay/obj) by extension 'colcon_meta'
[2.809s] Level 1:colcon.colcon_core.package_identification:_identify(example/LBRWrenchSineOverlay/obj) by extensions ['ros']
[2.809s] Level 1:colcon.colcon_core.package_identification:_identify(example/LBRWrenchSineOverlay/obj) by extension 'ros'
[2.809s] Level 1:colcon.colcon_core.package_identification:_identify(example/LBRWrenchSineOverlay/obj) by extensions ['cmake', 'python']
[2.809s] Level 1:colcon.colcon_core.package_identification:_identify(example/LBRWrenchSineOverlay/obj) by extension 'cmake'
[2.809s] Level 1:colcon.colcon_core.package_identification:_identify(example/LBRWrenchSineOverlay/obj) by extension 'python'
[2.809s] Level 1:colcon.colcon_core.package_identification:_identify(example/LBRWrenchSineOverlay/obj) by extensions ['python_setup_py']
[2.810s] Level 1:colcon.colcon_core.package_identification:_identify(example/LBRWrenchSineOverlay/obj) by extension 'python_setup_py'
[2.810s] Level 1:colcon.colcon_core.package_identification:_identify(example/SimulatedTransformationProvider) by extensions ['ignore', 'ignore_ament_install']
[2.810s] Level 1:colcon.colcon_core.package_identification:_identify(example/SimulatedTransformationProvider) by extension 'ignore'
[2.810s] Level 1:colcon.colcon_core.package_identification:_identify(example/SimulatedTransformationProvider) by extension 'ignore_ament_install'
[2.810s] Level 1:colcon.colcon_core.package_identification:_identify(example/SimulatedTransformationProvider) by extensions ['colcon_pkg']
[2.810s] Level 1:colcon.colcon_core.package_identification:_identify(example/SimulatedTransformationProvider) by extension 'colcon_pkg'
[2.810s] Level 1:colcon.colcon_core.package_identification:_identify(example/SimulatedTransformationProvider) by extensions ['colcon_meta']
[2.810s] Level 1:colcon.colcon_core.package_identification:_identify(example/SimulatedTransformationProvider) by extension 'colcon_meta'
[2.810s] Level 1:colcon.colcon_core.package_identification:_identify(example/SimulatedTransformationProvider) by extensions ['ros']
[2.810s] Level 1:colcon.colcon_core.package_identification:_identify(example/SimulatedTransformationProvider) by extension 'ros'
[2.811s] Level 1:colcon.colcon_core.package_identification:_identify(example/SimulatedTransformationProvider) by extensions ['cmake', 'python']
[2.811s] Level 1:colcon.colcon_core.package_identification:_identify(example/SimulatedTransformationProvider) by extension 'cmake'
[2.811s] Level 1:colcon.colcon_core.package_identification:_identify(example/SimulatedTransformationProvider) by extension 'python'
[2.811s] Level 1:colcon.colcon_core.package_identification:_identify(example/SimulatedTransformationProvider) by extensions ['python_setup_py']
[2.811s] Level 1:colcon.colcon_core.package_identification:_identify(example/SimulatedTransformationProvider) by extension 'python_setup_py'
[2.811s] Level 1:colcon.colcon_core.package_identification:_identify(example/SimulatedTransformationProvider/obj) by extensions ['ignore', 'ignore_ament_install']
[2.811s] Level 1:colcon.colcon_core.package_identification:_identify(example/SimulatedTransformationProvider/obj) by extension 'ignore'
[2.811s] Level 1:colcon.colcon_core.package_identification:_identify(example/SimulatedTransformationProvider/obj) by extension 'ignore_ament_install'
[2.811s] Level 1:colcon.colcon_core.package_identification:_identify(example/SimulatedTransformationProvider/obj) by extensions ['colcon_pkg']
[2.811s] Level 1:colcon.colcon_core.package_identification:_identify(example/SimulatedTransformationProvider/obj) by extension 'colcon_pkg'
[2.811s] Level 1:colcon.colcon_core.package_identification:_identify(example/SimulatedTransformationProvider/obj) by extensions ['colcon_meta']
[2.811s] Level 1:colcon.colcon_core.package_identification:_identify(example/SimulatedTransformationProvider/obj) by extension 'colcon_meta'
[2.812s] Level 1:colcon.colcon_core.package_identification:_identify(example/SimulatedTransformationProvider/obj) by extensions ['ros']
[2.812s] Level 1:colcon.colcon_core.package_identification:_identify(example/SimulatedTransformationProvider/obj) by extension 'ros'
[2.812s] Level 1:colcon.colcon_core.package_identification:_identify(example/SimulatedTransformationProvider/obj) by extensions ['cmake', 'python']
[2.812s] Level 1:colcon.colcon_core.package_identification:_identify(example/SimulatedTransformationProvider/obj) by extension 'cmake'
[2.812s] Level 1:colcon.colcon_core.package_identification:_identify(example/SimulatedTransformationProvider/obj) by extension 'python'
[2.812s] Level 1:colcon.colcon_core.package_identification:_identify(example/SimulatedTransformationProvider/obj) by extensions ['python_setup_py']
[2.812s] Level 1:colcon.colcon_core.package_identification:_identify(example/SimulatedTransformationProvider/obj) by extension 'python_setup_py'
[2.812s] Level 1:colcon.colcon_core.package_identification:_identify(example/TransformationProvider) by extensions ['ignore', 'ignore_ament_install']
[2.812s] Level 1:colcon.colcon_core.package_identification:_identify(example/TransformationProvider) by extension 'ignore'
[2.812s] Level 1:colcon.colcon_core.package_identification:_identify(example/TransformationProvider) by extension 'ignore_ament_install'
[2.812s] Level 1:colcon.colcon_core.package_identification:_identify(example/TransformationProvider) by extensions ['colcon_pkg']
[2.812s] Level 1:colcon.colcon_core.package_identification:_identify(example/TransformationProvider) by extension 'colcon_pkg'
[2.813s] Level 1:colcon.colcon_core.package_identification:_identify(example/TransformationProvider) by extensions ['colcon_meta']
[2.813s] Level 1:colcon.colcon_core.package_identification:_identify(example/TransformationProvider) by extension 'colcon_meta'
[2.813s] Level 1:colcon.colcon_core.package_identification:_identify(example/TransformationProvider) by extensions ['ros']
[2.813s] Level 1:colcon.colcon_core.package_identification:_identify(example/TransformationProvider) by extension 'ros'
[2.813s] Level 1:colcon.colcon_core.package_identification:_identify(example/TransformationProvider) by extensions ['cmake', 'python']
[2.813s] Level 1:colcon.colcon_core.package_identification:_identify(example/TransformationProvider) by extension 'cmake'
[2.813s] Level 1:colcon.colcon_core.package_identification:_identify(example/TransformationProvider) by extension 'python'
[2.813s] Level 1:colcon.colcon_core.package_identification:_identify(example/TransformationProvider) by extensions ['python_setup_py']
[2.813s] Level 1:colcon.colcon_core.package_identification:_identify(example/TransformationProvider) by extension 'python_setup_py'
[2.813s] Level 1:colcon.colcon_core.package_identification:_identify(example/TransformationProvider/obj) by extensions ['ignore', 'ignore_ament_install']
[2.813s] Level 1:colcon.colcon_core.package_identification:_identify(example/TransformationProvider/obj) by extension 'ignore'
[2.813s] Level 1:colcon.colcon_core.package_identification:_identify(example/TransformationProvider/obj) by extension 'ignore_ament_install'
[2.814s] Level 1:colcon.colcon_core.package_identification:_identify(example/TransformationProvider/obj) by extensions ['colcon_pkg']
[2.814s] Level 1:colcon.colcon_core.package_identification:_identify(example/TransformationProvider/obj) by extension 'colcon_pkg'
[2.814s] Level 1:colcon.colcon_core.package_identification:_identify(example/TransformationProvider/obj) by extensions ['colcon_meta']
[2.814s] Level 1:colcon.colcon_core.package_identification:_identify(example/TransformationProvider/obj) by extension 'colcon_meta'
[2.814s] Level 1:colcon.colcon_core.package_identification:_identify(example/TransformationProvider/obj) by extensions ['ros']
[2.814s] Level 1:colcon.colcon_core.package_identification:_identify(example/TransformationProvider/obj) by extension 'ros'
[2.814s] Level 1:colcon.colcon_core.package_identification:_identify(example/TransformationProvider/obj) by extensions ['cmake', 'python']
[2.814s] Level 1:colcon.colcon_core.package_identification:_identify(example/TransformationProvider/obj) by extension 'cmake'
[2.814s] Level 1:colcon.colcon_core.package_identification:_identify(example/TransformationProvider/obj) by extension 'python'
[2.814s] Level 1:colcon.colcon_core.package_identification:_identify(example/TransformationProvider/obj) by extensions ['python_setup_py']
[2.814s] Level 1:colcon.colcon_core.package_identification:_identify(example/TransformationProvider/obj) by extension 'python_setup_py'
[2.814s] Level 1:colcon.colcon_core.package_identification:_identify(include) by extensions ['ignore', 'ignore_ament_install']
[2.815s] Level 1:colcon.colcon_core.package_identification:_identify(include) by extension 'ignore'
[2.815s] Level 1:colcon.colcon_core.package_identification:_identify(include) by extension 'ignore_ament_install'
[2.815s] Level 1:colcon.colcon_core.package_identification:_identify(include) by extensions ['colcon_pkg']
[2.815s] Level 1:colcon.colcon_core.package_identification:_identify(include) by extension 'colcon_pkg'
[2.815s] Level 1:colcon.colcon_core.package_identification:_identify(include) by extensions ['colcon_meta']
[2.815s] Level 1:colcon.colcon_core.package_identification:_identify(include) by extension 'colcon_meta'
[2.815s] Level 1:colcon.colcon_core.package_identification:_identify(include) by extensions ['ros']
[2.815s] Level 1:colcon.colcon_core.package_identification:_identify(include) by extension 'ros'
[2.815s] Level 1:colcon.colcon_core.package_identification:_identify(include) by extensions ['cmake', 'python']
[2.815s] Level 1:colcon.colcon_core.package_identification:_identify(include) by extension 'cmake'
[2.815s] Level 1:colcon.colcon_core.package_identification:_identify(include) by extension 'python'
[2.815s] Level 1:colcon.colcon_core.package_identification:_identify(include) by extensions ['python_setup_py']
[2.815s] Level 1:colcon.colcon_core.package_identification:_identify(include) by extension 'python_setup_py'
[2.816s] Level 1:colcon.colcon_core.package_identification:_identify(lib) by extensions ['ignore', 'ignore_ament_install']
[2.816s] Level 1:colcon.colcon_core.package_identification:_identify(lib) by extension 'ignore'
[2.816s] Level 1:colcon.colcon_core.package_identification:_identify(lib) by extension 'ignore_ament_install'
[2.816s] Level 1:colcon.colcon_core.package_identification:_identify(lib) by extensions ['colcon_pkg']
[2.816s] Level 1:colcon.colcon_core.package_identification:_identify(lib) by extension 'colcon_pkg'
[2.816s] Level 1:colcon.colcon_core.package_identification:_identify(lib) by extensions ['colcon_meta']
[2.816s] Level 1:colcon.colcon_core.package_identification:_identify(lib) by extension 'colcon_meta'
[2.816s] Level 1:colcon.colcon_core.package_identification:_identify(lib) by extensions ['ros']
[2.816s] Level 1:colcon.colcon_core.package_identification:_identify(lib) by extension 'ros'
[2.816s] Level 1:colcon.colcon_core.package_identification:_identify(lib) by extensions ['cmake', 'python']
[2.816s] Level 1:colcon.colcon_core.package_identification:_identify(lib) by extension 'cmake'
[2.816s] Level 1:colcon.colcon_core.package_identification:_identify(lib) by extension 'python'
[2.817s] Level 1:colcon.colcon_core.package_identification:_identify(lib) by extensions ['python_setup_py']
[2.817s] Level 1:colcon.colcon_core.package_identification:_identify(lib) by extension 'python_setup_py'
[2.817s] Level 1:colcon.colcon_core.package_identification:_identify(log) by extensions ['ignore', 'ignore_ament_install']
[2.817s] Level 1:colcon.colcon_core.package_identification:_identify(log) by extension 'ignore'
[2.817s] Level 1:colcon.colcon_core.package_identification:_identify(log) ignored
[2.817s] Level 1:colcon.colcon_core.package_identification:_identify(src) by extensions ['ignore', 'ignore_ament_install']
[2.817s] Level 1:colcon.colcon_core.package_identification:_identify(src) by extension 'ignore'
[2.817s] Level 1:colcon.colcon_core.package_identification:_identify(src) by extension 'ignore_ament_install'
[2.818s] Level 1:colcon.colcon_core.package_identification:_identify(src) by extensions ['colcon_pkg']
[2.818s] Level 1:colcon.colcon_core.package_identification:_identify(src) by extension 'colcon_pkg'
[2.818s] Level 1:colcon.colcon_core.package_identification:_identify(src) by extensions ['colcon_meta']
[2.818s] Level 1:colcon.colcon_core.package_identification:_identify(src) by extension 'colcon_meta'
[2.818s] Level 1:colcon.colcon_core.package_identification:_identify(src) by extensions ['ros']
[2.818s] Level 1:colcon.colcon_core.package_identification:_identify(src) by extension 'ros'
[2.818s] Level 1:colcon.colcon_core.package_identification:_identify(src) by extensions ['cmake', 'python']
[2.818s] Level 1:colcon.colcon_core.package_identification:_identify(src) by extension 'cmake'
[2.818s] Level 1:colcon.colcon_core.package_identification:_identify(src) by extension 'python'
[2.818s] Level 1:colcon.colcon_core.package_identification:_identify(src) by extensions ['python_setup_py']
[2.818s] Level 1:colcon.colcon_core.package_identification:_identify(src) by extension 'python_setup_py'
[2.818s] Level 1:colcon.colcon_core.package_identification:_identify(src/base) by extensions ['ignore', 'ignore_ament_install']
[2.819s] Level 1:colcon.colcon_core.package_identification:_identify(src/base) by extension 'ignore'
[2.819s] Level 1:colcon.colcon_core.package_identification:_identify(src/base) by extension 'ignore_ament_install'
[2.819s] Level 1:colcon.colcon_core.package_identification:_identify(src/base) by extensions ['colcon_pkg']
[2.819s] Level 1:colcon.colcon_core.package_identification:_identify(src/base) by extension 'colcon_pkg'
[2.819s] Level 1:colcon.colcon_core.package_identification:_identify(src/base) by extensions ['colcon_meta']
[2.819s] Level 1:colcon.colcon_core.package_identification:_identify(src/base) by extension 'colcon_meta'
[2.819s] Level 1:colcon.colcon_core.package_identification:_identify(src/base) by extensions ['ros']
[2.819s] Level 1:colcon.colcon_core.package_identification:_identify(src/base) by extension 'ros'
[2.819s] Level 1:colcon.colcon_core.package_identification:_identify(src/base) by extensions ['cmake', 'python']
[2.819s] Level 1:colcon.colcon_core.package_identification:_identify(src/base) by extension 'cmake'
[2.820s] Level 1:colcon.colcon_core.package_identification:_identify(src/base) by extension 'python'
[2.820s] Level 1:colcon.colcon_core.package_identification:_identify(src/base) by extensions ['python_setup_py']
[2.820s] Level 1:colcon.colcon_core.package_identification:_identify(src/base) by extension 'python_setup_py'
[2.820s] Level 1:colcon.colcon_core.package_identification:_identify(src/base/obj) by extensions ['ignore', 'ignore_ament_install']
[2.820s] Level 1:colcon.colcon_core.package_identification:_identify(src/base/obj) by extension 'ignore'
[2.820s] Level 1:colcon.colcon_core.package_identification:_identify(src/base/obj) by extension 'ignore_ament_install'
[2.820s] Level 1:colcon.colcon_core.package_identification:_identify(src/base/obj) by extensions ['colcon_pkg']
[2.820s] Level 1:colcon.colcon_core.package_identification:_identify(src/base/obj) by extension 'colcon_pkg'
[2.820s] Level 1:colcon.colcon_core.package_identification:_identify(src/base/obj) by extensions ['colcon_meta']
[2.820s] Level 1:colcon.colcon_core.package_identification:_identify(src/base/obj) by extension 'colcon_meta'
[2.821s] Level 1:colcon.colcon_core.package_identification:_identify(src/base/obj) by extensions ['ros']
[2.821s] Level 1:colcon.colcon_core.package_identification:_identify(src/base/obj) by extension 'ros'
[2.821s] Level 1:colcon.colcon_core.package_identification:_identify(src/base/obj) by extensions ['cmake', 'python']
[2.821s] Level 1:colcon.colcon_core.package_identification:_identify(src/base/obj) by extension 'cmake'
[2.821s] Level 1:colcon.colcon_core.package_identification:_identify(src/base/obj) by extension 'python'
[2.821s] Level 1:colcon.colcon_core.package_identification:_identify(src/base/obj) by extensions ['python_setup_py']
[2.821s] Level 1:colcon.colcon_core.package_identification:_identify(src/base/obj) by extension 'python_setup_py'
[2.821s] Level 1:colcon.colcon_core.package_identification:_identify(src/client_lbr) by extensions ['ignore', 'ignore_ament_install']
[2.821s] Level 1:colcon.colcon_core.package_identification:_identify(src/client_lbr) by extension 'ignore'
[2.822s] Level 1:colcon.colcon_core.package_identification:_identify(src/client_lbr) by extension 'ignore_ament_install'
[2.822s] Level 1:colcon.colcon_core.package_identification:_identify(src/client_lbr) by extensions ['colcon_pkg']
[2.822s] Level 1:colcon.colcon_core.package_identification:_identify(src/client_lbr) by extension 'colcon_pkg'
[2.822s] Level 1:colcon.colcon_core.package_identification:_identify(src/client_lbr) by extensions ['colcon_meta']
[2.822s] Level 1:colcon.colcon_core.package_identification:_identify(src/client_lbr) by extension 'colcon_meta'
[2.822s] Level 1:colcon.colcon_core.package_identification:_identify(src/client_lbr) by extensions ['ros']
[2.822s] Level 1:colcon.colcon_core.package_identification:_identify(src/client_lbr) by extension 'ros'
[2.822s] Level 1:colcon.colcon_core.package_identification:_identify(src/client_lbr) by extensions ['cmake', 'python']
[2.822s] Level 1:colcon.colcon_core.package_identification:_identify(src/client_lbr) by extension 'cmake'
[2.822s] Level 1:colcon.colcon_core.package_identification:_identify(src/client_lbr) by extension 'python'
[2.822s] Level 1:colcon.colcon_core.package_identification:_identify(src/client_lbr) by extensions ['python_setup_py']
[2.823s] Level 1:colcon.colcon_core.package_identification:_identify(src/client_lbr) by extension 'python_setup_py'
[2.823s] Level 1:colcon.colcon_core.package_identification:_identify(src/client_lbr/obj) by extensions ['ignore', 'ignore_ament_install']
[2.823s] Level 1:colcon.colcon_core.package_identification:_identify(src/client_lbr/obj) by extension 'ignore'
[2.823s] Level 1:colcon.colcon_core.package_identification:_identify(src/client_lbr/obj) by extension 'ignore_ament_install'
[2.823s] Level 1:colcon.colcon_core.package_identification:_identify(src/client_lbr/obj) by extensions ['colcon_pkg']
[2.823s] Level 1:colcon.colcon_core.package_identification:_identify(src/client_lbr/obj) by extension 'colcon_pkg'
[2.823s] Level 1:colcon.colcon_core.package_identification:_identify(src/client_lbr/obj) by extensions ['colcon_meta']
[2.823s] Level 1:colcon.colcon_core.package_identification:_identify(src/client_lbr/obj) by extension 'colcon_meta'
[2.823s] Level 1:colcon.colcon_core.package_identification:_identify(src/client_lbr/obj) by extensions ['ros']
[2.824s] Level 1:colcon.colcon_core.package_identification:_identify(src/client_lbr/obj) by extension 'ros'
[2.824s] Level 1:colcon.colcon_core.package_identification:_identify(src/client_lbr/obj) by extensions ['cmake', 'python']
[2.824s] Level 1:colcon.colcon_core.package_identification:_identify(src/client_lbr/obj) by extension 'cmake'
[2.824s] Level 1:colcon.colcon_core.package_identification:_identify(src/client_lbr/obj) by extension 'python'
[2.824s] Level 1:colcon.colcon_core.package_identification:_identify(src/client_lbr/obj) by extensions ['python_setup_py']
[2.824s] Level 1:colcon.colcon_core.package_identification:_identify(src/client_lbr/obj) by extension 'python_setup_py'
[2.824s] Level 1:colcon.colcon_core.package_identification:_identify(src/client_trafo) by extensions ['ignore', 'ignore_ament_install']
[2.824s] Level 1:colcon.colcon_core.package_identification:_identify(src/client_trafo) by extension 'ignore'
[2.824s] Level 1:colcon.colcon_core.package_identification:_identify(src/client_trafo) by extension 'ignore_ament_install'
[2.825s] Level 1:colcon.colcon_core.package_identification:_identify(src/client_trafo) by extensions ['colcon_pkg']
[2.825s] Level 1:colcon.colcon_core.package_identification:_identify(src/client_trafo) by extension 'colcon_pkg'
[2.825s] Level 1:colcon.colcon_core.package_identification:_identify(src/client_trafo) by extensions ['colcon_meta']
[2.825s] Level 1:colcon.colcon_core.package_identification:_identify(src/client_trafo) by extension 'colcon_meta'
[2.825s] Level 1:colcon.colcon_core.package_identification:_identify(src/client_trafo) by extensions ['ros']
[2.825s] Level 1:colcon.colcon_core.package_identification:_identify(src/client_trafo) by extension 'ros'
[2.825s] Level 1:colcon.colcon_core.package_identification:_identify(src/client_trafo) by extensions ['cmake', 'python']
[2.825s] Level 1:colcon.colcon_core.package_identification:_identify(src/client_trafo) by extension 'cmake'
[2.825s] Level 1:colcon.colcon_core.package_identification:_identify(src/client_trafo) by extension 'python'
[2.825s] Level 1:colcon.colcon_core.package_identification:_identify(src/client_trafo) by extensions ['python_setup_py']
[2.825s] Level 1:colcon.colcon_core.package_identification:_identify(src/client_trafo) by extension 'python_setup_py'
[2.826s] Level 1:colcon.colcon_core.package_identification:_identify(src/client_trafo/obj) by extensions ['ignore', 'ignore_ament_install']
[2.826s] Level 1:colcon.colcon_core.package_identification:_identify(src/client_trafo/obj) by extension 'ignore'
[2.826s] Level 1:colcon.colcon_core.package_identification:_identify(src/client_trafo/obj) by extension 'ignore_ament_install'
[2.826s] Level 1:colcon.colcon_core.package_identification:_identify(src/client_trafo/obj) by extensions ['colcon_pkg']
[2.826s] Level 1:colcon.colcon_core.package_identification:_identify(src/client_trafo/obj) by extension 'colcon_pkg'
[2.826s] Level 1:colcon.colcon_core.package_identification:_identify(src/client_trafo/obj) by extensions ['colcon_meta']
[2.826s] Level 1:colcon.colcon_core.package_identification:_identify(src/client_trafo/obj) by extension 'colcon_meta'
[2.826s] Level 1:colcon.colcon_core.package_identification:_identify(src/client_trafo/obj) by extensions ['ros']
[2.826s] Level 1:colcon.colcon_core.package_identification:_identify(src/client_trafo/obj) by extension 'ros'
[2.826s] Level 1:colcon.colcon_core.package_identification:_identify(src/client_trafo/obj) by extensions ['cmake', 'python']
[2.827s] Level 1:colcon.colcon_core.package_identification:_identify(src/client_trafo/obj) by extension 'cmake'
[2.827s] Level 1:colcon.colcon_core.package_identification:_identify(src/client_trafo/obj) by extension 'python'
[2.827s] Level 1:colcon.colcon_core.package_identification:_identify(src/client_trafo/obj) by extensions ['python_setup_py']
[2.827s] Level 1:colcon.colcon_core.package_identification:_identify(src/client_trafo/obj) by extension 'python_setup_py'
[2.827s] Level 1:colcon.colcon_core.package_identification:_identify(src/connection) by extensions ['ignore', 'ignore_ament_install']
[2.827s] Level 1:colcon.colcon_core.package_identification:_identify(src/connection) by extension 'ignore'
[2.827s] Level 1:colcon.colcon_core.package_identification:_identify(src/connection) by extension 'ignore_ament_install'
[2.827s] Level 1:colcon.colcon_core.package_identification:_identify(src/connection) by extensions ['colcon_pkg']
[2.827s] Level 1:colcon.colcon_core.package_identification:_identify(src/connection) by extension 'colcon_pkg'
[2.827s] Level 1:colcon.colcon_core.package_identification:_identify(src/connection) by extensions ['colcon_meta']
[2.828s] Level 1:colcon.colcon_core.package_identification:_identify(src/connection) by extension 'colcon_meta'
[2.828s] Level 1:colcon.colcon_core.package_identification:_identify(src/connection) by extensions ['ros']
[2.828s] Level 1:colcon.colcon_core.package_identification:_identify(src/connection) by extension 'ros'
[2.828s] Level 1:colcon.colcon_core.package_identification:_identify(src/connection) by extensions ['cmake', 'python']
[2.828s] Level 1:colcon.colcon_core.package_identification:_identify(src/connection) by extension 'cmake'
[2.828s] Level 1:colcon.colcon_core.package_identification:_identify(src/connection) by extension 'python'
[2.828s] Level 1:colcon.colcon_core.package_identification:_identify(src/connection) by extensions ['python_setup_py']
[2.828s] Level 1:colcon.colcon_core.package_identification:_identify(src/connection) by extension 'python_setup_py'
[2.828s] Level 1:colcon.colcon_core.package_identification:_identify(src/connection/obj) by extensions ['ignore', 'ignore_ament_install']
[2.828s] Level 1:colcon.colcon_core.package_identification:_identify(src/connection/obj) by extension 'ignore'
[2.829s] Level 1:colcon.colcon_core.package_identification:_identify(src/connection/obj) by extension 'ignore_ament_install'
[2.829s] Level 1:colcon.colcon_core.package_identification:_identify(src/connection/obj) by extensions ['colcon_pkg']
[2.829s] Level 1:colcon.colcon_core.package_identification:_identify(src/connection/obj) by extension 'colcon_pkg'
[2.829s] Level 1:colcon.colcon_core.package_identification:_identify(src/connection/obj) by extensions ['colcon_meta']
[2.829s] Level 1:colcon.colcon_core.package_identification:_identify(src/connection/obj) by extension 'colcon_meta'
[2.829s] Level 1:colcon.colcon_core.package_identification:_identify(src/connection/obj) by extensions ['ros']
[2.829s] Level 1:colcon.colcon_core.package_identification:_identify(src/connection/obj) by extension 'ros'
[2.829s] Level 1:colcon.colcon_core.package_identification:_identify(src/connection/obj) by extensions ['cmake', 'python']
[2.829s] Level 1:colcon.colcon_core.package_identification:_identify(src/connection/obj) by extension 'cmake'
[2.829s] Level 1:colcon.colcon_core.package_identification:_identify(src/connection/obj) by extension 'python'
[2.829s] Level 1:colcon.colcon_core.package_identification:_identify(src/connection/obj) by extensions ['python_setup_py']
[2.829s] Level 1:colcon.colcon_core.package_identification:_identify(src/connection/obj) by extension 'python_setup_py'
[2.829s] Level 1:colcon.colcon_core.package_identification:_identify(src/nanopb-0.2.8) by extensions ['ignore', 'ignore_ament_install']
[2.830s] Level 1:colcon.colcon_core.package_identification:_identify(src/nanopb-0.2.8) by extension 'ignore'
[2.830s] Level 1:colcon.colcon_core.package_identification:_identify(src/nanopb-0.2.8) by extension 'ignore_ament_install'
[2.830s] Level 1:colcon.colcon_core.package_identification:_identify(src/nanopb-0.2.8) by extensions ['colcon_pkg']
[2.830s] Level 1:colcon.colcon_core.package_identification:_identify(src/nanopb-0.2.8) by extension 'colcon_pkg'
[2.830s] Level 1:colcon.colcon_core.package_identification:_identify(src/nanopb-0.2.8) by extensions ['colcon_meta']
[2.830s] Level 1:colcon.colcon_core.package_identification:_identify(src/nanopb-0.2.8) by extension 'colcon_meta'
[2.830s] Level 1:colcon.colcon_core.package_identification:_identify(src/nanopb-0.2.8) by extensions ['ros']
[2.830s] Level 1:colcon.colcon_core.package_identification:_identify(src/nanopb-0.2.8) by extension 'ros'
[2.830s] Level 1:colcon.colcon_core.package_identification:_identify(src/nanopb-0.2.8) by extensions ['cmake', 'python']
[2.830s] Level 1:colcon.colcon_core.package_identification:_identify(src/nanopb-0.2.8) by extension 'cmake'
[2.830s] Level 1:colcon.colcon_core.package_identification:_identify(src/nanopb-0.2.8) by extension 'python'
[2.830s] Level 1:colcon.colcon_core.package_identification:_identify(src/nanopb-0.2.8) by extensions ['python_setup_py']
[2.830s] Level 1:colcon.colcon_core.package_identification:_identify(src/nanopb-0.2.8) by extension 'python_setup_py'
[2.831s] Level 1:colcon.colcon_core.package_identification:_identify(src/nanopb-0.2.8/obj) by extensions ['ignore', 'ignore_ament_install']
[2.831s] Level 1:colcon.colcon_core.package_identification:_identify(src/nanopb-0.2.8/obj) by extension 'ignore'
[2.831s] Level 1:colcon.colcon_core.package_identification:_identify(src/nanopb-0.2.8/obj) by extension 'ignore_ament_install'
[2.831s] Level 1:colcon.colcon_core.package_identification:_identify(src/nanopb-0.2.8/obj) by extensions ['colcon_pkg']
[2.831s] Level 1:colcon.colcon_core.package_identification:_identify(src/nanopb-0.2.8/obj) by extension 'colcon_pkg'
[2.831s] Level 1:colcon.colcon_core.package_identification:_identify(src/nanopb-0.2.8/obj) by extensions ['colcon_meta']
[2.831s] Level 1:colcon.colcon_core.package_identification:_identify(src/nanopb-0.2.8/obj) by extension 'colcon_meta'
[2.831s] Level 1:colcon.colcon_core.package_identification:_identify(src/nanopb-0.2.8/obj) by extensions ['ros']
[2.831s] Level 1:colcon.colcon_core.package_identification:_identify(src/nanopb-0.2.8/obj) by extension 'ros'
[2.831s] Level 1:colcon.colcon_core.package_identification:_identify(src/nanopb-0.2.8/obj) by extensions ['cmake', 'python']
[2.831s] Level 1:colcon.colcon_core.package_identification:_identify(src/nanopb-0.2.8/obj) by extension 'cmake'
[2.832s] Level 1:colcon.colcon_core.package_identification:_identify(src/nanopb-0.2.8/obj) by extension 'python'
[2.832s] Level 1:colcon.colcon_core.package_identification:_identify(src/nanopb-0.2.8/obj) by extensions ['python_setup_py']
[2.832s] Level 1:colcon.colcon_core.package_identification:_identify(src/nanopb-0.2.8/obj) by extension 'python_setup_py'
[2.832s] Level 1:colcon.colcon_core.package_identification:_identify(src/protobuf) by extensions ['ignore', 'ignore_ament_install']
[2.832s] Level 1:colcon.colcon_core.package_identification:_identify(src/protobuf) by extension 'ignore'
[2.832s] Level 1:colcon.colcon_core.package_identification:_identify(src/protobuf) by extension 'ignore_ament_install'
[2.832s] Level 1:colcon.colcon_core.package_identification:_identify(src/protobuf) by extensions ['colcon_pkg']
[2.832s] Level 1:colcon.colcon_core.package_identification:_identify(src/protobuf) by extension 'colcon_pkg'
[2.832s] Level 1:colcon.colcon_core.package_identification:_identify(src/protobuf) by extensions ['colcon_meta']
[2.832s] Level 1:colcon.colcon_core.package_identification:_identify(src/protobuf) by extension 'colcon_meta'
[2.832s] Level 1:colcon.colcon_core.package_identification:_identify(src/protobuf) by extensions ['ros']
[2.832s] Level 1:colcon.colcon_core.package_identification:_identify(src/protobuf) by extension 'ros'
[2.833s] Level 1:colcon.colcon_core.package_identification:_identify(src/protobuf) by extensions ['cmake', 'python']
[2.833s] Level 1:colcon.colcon_core.package_identification:_identify(src/protobuf) by extension 'cmake'
[2.833s] Level 1:colcon.colcon_core.package_identification:_identify(src/protobuf) by extension 'python'
[2.833s] Level 1:colcon.colcon_core.package_identification:_identify(src/protobuf) by extensions ['python_setup_py']
[2.833s] Level 1:colcon.colcon_core.package_identification:_identify(src/protobuf) by extension 'python_setup_py'
[2.833s] Level 1:colcon.colcon_core.package_identification:_identify(src/protobuf/obj) by extensions ['ignore', 'ignore_ament_install']
[2.833s] Level 1:colcon.colcon_core.package_identification:_identify(src/protobuf/obj) by extension 'ignore'
[2.833s] Level 1:colcon.colcon_core.package_identification:_identify(src/protobuf/obj) by extension 'ignore_ament_install'
[2.833s] Level 1:colcon.colcon_core.package_identification:_identify(src/protobuf/obj) by extensions ['colcon_pkg']
[2.833s] Level 1:colcon.colcon_core.package_identification:_identify(src/protobuf/obj) by extension 'colcon_pkg'
[2.833s] Level 1:colcon.colcon_core.package_identification:_identify(src/protobuf/obj) by extensions ['colcon_meta']
[2.834s] Level 1:colcon.colcon_core.package_identification:_identify(src/protobuf/obj) by extension 'colcon_meta'
[2.834s] Level 1:colcon.colcon_core.package_identification:_identify(src/protobuf/obj) by extensions ['ros']
[2.834s] Level 1:colcon.colcon_core.package_identification:_identify(src/protobuf/obj) by extension 'ros'
[2.834s] Level 1:colcon.colcon_core.package_identification:_identify(src/protobuf/obj) by extensions ['cmake', 'python']
[2.834s] Level 1:colcon.colcon_core.package_identification:_identify(src/protobuf/obj) by extension 'cmake'
[2.834s] Level 1:colcon.colcon_core.package_identification:_identify(src/protobuf/obj) by extension 'python'
[2.834s] Level 1:colcon.colcon_core.package_identification:_identify(src/protobuf/obj) by extensions ['python_setup_py']
[2.834s] Level 1:colcon.colcon_core.package_identification:_identify(src/protobuf/obj) by extension 'python_setup_py'
[2.834s] Level 1:colcon.colcon_core.package_identification:_identify(src/protobuf_gen) by extensions ['ignore', 'ignore_ament_install']
[2.834s] Level 1:colcon.colcon_core.package_identification:_identify(src/protobuf_gen) by extension 'ignore'
[2.834s] Level 1:colcon.colcon_core.package_identification:_identify(src/protobuf_gen) by extension 'ignore_ament_install'
[2.835s] Level 1:colcon.colcon_core.package_identification:_identify(src/protobuf_gen) by extensions ['colcon_pkg']
[2.835s] Level 1:colcon.colcon_core.package_identification:_identify(src/protobuf_gen) by extension 'colcon_pkg'
[2.835s] Level 1:colcon.colcon_core.package_identification:_identify(src/protobuf_gen) by extensions ['colcon_meta']
[2.835s] Level 1:colcon.colcon_core.package_identification:_identify(src/protobuf_gen) by extension 'colcon_meta'
[2.835s] Level 1:colcon.colcon_core.package_identification:_identify(src/protobuf_gen) by extensions ['ros']
[2.835s] Level 1:colcon.colcon_core.package_identification:_identify(src/protobuf_gen) by extension 'ros'
[2.835s] Level 1:colcon.colcon_core.package_identification:_identify(src/protobuf_gen) by extensions ['cmake', 'python']
[2.835s] Level 1:colcon.colcon_core.package_identification:_identify(src/protobuf_gen) by extension 'cmake'
[2.835s] Level 1:colcon.colcon_core.package_identification:_identify(src/protobuf_gen) by extension 'python'
[2.835s] Level 1:colcon.colcon_core.package_identification:_identify(src/protobuf_gen) by extensions ['python_setup_py']
[2.835s] Level 1:colcon.colcon_core.package_identification:_identify(src/protobuf_gen) by extension 'python_setup_py'
[2.836s] Level 1:colcon.colcon_core.package_identification:_identify(src/protobuf_gen/obj) by extensions ['ignore', 'ignore_ament_install']
[2.836s] Level 1:colcon.colcon_core.package_identification:_identify(src/protobuf_gen/obj) by extension 'ignore'
[2.836s] Level 1:colcon.colcon_core.package_identification:_identify(src/protobuf_gen/obj) by extension 'ignore_ament_install'
[2.836s] Level 1:colcon.colcon_core.package_identification:_identify(src/protobuf_gen/obj) by extensions ['colcon_pkg']
[2.836s] Level 1:colcon.colcon_core.package_identification:_identify(src/protobuf_gen/obj) by extension 'colcon_pkg'
[2.836s] Level 1:colcon.colcon_core.package_identification:_identify(src/protobuf_gen/obj) by extensions ['colcon_meta']
[2.836s] Level 1:colcon.colcon_core.package_identification:_identify(src/protobuf_gen/obj) by extension 'colcon_meta'
[2.836s] Level 1:colcon.colcon_core.package_identification:_identify(src/protobuf_gen/obj) by extensions ['ros']
[2.836s] Level 1:colcon.colcon_core.package_identification:_identify(src/protobuf_gen/obj) by extension 'ros'
[2.836s] Level 1:colcon.colcon_core.package_identification:_identify(src/protobuf_gen/obj) by extensions ['cmake', 'python']
[2.836s] Level 1:colcon.colcon_core.package_identification:_identify(src/protobuf_gen/obj) by extension 'cmake'
[2.836s] Level 1:colcon.colcon_core.package_identification:_identify(src/protobuf_gen/obj) by extension 'python'
[2.837s] Level 1:colcon.colcon_core.package_identification:_identify(src/protobuf_gen/obj) by extensions ['python_setup_py']
[2.837s] Level 1:colcon.colcon_core.package_identification:_identify(src/protobuf_gen/obj) by extension 'python_setup_py'
[2.837s] Level 1:colcon.colcon_core.package_discovery:discover_packages(recursive) using defaults
[2.837s] Level 1:colcon.colcon_core.package_discovery:discover_packages(ignore) discover
[2.837s] Level 1:colcon.colcon_core.package_discovery:discover_packages(ignore) using defaults
[2.837s] Level 1:colcon.colcon_core.package_discovery:discover_packages(path) discover
[2.837s] Level 1:colcon.colcon_core.package_discovery:discover_packages(path) using defaults
