[0.953s] DEBUG:colcon:Command line arguments: ['/usr/bin/colcon', 'list', '-n']
[0.953s] DEBUG:colcon:Parsed command line arguments: Namespace(base_paths=['.'], build_base='build', ignore_user_meta=False, log_base=None, log_level=None, main=<bound method ListVerb.main of <colcon_package_information.verb.list.ListVerb object at 0x7f1da63d1e50>>, metas=['./colcon.meta'], names_only=True, packages_above=None, packages_above_and_dependencies=None, packages_above_depth=None, packages_end=None, packages_ignore=None, packages_ignore_regex=None, packages_select=None, packages_select_build_failed=False, packages_select_by_dep=None, packages_select_regex=None, packages_select_test_failures=False, packages_skip=None, packages_skip_build_finished=False, packages_skip_by_dep=None, packages_skip_regex=None, packages_skip_test_passed=False, packages_skip_up_to=None, packages_start=None, packages_up_to=None, packages_up_to_regex=None, paths=None, paths_only=False, topological_graph=False, topological_graph_density=False, topological_graph_dot=False, topological_graph_dot_cluster=False, topological_graph_dot_include_skipped=False, topological_graph_legend=False, topological_order=False, verb_extension=<colcon_package_information.verb.list.ListVerb object at 0x7f1da63d1e50>, verb_name='list', verb_parser=<colcon_defaults.argument_parser.defaults.DefaultArgumentsDecorator object at 0x7f1da62b1760>)
[3.599s] Level 1:colcon.colcon_core.package_discovery:discover_packages(colcon_meta) check parameters
[3.600s] Level 1:colcon.colcon_core.package_discovery:discover_packages(recursive) check parameters
[3.600s] Level 1:colcon.colcon_core.package_discovery:discover_packages(ignore) check parameters
[3.601s] Level 1:colcon.colcon_core.package_discovery:discover_packages(path) check parameters
[3.601s] Level 1:colcon.colcon_core.package_discovery:discover_packages(colcon_meta) discover
[3.602s] Level 1:colcon.colcon_core.package_discovery:discover_packages(recursive) discover
[3.602s] INFO:colcon.colcon_core.package_discovery:Crawling recursively for packages in '/home/mh/Desktop/FRI-Client-SDK_Cpp'
[3.603s] Level 1:colcon.colcon_core.package_identification:_identify(.) by extensions ['ignore', 'ignore_ament_install']
[3.604s] Level 1:colcon.colcon_core.package_identification:_identify(.) by extension 'ignore'
[3.605s] Level 1:colcon.colcon_core.package_identification:_identify(.) by extension 'ignore_ament_install'
[3.606s] Level 1:colcon.colcon_core.package_identification:_identify(.) by extensions ['colcon_pkg']
[3.606s] Level 1:colcon.colcon_core.package_identification:_identify(.) by extension 'colcon_pkg'
[3.607s] Level 1:colcon.colcon_core.package_identification:_identify(.) by extensions ['colcon_meta']
[3.607s] Level 1:colcon.colcon_core.package_identification:_identify(.) by extension 'colcon_meta'
[3.608s] Level 1:colcon.colcon_core.package_identification:_identify(.) by extensions ['ros']
[3.608s] Level 1:colcon.colcon_core.package_identification:_identify(.) by extension 'ros'
[3.655s] Level 1:colcon.colcon_core.package_identification:_identify(.) by extensions ['cmake', 'python']
[3.655s] Level 1:colcon.colcon_core.package_identification:_identify(.) by extension 'cmake'
[3.655s] Level 1:colcon.colcon_core.package_identification:_identify(.) by extension 'python'
[3.655s] Level 1:colcon.colcon_core.package_identification:_identify(.) by extensions ['python_setup_py']
[3.655s] Level 1:colcon.colcon_core.package_identification:_identify(.) by extension 'python_setup_py'
[3.656s] Level 1:colcon.colcon_core.package_identification:_identify(bin) by extensions ['ignore', 'ignore_ament_install']
[3.656s] Level 1:colcon.colcon_core.package_identification:_identify(bin) by extension 'ignore'
[3.656s] Level 1:colcon.colcon_core.package_identification:_identify(bin) by extension 'ignore_ament_install'
[3.656s] Level 1:colcon.colcon_core.package_identification:_identify(bin) by extensions ['colcon_pkg']
[3.656s] Level 1:colcon.colcon_core.package_identification:_identify(bin) by extension 'colcon_pkg'
[3.656s] Level 1:colcon.colcon_core.package_identification:_identify(bin) by extensions ['colcon_meta']
[3.656s] Level 1:colcon.colcon_core.package_identification:_identify(bin) by extension 'colcon_meta'
[3.657s] Level 1:colcon.colcon_core.package_identification:_identify(bin) by extensions ['ros']
[3.657s] Level 1:colcon.colcon_core.package_identification:_identify(bin) by extension 'ros'
[3.657s] Level 1:colcon.colcon_core.package_identification:_identify(bin) by extensions ['cmake', 'python']
[3.657s] Level 1:colcon.colcon_core.package_identification:_identify(bin) by extension 'cmake'
[3.657s] Level 1:colcon.colcon_core.package_identification:_identify(bin) by extension 'python'
[3.657s] Level 1:colcon.colcon_core.package_identification:_identify(bin) by extensions ['python_setup_py']
[3.657s] Level 1:colcon.colcon_core.package_identification:_identify(bin) by extension 'python_setup_py'
[3.657s] Level 1:colcon.colcon_core.package_identification:_identify(build) by extensions ['ignore', 'ignore_ament_install']
[3.657s] Level 1:colcon.colcon_core.package_identification:_identify(build) by extension 'ignore'
[3.658s] Level 1:colcon.colcon_core.package_identification:_identify(build) by extension 'ignore_ament_install'
[3.658s] Level 1:colcon.colcon_core.package_identification:_identify(build) by extensions ['colcon_pkg']
[3.658s] Level 1:colcon.colcon_core.package_identification:_identify(build) by extension 'colcon_pkg'
[3.658s] Level 1:colcon.colcon_core.package_identification:_identify(build) by extensions ['colcon_meta']
[3.658s] Level 1:colcon.colcon_core.package_identification:_identify(build) by extension 'colcon_meta'
[3.658s] Level 1:colcon.colcon_core.package_identification:_identify(build) by extensions ['ros']
[3.658s] Level 1:colcon.colcon_core.package_identification:_identify(build) by extension 'ros'
[3.658s] Level 1:colcon.colcon_core.package_identification:_identify(build) by extensions ['cmake', 'python']
[3.658s] Level 1:colcon.colcon_core.package_identification:_identify(build) by extension 'cmake'
[3.658s] Level 1:colcon.colcon_core.package_identification:_identify(build) by extension 'python'
[3.658s] Level 1:colcon.colcon_core.package_identification:_identify(build) by extensions ['python_setup_py']
[3.659s] Level 1:colcon.colcon_core.package_identification:_identify(build) by extension 'python_setup_py'
[3.659s] Level 1:colcon.colcon_core.package_identification:_identify(build/GNUMake) by extensions ['ignore', 'ignore_ament_install']
[3.659s] Level 1:colcon.colcon_core.package_identification:_identify(build/GNUMake) by extension 'ignore'
[3.659s] Level 1:colcon.colcon_core.package_identification:_identify(build/GNUMake) by extension 'ignore_ament_install'
[3.659s] Level 1:colcon.colcon_core.package_identification:_identify(build/GNUMake) by extensions ['colcon_pkg']
[3.659s] Level 1:colcon.colcon_core.package_identification:_identify(build/GNUMake) by extension 'colcon_pkg'
[3.659s] Level 1:colcon.colcon_core.package_identification:_identify(build/GNUMake) by extensions ['colcon_meta']
[3.659s] Level 1:colcon.colcon_core.package_identification:_identify(build/GNUMake) by extension 'colcon_meta'
[3.659s] Level 1:colcon.colcon_core.package_identification:_identify(build/GNUMake) by extensions ['ros']
[3.659s] Level 1:colcon.colcon_core.package_identification:_identify(build/GNUMake) by extension 'ros'
[3.660s] Level 1:colcon.colcon_core.package_identification:_identify(build/GNUMake) by extensions ['cmake', 'python']
[3.660s] Level 1:colcon.colcon_core.package_identification:_identify(build/GNUMake) by extension 'cmake'
[3.660s] Level 1:colcon.colcon_core.package_identification:_identify(build/GNUMake) by extension 'python'
[3.660s] Level 1:colcon.colcon_core.package_identification:_identify(build/GNUMake) by extensions ['python_setup_py']
[3.660s] Level 1:colcon.colcon_core.package_identification:_identify(build/GNUMake) by extension 'python_setup_py'
[3.660s] Level 1:colcon.colcon_core.package_identification:_identify(build/MSVisualStudio2010) by extensions ['ignore', 'ignore_ament_install']
[3.660s] Level 1:colcon.colcon_core.package_identification:_identify(build/MSVisualStudio2010) by extension 'ignore'
[3.660s] Level 1:colcon.colcon_core.package_identification:_identify(build/MSVisualStudio2010) by extension 'ignore_ament_install'
[3.661s] Level 1:colcon.colcon_core.package_identification:_identify(build/MSVisualStudio2010) by extensions ['colcon_pkg']
[3.661s] Level 1:colcon.colcon_core.package_identification:_identify(build/MSVisualStudio2010) by extension 'colcon_pkg'
[3.661s] Level 1:colcon.colcon_core.package_identification:_identify(build/MSVisualStudio2010) by extensions ['colcon_meta']
[3.661s] Level 1:colcon.colcon_core.package_identification:_identify(build/MSVisualStudio2010) by extension 'colcon_meta'
[3.661s] Level 1:colcon.colcon_core.package_identification:_identify(build/MSVisualStudio2010) by extensions ['ros']
[3.661s] Level 1:colcon.colcon_core.package_identification:_identify(build/MSVisualStudio2010) by extension 'ros'
[3.661s] Level 1:colcon.colcon_core.package_identification:_identify(build/MSVisualStudio2010) by extensions ['cmake', 'python']
[3.661s] Level 1:colcon.colcon_core.package_identification:_identify(build/MSVisualStudio2010) by extension 'cmake'
[3.661s] Level 1:colcon.colcon_core.package_identification:_identify(build/MSVisualStudio2010) by extension 'python'
[3.661s] Level 1:colcon.colcon_core.package_identification:_identify(build/MSVisualStudio2010) by extensions ['python_setup_py']
[3.661s] Level 1:colcon.colcon_core.package_identification:_identify(build/MSVisualStudio2010) by extension 'python_setup_py'
[3.662s] Level 1:colcon.colcon_core.package_identification:_identify(build/MSVisualStudio2010/IOAccess) by extensions ['ignore', 'ignore_ament_install']
[3.662s] Level 1:colcon.colcon_core.package_identification:_identify(build/MSVisualStudio2010/IOAccess) by extension 'ignore'
[3.662s] Level 1:colcon.colcon_core.package_identification:_identify(build/MSVisualStudio2010/IOAccess) by extension 'ignore_ament_install'
[3.662s] Level 1:colcon.colcon_core.package_identification:_identify(build/MSVisualStudio2010/IOAccess) by extensions ['colcon_pkg']
[3.662s] Level 1:colcon.colcon_core.package_identification:_identify(build/MSVisualStudio2010/IOAccess) by extension 'colcon_pkg'
[3.662s] Level 1:colcon.colcon_core.package_identification:_identify(build/MSVisualStudio2010/IOAccess) by extensions ['colcon_meta']
[3.662s] Level 1:colcon.colcon_core.package_identification:_identify(build/MSVisualStudio2010/IOAccess) by extension 'colcon_meta'
[3.662s] Level 1:colcon.colcon_core.package_identification:_identify(build/MSVisualStudio2010/IOAccess) by extensions ['ros']
[3.662s] Level 1:colcon.colcon_core.package_identification:_identify(build/MSVisualStudio2010/IOAccess) by extension 'ros'
[3.662s] Level 1:colcon.colcon_core.package_identification:_identify(build/MSVisualStudio2010/IOAccess) by extensions ['cmake', 'python']
[3.662s] Level 1:colcon.colcon_core.package_identification:_identify(build/MSVisualStudio2010/IOAccess) by extension 'cmake'
[3.662s] Level 1:colcon.colcon_core.package_identification:_identify(build/MSVisualStudio2010/IOAccess) by extension 'python'
[3.662s] Level 1:colcon.colcon_core.package_identification:_identify(build/MSVisualStudio2010/IOAccess) by extensions ['python_setup_py']
[3.663s] Level 1:colcon.colcon_core.package_identification:_identify(build/MSVisualStudio2010/IOAccess) by extension 'python_setup_py'
[3.663s] Level 1:colcon.colcon_core.package_identification:_identify(build/MSVisualStudio2010/LBRClientTemplate) by extensions ['ignore', 'ignore_ament_install']
[3.663s] Level 1:colcon.colcon_core.package_identification:_identify(build/MSVisualStudio2010/LBRClientTemplate) by extension 'ignore'
[3.663s] Level 1:colcon.colcon_core.package_identification:_identify(build/MSVisualStudio2010/LBRClientTemplate) by extension 'ignore_ament_install'
[3.663s] Level 1:colcon.colcon_core.package_identification:_identify(build/MSVisualStudio2010/LBRClientTemplate) by extensions ['colcon_pkg']
[3.663s] Level 1:colcon.colcon_core.package_identification:_identify(build/MSVisualStudio2010/LBRClientTemplate) by extension 'colcon_pkg'
[3.663s] Level 1:colcon.colcon_core.package_identification:_identify(build/MSVisualStudio2010/LBRClientTemplate) by extensions ['colcon_meta']
[3.663s] Level 1:colcon.colcon_core.package_identification:_identify(build/MSVisualStudio2010/LBRClientTemplate) by extension 'colcon_meta'
[3.663s] Level 1:colcon.colcon_core.package_identification:_identify(build/MSVisualStudio2010/LBRClientTemplate) by extensions ['ros']
[3.663s] Level 1:colcon.colcon_core.package_identification:_identify(build/MSVisualStudio2010/LBRClientTemplate) by extension 'ros'
[3.664s] Level 1:colcon.colcon_core.package_identification:_identify(build/MSVisualStudio2010/LBRClientTemplate) by extensions ['cmake', 'python']
[3.664s] Level 1:colcon.colcon_core.package_identification:_identify(build/MSVisualStudio2010/LBRClientTemplate) by extension 'cmake'
[3.664s] Level 1:colcon.colcon_core.package_identification:_identify(build/MSVisualStudio2010/LBRClientTemplate) by extension 'python'
[3.664s] Level 1:colcon.colcon_core.package_identification:_identify(build/MSVisualStudio2010/LBRClientTemplate) by extensions ['python_setup_py']
[3.664s] Level 1:colcon.colcon_core.package_identification:_identify(build/MSVisualStudio2010/LBRClientTemplate) by extension 'python_setup_py'
[3.664s] Level 1:colcon.colcon_core.package_identification:_identify(build/MSVisualStudio2010/LBRJointSineOverlay) by extensions ['ignore', 'ignore_ament_install']
[3.664s] Level 1:colcon.colcon_core.package_identification:_identify(build/MSVisualStudio2010/LBRJointSineOverlay) by extension 'ignore'
[3.664s] Level 1:colcon.colcon_core.package_identification:_identify(build/MSVisualStudio2010/LBRJointSineOverlay) by extension 'ignore_ament_install'
[3.664s] Level 1:colcon.colcon_core.package_identification:_identify(build/MSVisualStudio2010/LBRJointSineOverlay) by extensions ['colcon_pkg']
[3.665s] Level 1:colcon.colcon_core.package_identification:_identify(build/MSVisualStudio2010/LBRJointSineOverlay) by extension 'colcon_pkg'
[3.665s] Level 1:colcon.colcon_core.package_identification:_identify(build/MSVisualStudio2010/LBRJointSineOverlay) by extensions ['colcon_meta']
[3.665s] Level 1:colcon.colcon_core.package_identification:_identify(build/MSVisualStudio2010/LBRJointSineOverlay) by extension 'colcon_meta'
[3.665s] Level 1:colcon.colcon_core.package_identification:_identify(build/MSVisualStudio2010/LBRJointSineOverlay) by extensions ['ros']
[3.665s] Level 1:colcon.colcon_core.package_identification:_identify(build/MSVisualStudio2010/LBRJointSineOverlay) by extension 'ros'
[3.665s] Level 1:colcon.colcon_core.package_identification:_identify(build/MSVisualStudio2010/LBRJointSineOverlay) by extensions ['cmake', 'python']
[3.665s] Level 1:colcon.colcon_core.package_identification:_identify(build/MSVisualStudio2010/LBRJointSineOverlay) by extension 'cmake'
[3.665s] Level 1:colcon.colcon_core.package_identification:_identify(build/MSVisualStudio2010/LBRJointSineOverlay) by extension 'python'
[3.665s] Level 1:colcon.colcon_core.package_identification:_identify(build/MSVisualStudio2010/LBRJointSineOverlay) by extensions ['python_setup_py']
[3.665s] Level 1:colcon.colcon_core.package_identification:_identify(build/MSVisualStudio2010/LBRJointSineOverlay) by extension 'python_setup_py'
[3.665s] Level 1:colcon.colcon_core.package_identification:_identify(build/MSVisualStudio2010/LBRTorqueSineOverlay) by extensions ['ignore', 'ignore_ament_install']
[3.666s] Level 1:colcon.colcon_core.package_identification:_identify(build/MSVisualStudio2010/LBRTorqueSineOverlay) by extension 'ignore'
[3.666s] Level 1:colcon.colcon_core.package_identification:_identify(build/MSVisualStudio2010/LBRTorqueSineOverlay) by extension 'ignore_ament_install'
[3.666s] Level 1:colcon.colcon_core.package_identification:_identify(build/MSVisualStudio2010/LBRTorqueSineOverlay) by extensions ['colcon_pkg']
[3.666s] Level 1:colcon.colcon_core.package_identification:_identify(build/MSVisualStudio2010/LBRTorqueSineOverlay) by extension 'colcon_pkg'
[3.666s] Level 1:colcon.colcon_core.package_identification:_identify(build/MSVisualStudio2010/LBRTorqueSineOverlay) by extensions ['colcon_meta']
[3.666s] Level 1:colcon.colcon_core.package_identification:_identify(build/MSVisualStudio2010/LBRTorqueSineOverlay) by extension 'colcon_meta'
[3.666s] Level 1:colcon.colcon_core.package_identification:_identify(build/MSVisualStudio2010/LBRTorqueSineOverlay) by extensions ['ros']
[3.666s] Level 1:colcon.colcon_core.package_identification:_identify(build/MSVisualStudio2010/LBRTorqueSineOverlay) by extension 'ros'
[3.666s] Level 1:colcon.colcon_core.package_identification:_identify(build/MSVisualStudio2010/LBRTorqueSineOverlay) by extensions ['cmake', 'python']
[3.666s] Level 1:colcon.colcon_core.package_identification:_identify(build/MSVisualStudio2010/LBRTorqueSineOverlay) by extension 'cmake'
[3.666s] Level 1:colcon.colcon_core.package_identification:_identify(build/MSVisualStudio2010/LBRTorqueSineOverlay) by extension 'python'
[3.666s] Level 1:colcon.colcon_core.package_identification:_identify(build/MSVisualStudio2010/LBRTorqueSineOverlay) by extensions ['python_setup_py']
[3.666s] Level 1:colcon.colcon_core.package_identification:_identify(build/MSVisualStudio2010/LBRTorqueSineOverlay) by extension 'python_setup_py'
[3.667s] Level 1:colcon.colcon_core.package_identification:_identify(build/MSVisualStudio2010/LBRWrenchSineOverlay) by extensions ['ignore', 'ignore_ament_install']
[3.667s] Level 1:colcon.colcon_core.package_identification:_identify(build/MSVisualStudio2010/LBRWrenchSineOverlay) by extension 'ignore'
[3.667s] Level 1:colcon.colcon_core.package_identification:_identify(build/MSVisualStudio2010/LBRWrenchSineOverlay) by extension 'ignore_ament_install'
[3.667s] Level 1:colcon.colcon_core.package_identification:_identify(build/MSVisualStudio2010/LBRWrenchSineOverlay) by extensions ['colcon_pkg']
[3.667s] Level 1:colcon.colcon_core.package_identification:_identify(build/MSVisualStudio2010/LBRWrenchSineOverlay) by extension 'colcon_pkg'
[3.667s] Level 1:colcon.colcon_core.package_identification:_identify(build/MSVisualStudio2010/LBRWrenchSineOverlay) by extensions ['colcon_meta']
[3.667s] Level 1:colcon.colcon_core.package_identification:_identify(build/MSVisualStudio2010/LBRWrenchSineOverlay) by extension 'colcon_meta'
[3.667s] Level 1:colcon.colcon_core.package_identification:_identify(build/MSVisualStudio2010/LBRWrenchSineOverlay) by extensions ['ros']
[3.667s] Level 1:colcon.colcon_core.package_identification:_identify(build/MSVisualStudio2010/LBRWrenchSineOverlay) by extension 'ros'
[3.667s] Level 1:colcon.colcon_core.package_identification:_identify(build/MSVisualStudio2010/LBRWrenchSineOverlay) by extensions ['cmake', 'python']
[3.667s] Level 1:colcon.colcon_core.package_identification:_identify(build/MSVisualStudio2010/LBRWrenchSineOverlay) by extension 'cmake'
[3.667s] Level 1:colcon.colcon_core.package_identification:_identify(build/MSVisualStudio2010/LBRWrenchSineOverlay) by extension 'python'
[3.667s] Level 1:colcon.colcon_core.package_identification:_identify(build/MSVisualStudio2010/LBRWrenchSineOverlay) by extensions ['python_setup_py']
[3.668s] Level 1:colcon.colcon_core.package_identification:_identify(build/MSVisualStudio2010/LBRWrenchSineOverlay) by extension 'python_setup_py'
[3.668s] Level 1:colcon.colcon_core.package_identification:_identify(build/MSVisualStudio2010/SimulatedTransformationProvider) by extensions ['ignore', 'ignore_ament_install']
[3.668s] Level 1:colcon.colcon_core.package_identification:_identify(build/MSVisualStudio2010/SimulatedTransformationProvider) by extension 'ignore'
[3.668s] Level 1:colcon.colcon_core.package_identification:_identify(build/MSVisualStudio2010/SimulatedTransformationProvider) by extension 'ignore_ament_install'
[3.668s] Level 1:colcon.colcon_core.package_identification:_identify(build/MSVisualStudio2010/SimulatedTransformationProvider) by extensions ['colcon_pkg']
[3.668s] Level 1:colcon.colcon_core.package_identification:_identify(build/MSVisualStudio2010/SimulatedTransformationProvider) by extension 'colcon_pkg'
[3.668s] Level 1:colcon.colcon_core.package_identification:_identify(build/MSVisualStudio2010/SimulatedTransformationProvider) by extensions ['colcon_meta']
[3.668s] Level 1:colcon.colcon_core.package_identification:_identify(build/MSVisualStudio2010/SimulatedTransformationProvider) by extension 'colcon_meta'
[3.668s] Level 1:colcon.colcon_core.package_identification:_identify(build/MSVisualStudio2010/SimulatedTransformationProvider) by extensions ['ros']
[3.668s] Level 1:colcon.colcon_core.package_identification:_identify(build/MSVisualStudio2010/SimulatedTransformationProvider) by extension 'ros'
[3.668s] Level 1:colcon.colcon_core.package_identification:_identify(build/MSVisualStudio2010/SimulatedTransformationProvider) by extensions ['cmake', 'python']
[3.668s] Level 1:colcon.colcon_core.package_identification:_identify(build/MSVisualStudio2010/SimulatedTransformationProvider) by extension 'cmake'
[3.669s] Level 1:colcon.colcon_core.package_identification:_identify(build/MSVisualStudio2010/SimulatedTransformationProvider) by extension 'python'
[3.669s] Level 1:colcon.colcon_core.package_identification:_identify(build/MSVisualStudio2010/SimulatedTransformationProvider) by extensions ['python_setup_py']
[3.669s] Level 1:colcon.colcon_core.package_identification:_identify(build/MSVisualStudio2010/SimulatedTransformationProvider) by extension 'python_setup_py'
[3.669s] Level 1:colcon.colcon_core.package_identification:_identify(build/MSVisualStudio2010/TransformationProvider) by extensions ['ignore', 'ignore_ament_install']
[3.669s] Level 1:colcon.colcon_core.package_identification:_identify(build/MSVisualStudio2010/TransformationProvider) by extension 'ignore'
[3.669s] Level 1:colcon.colcon_core.package_identification:_identify(build/MSVisualStudio2010/TransformationProvider) by extension 'ignore_ament_install'
[3.669s] Level 1:colcon.colcon_core.package_identification:_identify(build/MSVisualStudio2010/TransformationProvider) by extensions ['colcon_pkg']
[3.669s] Level 1:colcon.colcon_core.package_identification:_identify(build/MSVisualStudio2010/TransformationProvider) by extension 'colcon_pkg'
[3.669s] Level 1:colcon.colcon_core.package_identification:_identify(build/MSVisualStudio2010/TransformationProvider) by extensions ['colcon_meta']
[3.669s] Level 1:colcon.colcon_core.package_identification:_identify(build/MSVisualStudio2010/TransformationProvider) by extension 'colcon_meta'
[3.669s] Level 1:colcon.colcon_core.package_identification:_identify(build/MSVisualStudio2010/TransformationProvider) by extensions ['ros']
[3.669s] Level 1:colcon.colcon_core.package_identification:_identify(build/MSVisualStudio2010/TransformationProvider) by extension 'ros'
[3.670s] Level 1:colcon.colcon_core.package_identification:_identify(build/MSVisualStudio2010/TransformationProvider) by extensions ['cmake', 'python']
[3.670s] Level 1:colcon.colcon_core.package_identification:_identify(build/MSVisualStudio2010/TransformationProvider) by extension 'cmake'
[3.670s] Level 1:colcon.colcon_core.package_identification:_identify(build/MSVisualStudio2010/TransformationProvider) by extension 'python'
[3.670s] Level 1:colcon.colcon_core.package_identification:_identify(build/MSVisualStudio2010/TransformationProvider) by extensions ['python_setup_py']
[3.670s] Level 1:colcon.colcon_core.package_identification:_identify(build/MSVisualStudio2010/TransformationProvider) by extension 'python_setup_py'
[3.670s] Level 1:colcon.colcon_core.package_identification:_identify(build/MSVisualStudio2010/libFRIClient) by extensions ['ignore', 'ignore_ament_install']
[3.670s] Level 1:colcon.colcon_core.package_identification:_identify(build/MSVisualStudio2010/libFRIClient) by extension 'ignore'
[3.670s] Level 1:colcon.colcon_core.package_identification:_identify(build/MSVisualStudio2010/libFRIClient) by extension 'ignore_ament_install'
[3.670s] Level 1:colcon.colcon_core.package_identification:_identify(build/MSVisualStudio2010/libFRIClient) by extensions ['colcon_pkg']
[3.670s] Level 1:colcon.colcon_core.package_identification:_identify(build/MSVisualStudio2010/libFRIClient) by extension 'colcon_pkg'
[3.670s] Level 1:colcon.colcon_core.package_identification:_identify(build/MSVisualStudio2010/libFRIClient) by extensions ['colcon_meta']
[3.670s] Level 1:colcon.colcon_core.package_identification:_identify(build/MSVisualStudio2010/libFRIClient) by extension 'colcon_meta'
[3.670s] Level 1:colcon.colcon_core.package_identification:_identify(build/MSVisualStudio2010/libFRIClient) by extensions ['ros']
[3.670s] Level 1:colcon.colcon_core.package_identification:_identify(build/MSVisualStudio2010/libFRIClient) by extension 'ros'
[3.671s] Level 1:colcon.colcon_core.package_identification:_identify(build/MSVisualStudio2010/libFRIClient) by extensions ['cmake', 'python']
[3.671s] Level 1:colcon.colcon_core.package_identification:_identify(build/MSVisualStudio2010/libFRIClient) by extension 'cmake'
[3.671s] Level 1:colcon.colcon_core.package_identification:_identify(build/MSVisualStudio2010/libFRIClient) by extension 'python'
[3.671s] Level 1:colcon.colcon_core.package_identification:_identify(build/MSVisualStudio2010/libFRIClient) by extensions ['python_setup_py']
[3.671s] Level 1:colcon.colcon_core.package_identification:_identify(build/MSVisualStudio2010/libFRIClient) by extension 'python_setup_py'
[3.671s] Level 1:colcon.colcon_core.package_identification:_identify(doc) by extensions ['ignore', 'ignore_ament_install']
[3.671s] Level 1:colcon.colcon_core.package_identification:_identify(doc) by extension 'ignore'
[3.671s] Level 1:colcon.colcon_core.package_identification:_identify(doc) by extension 'ignore_ament_install'
[3.672s] Level 1:colcon.colcon_core.package_identification:_identify(doc) by extensions ['colcon_pkg']
[3.672s] Level 1:colcon.colcon_core.package_identification:_identify(doc) by extension 'colcon_pkg'
[3.672s] Level 1:colcon.colcon_core.package_identification:_identify(doc) by extensions ['colcon_meta']
[3.672s] Level 1:colcon.colcon_core.package_identification:_identify(doc) by extension 'colcon_meta'
[3.672s] Level 1:colcon.colcon_core.package_identification:_identify(doc) by extensions ['ros']
[3.672s] Level 1:colcon.colcon_core.package_identification:_identify(doc) by extension 'ros'
[3.672s] Level 1:colcon.colcon_core.package_identification:_identify(doc) by extensions ['cmake', 'python']
[3.672s] Level 1:colcon.colcon_core.package_identification:_identify(doc) by extension 'cmake'
[3.672s] Level 1:colcon.colcon_core.package_identification:_identify(doc) by extension 'python'
[3.672s] Level 1:colcon.colcon_core.package_identification:_identify(doc) by extensions ['python_setup_py']
[3.672s] Level 1:colcon.colcon_core.package_identification:_identify(doc) by extension 'python_setup_py'
[3.673s] Level 1:colcon.colcon_core.package_identification:_identify(doc/html) by extensions ['ignore', 'ignore_ament_install']
[3.673s] Level 1:colcon.colcon_core.package_identification:_identify(doc/html) by extension 'ignore'
[3.673s] Level 1:colcon.colcon_core.package_identification:_identify(doc/html) by extension 'ignore_ament_install'
[3.673s] Level 1:colcon.colcon_core.package_identification:_identify(doc/html) by extensions ['colcon_pkg']
[3.673s] Level 1:colcon.colcon_core.package_identification:_identify(doc/html) by extension 'colcon_pkg'
[3.673s] Level 1:colcon.colcon_core.package_identification:_identify(doc/html) by extensions ['colcon_meta']
[3.673s] Level 1:colcon.colcon_core.package_identification:_identify(doc/html) by extension 'colcon_meta'
[3.673s] Level 1:colcon.colcon_core.package_identification:_identify(doc/html) by extensions ['ros']
[3.673s] Level 1:colcon.colcon_core.package_identification:_identify(doc/html) by extension 'ros'
[3.673s] Level 1:colcon.colcon_core.package_identification:_identify(doc/html) by extensions ['cmake', 'python']
[3.673s] Level 1:colcon.colcon_core.package_identification:_identify(doc/html) by extension 'cmake'
[3.673s] Level 1:colcon.colcon_core.package_identification:_identify(doc/html) by extension 'python'
[3.673s] Level 1:colcon.colcon_core.package_identification:_identify(doc/html) by extensions ['python_setup_py']
[3.674s] Level 1:colcon.colcon_core.package_identification:_identify(doc/html) by extension 'python_setup_py'
[3.674s] Level 1:colcon.colcon_core.package_identification:_identify(example) by extensions ['ignore', 'ignore_ament_install']
[3.674s] Level 1:colcon.colcon_core.package_identification:_identify(example) by extension 'ignore'
[3.674s] Level 1:colcon.colcon_core.package_identification:_identify(example) by extension 'ignore_ament_install'
[3.674s] Level 1:colcon.colcon_core.package_identification:_identify(example) by extensions ['colcon_pkg']
[3.674s] Level 1:colcon.colcon_core.package_identification:_identify(example) by extension 'colcon_pkg'
[3.674s] Level 1:colcon.colcon_core.package_identification:_identify(example) by extensions ['colcon_meta']
[3.674s] Level 1:colcon.colcon_core.package_identification:_identify(example) by extension 'colcon_meta'
[3.674s] Level 1:colcon.colcon_core.package_identification:_identify(example) by extensions ['ros']
[3.674s] Level 1:colcon.colcon_core.package_identification:_identify(example) by extension 'ros'
[3.674s] Level 1:colcon.colcon_core.package_identification:_identify(example) by extensions ['cmake', 'python']
[3.674s] Level 1:colcon.colcon_core.package_identification:_identify(example) by extension 'cmake'
[3.674s] Level 1:colcon.colcon_core.package_identification:_identify(example) by extension 'python'
[3.675s] Level 1:colcon.colcon_core.package_identification:_identify(example) by extensions ['python_setup_py']
[3.675s] Level 1:colcon.colcon_core.package_identification:_identify(example) by extension 'python_setup_py'
[3.675s] Level 1:colcon.colcon_core.package_identification:_identify(example/ICR_SlidingModeControl) by extensions ['ignore', 'ignore_ament_install']
[3.675s] Level 1:colcon.colcon_core.package_identification:_identify(example/ICR_SlidingModeControl) by extension 'ignore'
[3.675s] Level 1:colcon.colcon_core.package_identification:_identify(example/ICR_SlidingModeControl) by extension 'ignore_ament_install'
[3.675s] Level 1:colcon.colcon_core.package_identification:_identify(example/ICR_SlidingModeControl) by extensions ['colcon_pkg']
[3.675s] Level 1:colcon.colcon_core.package_identification:_identify(example/ICR_SlidingModeControl) by extension 'colcon_pkg'
[3.675s] Level 1:colcon.colcon_core.package_identification:_identify(example/ICR_SlidingModeControl) by extensions ['colcon_meta']
[3.675s] Level 1:colcon.colcon_core.package_identification:_identify(example/ICR_SlidingModeControl) by extension 'colcon_meta'
[3.675s] Level 1:colcon.colcon_core.package_identification:_identify(example/ICR_SlidingModeControl) by extensions ['ros']
[3.675s] Level 1:colcon.colcon_core.package_identification:_identify(example/ICR_SlidingModeControl) by extension 'ros'
[3.675s] Level 1:colcon.colcon_core.package_identification:_identify(example/ICR_SlidingModeControl) by extensions ['cmake', 'python']
[3.675s] Level 1:colcon.colcon_core.package_identification:_identify(example/ICR_SlidingModeControl) by extension 'cmake'
[3.675s] Level 1:colcon.colcon_core.package_identification:_identify(example/ICR_SlidingModeControl) by extension 'python'
[3.676s] Level 1:colcon.colcon_core.package_identification:_identify(example/ICR_SlidingModeControl) by extensions ['python_setup_py']
[3.676s] Level 1:colcon.colcon_core.package_identification:_identify(example/ICR_SlidingModeControl) by extension 'python_setup_py'
[3.676s] Level 1:colcon.colcon_core.package_identification:_identify(example/ICR_SlidingModeControl/obj) by extensions ['ignore', 'ignore_ament_install']
[3.676s] Level 1:colcon.colcon_core.package_identification:_identify(example/ICR_SlidingModeControl/obj) by extension 'ignore'
[3.676s] Level 1:colcon.colcon_core.package_identification:_identify(example/ICR_SlidingModeControl/obj) by extension 'ignore_ament_install'
[3.676s] Level 1:colcon.colcon_core.package_identification:_identify(example/ICR_SlidingModeControl/obj) by extensions ['colcon_pkg']
[3.676s] Level 1:colcon.colcon_core.package_identification:_identify(example/ICR_SlidingModeControl/obj) by extension 'colcon_pkg'
[3.676s] Level 1:colcon.colcon_core.package_identification:_identify(example/ICR_SlidingModeControl/obj) by extensions ['colcon_meta']
[3.676s] Level 1:colcon.colcon_core.package_identification:_identify(example/ICR_SlidingModeControl/obj) by extension 'colcon_meta'
[3.676s] Level 1:colcon.colcon_core.package_identification:_identify(example/ICR_SlidingModeControl/obj) by extensions ['ros']
[3.676s] Level 1:colcon.colcon_core.package_identification:_identify(example/ICR_SlidingModeControl/obj) by extension 'ros'
[3.676s] Level 1:colcon.colcon_core.package_identification:_identify(example/ICR_SlidingModeControl/obj) by extensions ['cmake', 'python']
[3.676s] Level 1:colcon.colcon_core.package_identification:_identify(example/ICR_SlidingModeControl/obj) by extension 'cmake'
[3.676s] Level 1:colcon.colcon_core.package_identification:_identify(example/ICR_SlidingModeControl/obj) by extension 'python'
[3.677s] Level 1:colcon.colcon_core.package_identification:_identify(example/ICR_SlidingModeControl/obj) by extensions ['python_setup_py']
[3.677s] Level 1:colcon.colcon_core.package_identification:_identify(example/ICR_SlidingModeControl/obj) by extension 'python_setup_py'
[3.677s] Level 1:colcon.colcon_core.package_identification:_identify(example/IOAccess) by extensions ['ignore', 'ignore_ament_install']
[3.677s] Level 1:colcon.colcon_core.package_identification:_identify(example/IOAccess) by extension 'ignore'
[3.677s] Level 1:colcon.colcon_core.package_identification:_identify(example/IOAccess) by extension 'ignore_ament_install'
[3.677s] Level 1:colcon.colcon_core.package_identification:_identify(example/IOAccess) by extensions ['colcon_pkg']
[3.677s] Level 1:colcon.colcon_core.package_identification:_identify(example/IOAccess) by extension 'colcon_pkg'
[3.677s] Level 1:colcon.colcon_core.package_identification:_identify(example/IOAccess) by extensions ['colcon_meta']
[3.677s] Level 1:colcon.colcon_core.package_identification:_identify(example/IOAccess) by extension 'colcon_meta'
[3.677s] Level 1:colcon.colcon_core.package_identification:_identify(example/IOAccess) by extensions ['ros']
[3.677s] Level 1:colcon.colcon_core.package_identification:_identify(example/IOAccess) by extension 'ros'
[3.677s] Level 1:colcon.colcon_core.package_identification:_identify(example/IOAccess) by extensions ['cmake', 'python']
[3.677s] Level 1:colcon.colcon_core.package_identification:_identify(example/IOAccess) by extension 'cmake'
[3.677s] Level 1:colcon.colcon_core.package_identification:_identify(example/IOAccess) by extension 'python'
[3.678s] Level 1:colcon.colcon_core.package_identification:_identify(example/IOAccess) by extensions ['python_setup_py']
[3.678s] Level 1:colcon.colcon_core.package_identification:_identify(example/IOAccess) by extension 'python_setup_py'
[3.678s] Level 1:colcon.colcon_core.package_identification:_identify(example/IOAccess/obj) by extensions ['ignore', 'ignore_ament_install']
[3.678s] Level 1:colcon.colcon_core.package_identification:_identify(example/IOAccess/obj) by extension 'ignore'
[3.678s] Level 1:colcon.colcon_core.package_identification:_identify(example/IOAccess/obj) by extension 'ignore_ament_install'
[3.678s] Level 1:colcon.colcon_core.package_identification:_identify(example/IOAccess/obj) by extensions ['colcon_pkg']
[3.678s] Level 1:colcon.colcon_core.package_identification:_identify(example/IOAccess/obj) by extension 'colcon_pkg'
[3.678s] Level 1:colcon.colcon_core.package_identification:_identify(example/IOAccess/obj) by extensions ['colcon_meta']
[3.678s] Level 1:colcon.colcon_core.package_identification:_identify(example/IOAccess/obj) by extension 'colcon_meta'
[3.678s] Level 1:colcon.colcon_core.package_identification:_identify(example/IOAccess/obj) by extensions ['ros']
[3.678s] Level 1:colcon.colcon_core.package_identification:_identify(example/IOAccess/obj) by extension 'ros'
[3.678s] Level 1:colcon.colcon_core.package_identification:_identify(example/IOAccess/obj) by extensions ['cmake', 'python']
[3.678s] Level 1:colcon.colcon_core.package_identification:_identify(example/IOAccess/obj) by extension 'cmake'
[3.679s] Level 1:colcon.colcon_core.package_identification:_identify(example/IOAccess/obj) by extension 'python'
[3.679s] Level 1:colcon.colcon_core.package_identification:_identify(example/IOAccess/obj) by extensions ['python_setup_py']
[3.679s] Level 1:colcon.colcon_core.package_identification:_identify(example/IOAccess/obj) by extension 'python_setup_py'
[3.679s] Level 1:colcon.colcon_core.package_identification:_identify(example/LBRClientTemplate) by extensions ['ignore', 'ignore_ament_install']
[3.679s] Level 1:colcon.colcon_core.package_identification:_identify(example/LBRClientTemplate) by extension 'ignore'
[3.679s] Level 1:colcon.colcon_core.package_identification:_identify(example/LBRClientTemplate) by extension 'ignore_ament_install'
[3.679s] Level 1:colcon.colcon_core.package_identification:_identify(example/LBRClientTemplate) by extensions ['colcon_pkg']
[3.679s] Level 1:colcon.colcon_core.package_identification:_identify(example/LBRClientTemplate) by extension 'colcon_pkg'
[3.679s] Level 1:colcon.colcon_core.package_identification:_identify(example/LBRClientTemplate) by extensions ['colcon_meta']
[3.679s] Level 1:colcon.colcon_core.package_identification:_identify(example/LBRClientTemplate) by extension 'colcon_meta'
[3.680s] Level 1:colcon.colcon_core.package_identification:_identify(example/LBRClientTemplate) by extensions ['ros']
[3.680s] Level 1:colcon.colcon_core.package_identification:_identify(example/LBRClientTemplate) by extension 'ros'
[3.680s] Level 1:colcon.colcon_core.package_identification:_identify(example/LBRClientTemplate) by extensions ['cmake', 'python']
[3.680s] Level 1:colcon.colcon_core.package_identification:_identify(example/LBRClientTemplate) by extension 'cmake'
[3.680s] Level 1:colcon.colcon_core.package_identification:_identify(example/LBRClientTemplate) by extension 'python'
[3.680s] Level 1:colcon.colcon_core.package_identification:_identify(example/LBRClientTemplate) by extensions ['python_setup_py']
[3.680s] Level 1:colcon.colcon_core.package_identification:_identify(example/LBRClientTemplate) by extension 'python_setup_py'
[3.680s] Level 1:colcon.colcon_core.package_identification:_identify(example/LBRClientTemplate/obj) by extensions ['ignore', 'ignore_ament_install']
[3.680s] Level 1:colcon.colcon_core.package_identification:_identify(example/LBRClientTemplate/obj) by extension 'ignore'
[3.681s] Level 1:colcon.colcon_core.package_identification:_identify(example/LBRClientTemplate/obj) by extension 'ignore_ament_install'
[3.681s] Level 1:colcon.colcon_core.package_identification:_identify(example/LBRClientTemplate/obj) by extensions ['colcon_pkg']
[3.681s] Level 1:colcon.colcon_core.package_identification:_identify(example/LBRClientTemplate/obj) by extension 'colcon_pkg'
[3.681s] Level 1:colcon.colcon_core.package_identification:_identify(example/LBRClientTemplate/obj) by extensions ['colcon_meta']
[3.681s] Level 1:colcon.colcon_core.package_identification:_identify(example/LBRClientTemplate/obj) by extension 'colcon_meta'
[3.681s] Level 1:colcon.colcon_core.package_identification:_identify(example/LBRClientTemplate/obj) by extensions ['ros']
[3.681s] Level 1:colcon.colcon_core.package_identification:_identify(example/LBRClientTemplate/obj) by extension 'ros'
[3.681s] Level 1:colcon.colcon_core.package_identification:_identify(example/LBRClientTemplate/obj) by extensions ['cmake', 'python']
[3.681s] Level 1:colcon.colcon_core.package_identification:_identify(example/LBRClientTemplate/obj) by extension 'cmake'
[3.681s] Level 1:colcon.colcon_core.package_identification:_identify(example/LBRClientTemplate/obj) by extension 'python'
[3.681s] Level 1:colcon.colcon_core.package_identification:_identify(example/LBRClientTemplate/obj) by extensions ['python_setup_py']
[3.681s] Level 1:colcon.colcon_core.package_identification:_identify(example/LBRClientTemplate/obj) by extension 'python_setup_py'
[3.682s] Level 1:colcon.colcon_core.package_identification:_identify(example/LBRJointSineOverlay) by extensions ['ignore', 'ignore_ament_install']
[3.682s] Level 1:colcon.colcon_core.package_identification:_identify(example/LBRJointSineOverlay) by extension 'ignore'
[3.682s] Level 1:colcon.colcon_core.package_identification:_identify(example/LBRJointSineOverlay) by extension 'ignore_ament_install'
[3.682s] Level 1:colcon.colcon_core.package_identification:_identify(example/LBRJointSineOverlay) by extensions ['colcon_pkg']
[3.682s] Level 1:colcon.colcon_core.package_identification:_identify(example/LBRJointSineOverlay) by extension 'colcon_pkg'
[3.682s] Level 1:colcon.colcon_core.package_identification:_identify(example/LBRJointSineOverlay) by extensions ['colcon_meta']
[3.682s] Level 1:colcon.colcon_core.package_identification:_identify(example/LBRJointSineOverlay) by extension 'colcon_meta'
[3.682s] Level 1:colcon.colcon_core.package_identification:_identify(example/LBRJointSineOverlay) by extensions ['ros']
[3.682s] Level 1:colcon.colcon_core.package_identification:_identify(example/LBRJointSineOverlay) by extension 'ros'
[3.682s] Level 1:colcon.colcon_core.package_identification:_identify(example/LBRJointSineOverlay) by extensions ['cmake', 'python']
[3.683s] Level 1:colcon.colcon_core.package_identification:_identify(example/LBRJointSineOverlay) by extension 'cmake'
[3.683s] Level 1:colcon.colcon_core.package_identification:_identify(example/LBRJointSineOverlay) by extension 'python'
[3.683s] Level 1:colcon.colcon_core.package_identification:_identify(example/LBRJointSineOverlay) by extensions ['python_setup_py']
[3.683s] Level 1:colcon.colcon_core.package_identification:_identify(example/LBRJointSineOverlay) by extension 'python_setup_py'
[3.683s] Level 1:colcon.colcon_core.package_identification:_identify(example/LBRJointSineOverlay/obj) by extensions ['ignore', 'ignore_ament_install']
[3.683s] Level 1:colcon.colcon_core.package_identification:_identify(example/LBRJointSineOverlay/obj) by extension 'ignore'
[3.683s] Level 1:colcon.colcon_core.package_identification:_identify(example/LBRJointSineOverlay/obj) by extension 'ignore_ament_install'
[3.683s] Level 1:colcon.colcon_core.package_identification:_identify(example/LBRJointSineOverlay/obj) by extensions ['colcon_pkg']
[3.683s] Level 1:colcon.colcon_core.package_identification:_identify(example/LBRJointSineOverlay/obj) by extension 'colcon_pkg'
[3.683s] Level 1:colcon.colcon_core.package_identification:_identify(example/LBRJointSineOverlay/obj) by extensions ['colcon_meta']
[3.683s] Level 1:colcon.colcon_core.package_identification:_identify(example/LBRJointSineOverlay/obj) by extension 'colcon_meta'
[3.684s] Level 1:colcon.colcon_core.package_identification:_identify(example/LBRJointSineOverlay/obj) by extensions ['ros']
[3.684s] Level 1:colcon.colcon_core.package_identification:_identify(example/LBRJointSineOverlay/obj) by extension 'ros'
[3.684s] Level 1:colcon.colcon_core.package_identification:_identify(example/LBRJointSineOverlay/obj) by extensions ['cmake', 'python']
[3.684s] Level 1:colcon.colcon_core.package_identification:_identify(example/LBRJointSineOverlay/obj) by extension 'cmake'
[3.684s] Level 1:colcon.colcon_core.package_identification:_identify(example/LBRJointSineOverlay/obj) by extension 'python'
[3.684s] Level 1:colcon.colcon_core.package_identification:_identify(example/LBRJointSineOverlay/obj) by extensions ['python_setup_py']
[3.684s] Level 1:colcon.colcon_core.package_identification:_identify(example/LBRJointSineOverlay/obj) by extension 'python_setup_py'
[3.684s] Level 1:colcon.colcon_core.package_identification:_identify(example/LBRTorqueSineOverlay) by extensions ['ignore', 'ignore_ament_install']
[3.684s] Level 1:colcon.colcon_core.package_identification:_identify(example/LBRTorqueSineOverlay) by extension 'ignore'
[3.684s] Level 1:colcon.colcon_core.package_identification:_identify(example/LBRTorqueSineOverlay) by extension 'ignore_ament_install'
[3.684s] Level 1:colcon.colcon_core.package_identification:_identify(example/LBRTorqueSineOverlay) by extensions ['colcon_pkg']
[3.685s] Level 1:colcon.colcon_core.package_identification:_identify(example/LBRTorqueSineOverlay) by extension 'colcon_pkg'
[3.685s] Level 1:colcon.colcon_core.package_identification:_identify(example/LBRTorqueSineOverlay) by extensions ['colcon_meta']
[3.685s] Level 1:colcon.colcon_core.package_identification:_identify(example/LBRTorqueSineOverlay) by extension 'colcon_meta'
[3.685s] Level 1:colcon.colcon_core.package_identification:_identify(example/LBRTorqueSineOverlay) by extensions ['ros']
[3.685s] Level 1:colcon.colcon_core.package_identification:_identify(example/LBRTorqueSineOverlay) by extension 'ros'
[3.685s] Level 1:colcon.colcon_core.package_identification:_identify(example/LBRTorqueSineOverlay) by extensions ['cmake', 'python']
[3.685s] Level 1:colcon.colcon_core.package_identification:_identify(example/LBRTorqueSineOverlay) by extension 'cmake'
[3.685s] Level 1:colcon.colcon_core.package_identification:_identify(example/LBRTorqueSineOverlay) by extension 'python'
[3.685s] Level 1:colcon.colcon_core.package_identification:_identify(example/LBRTorqueSineOverlay) by extensions ['python_setup_py']
[3.685s] Level 1:colcon.colcon_core.package_identification:_identify(example/LBRTorqueSineOverlay) by extension 'python_setup_py'
[3.685s] Level 1:colcon.colcon_core.package_identification:_identify(example/LBRTorqueSineOverlay/obj) by extensions ['ignore', 'ignore_ament_install']
[3.685s] Level 1:colcon.colcon_core.package_identification:_identify(example/LBRTorqueSineOverlay/obj) by extension 'ignore'
[3.685s] Level 1:colcon.colcon_core.package_identification:_identify(example/LBRTorqueSineOverlay/obj) by extension 'ignore_ament_install'
[3.685s] Level 1:colcon.colcon_core.package_identification:_identify(example/LBRTorqueSineOverlay/obj) by extensions ['colcon_pkg']
[3.685s] Level 1:colcon.colcon_core.package_identification:_identify(example/LBRTorqueSineOverlay/obj) by extension 'colcon_pkg'
[3.685s] Level 1:colcon.colcon_core.package_identification:_identify(example/LBRTorqueSineOverlay/obj) by extensions ['colcon_meta']
[3.686s] Level 1:colcon.colcon_core.package_identification:_identify(example/LBRTorqueSineOverlay/obj) by extension 'colcon_meta'
[3.686s] Level 1:colcon.colcon_core.package_identification:_identify(example/LBRTorqueSineOverlay/obj) by extensions ['ros']
[3.686s] Level 1:colcon.colcon_core.package_identification:_identify(example/LBRTorqueSineOverlay/obj) by extension 'ros'
[3.686s] Level 1:colcon.colcon_core.package_identification:_identify(example/LBRTorqueSineOverlay/obj) by extensions ['cmake', 'python']
[3.686s] Level 1:colcon.colcon_core.package_identification:_identify(example/LBRTorqueSineOverlay/obj) by extension 'cmake'
[3.686s] Level 1:colcon.colcon_core.package_identification:_identify(example/LBRTorqueSineOverlay/obj) by extension 'python'
[3.686s] Level 1:colcon.colcon_core.package_identification:_identify(example/LBRTorqueSineOverlay/obj) by extensions ['python_setup_py']
[3.686s] Level 1:colcon.colcon_core.package_identification:_identify(example/LBRTorqueSineOverlay/obj) by extension 'python_setup_py'
[3.686s] Level 1:colcon.colcon_core.package_identification:_identify(example/LBRWrenchSineOverlay) by extensions ['ignore', 'ignore_ament_install']
[3.686s] Level 1:colcon.colcon_core.package_identification:_identify(example/LBRWrenchSineOverlay) by extension 'ignore'
[3.686s] Level 1:colcon.colcon_core.package_identification:_identify(example/LBRWrenchSineOverlay) by extension 'ignore_ament_install'
[3.686s] Level 1:colcon.colcon_core.package_identification:_identify(example/LBRWrenchSineOverlay) by extensions ['colcon_pkg']
[3.686s] Level 1:colcon.colcon_core.package_identification:_identify(example/LBRWrenchSineOverlay) by extension 'colcon_pkg'
[3.686s] Level 1:colcon.colcon_core.package_identification:_identify(example/LBRWrenchSineOverlay) by extensions ['colcon_meta']
[3.686s] Level 1:colcon.colcon_core.package_identification:_identify(example/LBRWrenchSineOverlay) by extension 'colcon_meta'
[3.687s] Level 1:colcon.colcon_core.package_identification:_identify(example/LBRWrenchSineOverlay) by extensions ['ros']
[3.687s] Level 1:colcon.colcon_core.package_identification:_identify(example/LBRWrenchSineOverlay) by extension 'ros'
[3.687s] Level 1:colcon.colcon_core.package_identification:_identify(example/LBRWrenchSineOverlay) by extensions ['cmake', 'python']
[3.687s] Level 1:colcon.colcon_core.package_identification:_identify(example/LBRWrenchSineOverlay) by extension 'cmake'
[3.687s] Level 1:colcon.colcon_core.package_identification:_identify(example/LBRWrenchSineOverlay) by extension 'python'
[3.687s] Level 1:colcon.colcon_core.package_identification:_identify(example/LBRWrenchSineOverlay) by extensions ['python_setup_py']
[3.687s] Level 1:colcon.colcon_core.package_identification:_identify(example/LBRWrenchSineOverlay) by extension 'python_setup_py'
[3.687s] Level 1:colcon.colcon_core.package_identification:_identify(example/LBRWrenchSineOverlay/obj) by extensions ['ignore', 'ignore_ament_install']
[3.687s] Level 1:colcon.colcon_core.package_identification:_identify(example/LBRWrenchSineOverlay/obj) by extension 'ignore'
[3.687s] Level 1:colcon.colcon_core.package_identification:_identify(example/LBRWrenchSineOverlay/obj) by extension 'ignore_ament_install'
[3.687s] Level 1:colcon.colcon_core.package_identification:_identify(example/LBRWrenchSineOverlay/obj) by extensions ['colcon_pkg']
[3.687s] Level 1:colcon.colcon_core.package_identification:_identify(example/LBRWrenchSineOverlay/obj) by extension 'colcon_pkg'
[3.687s] Level 1:colcon.colcon_core.package_identification:_identify(example/LBRWrenchSineOverlay/obj) by extensions ['colcon_meta']
[3.687s] Level 1:colcon.colcon_core.package_identification:_identify(example/LBRWrenchSineOverlay/obj) by extension 'colcon_meta'
[3.687s] Level 1:colcon.colcon_core.package_identification:_identify(example/LBRWrenchSineOverlay/obj) by extensions ['ros']
[3.687s] Level 1:colcon.colcon_core.package_identification:_identify(example/LBRWrenchSineOverlay/obj) by extension 'ros'
[3.688s] Level 1:colcon.colcon_core.package_identification:_identify(example/LBRWrenchSineOverlay/obj) by extensions ['cmake', 'python']
[3.688s] Level 1:colcon.colcon_core.package_identification:_identify(example/LBRWrenchSineOverlay/obj) by extension 'cmake'
[3.688s] Level 1:colcon.colcon_core.package_identification:_identify(example/LBRWrenchSineOverlay/obj) by extension 'python'
[3.688s] Level 1:colcon.colcon_core.package_identification:_identify(example/LBRWrenchSineOverlay/obj) by extensions ['python_setup_py']
[3.688s] Level 1:colcon.colcon_core.package_identification:_identify(example/LBRWrenchSineOverlay/obj) by extension 'python_setup_py'
[3.688s] Level 1:colcon.colcon_core.package_identification:_identify(example/SimulatedTransformationProvider) by extensions ['ignore', 'ignore_ament_install']
[3.688s] Level 1:colcon.colcon_core.package_identification:_identify(example/SimulatedTransformationProvider) by extension 'ignore'
[3.688s] Level 1:colcon.colcon_core.package_identification:_identify(example/SimulatedTransformationProvider) by extension 'ignore_ament_install'
[3.688s] Level 1:colcon.colcon_core.package_identification:_identify(example/SimulatedTransformationProvider) by extensions ['colcon_pkg']
[3.688s] Level 1:colcon.colcon_core.package_identification:_identify(example/SimulatedTransformationProvider) by extension 'colcon_pkg'
[3.688s] Level 1:colcon.colcon_core.package_identification:_identify(example/SimulatedTransformationProvider) by extensions ['colcon_meta']
[3.688s] Level 1:colcon.colcon_core.package_identification:_identify(example/SimulatedTransformationProvider) by extension 'colcon_meta'
[3.688s] Level 1:colcon.colcon_core.package_identification:_identify(example/SimulatedTransformationProvider) by extensions ['ros']
[3.688s] Level 1:colcon.colcon_core.package_identification:_identify(example/SimulatedTransformationProvider) by extension 'ros'
[3.689s] Level 1:colcon.colcon_core.package_identification:_identify(example/SimulatedTransformationProvider) by extensions ['cmake', 'python']
[3.689s] Level 1:colcon.colcon_core.package_identification:_identify(example/SimulatedTransformationProvider) by extension 'cmake'
[3.689s] Level 1:colcon.colcon_core.package_identification:_identify(example/SimulatedTransformationProvider) by extension 'python'
[3.689s] Level 1:colcon.colcon_core.package_identification:_identify(example/SimulatedTransformationProvider) by extensions ['python_setup_py']
[3.689s] Level 1:colcon.colcon_core.package_identification:_identify(example/SimulatedTransformationProvider) by extension 'python_setup_py'
[3.689s] Level 1:colcon.colcon_core.package_identification:_identify(example/SimulatedTransformationProvider/obj) by extensions ['ignore', 'ignore_ament_install']
[3.689s] Level 1:colcon.colcon_core.package_identification:_identify(example/SimulatedTransformationProvider/obj) by extension 'ignore'
[3.689s] Level 1:colcon.colcon_core.package_identification:_identify(example/SimulatedTransformationProvider/obj) by extension 'ignore_ament_install'
[3.689s] Level 1:colcon.colcon_core.package_identification:_identify(example/SimulatedTransformationProvider/obj) by extensions ['colcon_pkg']
[3.689s] Level 1:colcon.colcon_core.package_identification:_identify(example/SimulatedTransformationProvider/obj) by extension 'colcon_pkg'
[3.689s] Level 1:colcon.colcon_core.package_identification:_identify(example/SimulatedTransformationProvider/obj) by extensions ['colcon_meta']
[3.689s] Level 1:colcon.colcon_core.package_identification:_identify(example/SimulatedTransformationProvider/obj) by extension 'colcon_meta'
[3.689s] Level 1:colcon.colcon_core.package_identification:_identify(example/SimulatedTransformationProvider/obj) by extensions ['ros']
[3.689s] Level 1:colcon.colcon_core.package_identification:_identify(example/SimulatedTransformationProvider/obj) by extension 'ros'
[3.690s] Level 1:colcon.colcon_core.package_identification:_identify(example/SimulatedTransformationProvider/obj) by extensions ['cmake', 'python']
[3.690s] Level 1:colcon.colcon_core.package_identification:_identify(example/SimulatedTransformationProvider/obj) by extension 'cmake'
[3.690s] Level 1:colcon.colcon_core.package_identification:_identify(example/SimulatedTransformationProvider/obj) by extension 'python'
[3.690s] Level 1:colcon.colcon_core.package_identification:_identify(example/SimulatedTransformationProvider/obj) by extensions ['python_setup_py']
[3.690s] Level 1:colcon.colcon_core.package_identification:_identify(example/SimulatedTransformationProvider/obj) by extension 'python_setup_py'
[3.690s] Level 1:colcon.colcon_core.package_identification:_identify(example/TransformationProvider) by extensions ['ignore', 'ignore_ament_install']
[3.690s] Level 1:colcon.colcon_core.package_identification:_identify(example/TransformationProvider) by extension 'ignore'
[3.690s] Level 1:colcon.colcon_core.package_identification:_identify(example/TransformationProvider) by extension 'ignore_ament_install'
[3.690s] Level 1:colcon.colcon_core.package_identification:_identify(example/TransformationProvider) by extensions ['colcon_pkg']
[3.690s] Level 1:colcon.colcon_core.package_identification:_identify(example/TransformationProvider) by extension 'colcon_pkg'
[3.690s] Level 1:colcon.colcon_core.package_identification:_identify(example/TransformationProvider) by extensions ['colcon_meta']
[3.690s] Level 1:colcon.colcon_core.package_identification:_identify(example/TransformationProvider) by extension 'colcon_meta'
[3.690s] Level 1:colcon.colcon_core.package_identification:_identify(example/TransformationProvider) by extensions ['ros']
[3.690s] Level 1:colcon.colcon_core.package_identification:_identify(example/TransformationProvider) by extension 'ros'
[3.690s] Level 1:colcon.colcon_core.package_identification:_identify(example/TransformationProvider) by extensions ['cmake', 'python']
[3.690s] Level 1:colcon.colcon_core.package_identification:_identify(example/TransformationProvider) by extension 'cmake'
[3.691s] Level 1:colcon.colcon_core.package_identification:_identify(example/TransformationProvider) by extension 'python'
[3.691s] Level 1:colcon.colcon_core.package_identification:_identify(example/TransformationProvider) by extensions ['python_setup_py']
[3.691s] Level 1:colcon.colcon_core.package_identification:_identify(example/TransformationProvider) by extension 'python_setup_py'
[3.691s] Level 1:colcon.colcon_core.package_identification:_identify(example/TransformationProvider/obj) by extensions ['ignore', 'ignore_ament_install']
[3.691s] Level 1:colcon.colcon_core.package_identification:_identify(example/TransformationProvider/obj) by extension 'ignore'
[3.691s] Level 1:colcon.colcon_core.package_identification:_identify(example/TransformationProvider/obj) by extension 'ignore_ament_install'
[3.691s] Level 1:colcon.colcon_core.package_identification:_identify(example/TransformationProvider/obj) by extensions ['colcon_pkg']
[3.691s] Level 1:colcon.colcon_core.package_identification:_identify(example/TransformationProvider/obj) by extension 'colcon_pkg'
[3.691s] Level 1:colcon.colcon_core.package_identification:_identify(example/TransformationProvider/obj) by extensions ['colcon_meta']
[3.691s] Level 1:colcon.colcon_core.package_identification:_identify(example/TransformationProvider/obj) by extension 'colcon_meta'
[3.691s] Level 1:colcon.colcon_core.package_identification:_identify(example/TransformationProvider/obj) by extensions ['ros']
[3.691s] Level 1:colcon.colcon_core.package_identification:_identify(example/TransformationProvider/obj) by extension 'ros'
[3.691s] Level 1:colcon.colcon_core.package_identification:_identify(example/TransformationProvider/obj) by extensions ['cmake', 'python']
[3.691s] Level 1:colcon.colcon_core.package_identification:_identify(example/TransformationProvider/obj) by extension 'cmake'
[3.691s] Level 1:colcon.colcon_core.package_identification:_identify(example/TransformationProvider/obj) by extension 'python'
[3.692s] Level 1:colcon.colcon_core.package_identification:_identify(example/TransformationProvider/obj) by extensions ['python_setup_py']
[3.692s] Level 1:colcon.colcon_core.package_identification:_identify(example/TransformationProvider/obj) by extension 'python_setup_py'
[3.692s] Level 1:colcon.colcon_core.package_identification:_identify(include) by extensions ['ignore', 'ignore_ament_install']
[3.692s] Level 1:colcon.colcon_core.package_identification:_identify(include) by extension 'ignore'
[3.692s] Level 1:colcon.colcon_core.package_identification:_identify(include) by extension 'ignore_ament_install'
[3.692s] Level 1:colcon.colcon_core.package_identification:_identify(include) by extensions ['colcon_pkg']
[3.692s] Level 1:colcon.colcon_core.package_identification:_identify(include) by extension 'colcon_pkg'
[3.692s] Level 1:colcon.colcon_core.package_identification:_identify(include) by extensions ['colcon_meta']
[3.692s] Level 1:colcon.colcon_core.package_identification:_identify(include) by extension 'colcon_meta'
[3.692s] Level 1:colcon.colcon_core.package_identification:_identify(include) by extensions ['ros']
[3.692s] Level 1:colcon.colcon_core.package_identification:_identify(include) by extension 'ros'
[3.692s] Level 1:colcon.colcon_core.package_identification:_identify(include) by extensions ['cmake', 'python']
[3.692s] Level 1:colcon.colcon_core.package_identification:_identify(include) by extension 'cmake'
[3.692s] Level 1:colcon.colcon_core.package_identification:_identify(include) by extension 'python'
[3.692s] Level 1:colcon.colcon_core.package_identification:_identify(include) by extensions ['python_setup_py']
[3.692s] Level 1:colcon.colcon_core.package_identification:_identify(include) by extension 'python_setup_py'
[3.693s] Level 1:colcon.colcon_core.package_identification:_identify(lib) by extensions ['ignore', 'ignore_ament_install']
[3.693s] Level 1:colcon.colcon_core.package_identification:_identify(lib) by extension 'ignore'
[3.693s] Level 1:colcon.colcon_core.package_identification:_identify(lib) by extension 'ignore_ament_install'
[3.693s] Level 1:colcon.colcon_core.package_identification:_identify(lib) by extensions ['colcon_pkg']
[3.693s] Level 1:colcon.colcon_core.package_identification:_identify(lib) by extension 'colcon_pkg'
[3.693s] Level 1:colcon.colcon_core.package_identification:_identify(lib) by extensions ['colcon_meta']
[3.693s] Level 1:colcon.colcon_core.package_identification:_identify(lib) by extension 'colcon_meta'
[3.693s] Level 1:colcon.colcon_core.package_identification:_identify(lib) by extensions ['ros']
[3.693s] Level 1:colcon.colcon_core.package_identification:_identify(lib) by extension 'ros'
[3.693s] Level 1:colcon.colcon_core.package_identification:_identify(lib) by extensions ['cmake', 'python']
[3.693s] Level 1:colcon.colcon_core.package_identification:_identify(lib) by extension 'cmake'
[3.693s] Level 1:colcon.colcon_core.package_identification:_identify(lib) by extension 'python'
[3.693s] Level 1:colcon.colcon_core.package_identification:_identify(lib) by extensions ['python_setup_py']
[3.693s] Level 1:colcon.colcon_core.package_identification:_identify(lib) by extension 'python_setup_py'
[3.693s] Level 1:colcon.colcon_core.package_identification:_identify(log) by extensions ['ignore', 'ignore_ament_install']
[3.694s] Level 1:colcon.colcon_core.package_identification:_identify(log) by extension 'ignore'
[3.694s] Level 1:colcon.colcon_core.package_identification:_identify(log) ignored
[3.694s] Level 1:colcon.colcon_core.package_identification:_identify(src) by extensions ['ignore', 'ignore_ament_install']
[3.694s] Level 1:colcon.colcon_core.package_identification:_identify(src) by extension 'ignore'
[3.694s] Level 1:colcon.colcon_core.package_identification:_identify(src) by extension 'ignore_ament_install'
[3.694s] Level 1:colcon.colcon_core.package_identification:_identify(src) by extensions ['colcon_pkg']
[3.694s] Level 1:colcon.colcon_core.package_identification:_identify(src) by extension 'colcon_pkg'
[3.694s] Level 1:colcon.colcon_core.package_identification:_identify(src) by extensions ['colcon_meta']
[3.694s] Level 1:colcon.colcon_core.package_identification:_identify(src) by extension 'colcon_meta'
[3.694s] Level 1:colcon.colcon_core.package_identification:_identify(src) by extensions ['ros']
[3.694s] Level 1:colcon.colcon_core.package_identification:_identify(src) by extension 'ros'
[3.694s] Level 1:colcon.colcon_core.package_identification:_identify(src) by extensions ['cmake', 'python']
[3.694s] Level 1:colcon.colcon_core.package_identification:_identify(src) by extension 'cmake'
[3.694s] Level 1:colcon.colcon_core.package_identification:_identify(src) by extension 'python'
[3.694s] Level 1:colcon.colcon_core.package_identification:_identify(src) by extensions ['python_setup_py']
[3.694s] Level 1:colcon.colcon_core.package_identification:_identify(src) by extension 'python_setup_py'
[3.695s] Level 1:colcon.colcon_core.package_identification:_identify(src/base) by extensions ['ignore', 'ignore_ament_install']
[3.695s] Level 1:colcon.colcon_core.package_identification:_identify(src/base) by extension 'ignore'
[3.695s] Level 1:colcon.colcon_core.package_identification:_identify(src/base) by extension 'ignore_ament_install'
[3.695s] Level 1:colcon.colcon_core.package_identification:_identify(src/base) by extensions ['colcon_pkg']
[3.695s] Level 1:colcon.colcon_core.package_identification:_identify(src/base) by extension 'colcon_pkg'
[3.695s] Level 1:colcon.colcon_core.package_identification:_identify(src/base) by extensions ['colcon_meta']
[3.695s] Level 1:colcon.colcon_core.package_identification:_identify(src/base) by extension 'colcon_meta'
[3.695s] Level 1:colcon.colcon_core.package_identification:_identify(src/base) by extensions ['ros']
[3.695s] Level 1:colcon.colcon_core.package_identification:_identify(src/base) by extension 'ros'
[3.695s] Level 1:colcon.colcon_core.package_identification:_identify(src/base) by extensions ['cmake', 'python']
[3.695s] Level 1:colcon.colcon_core.package_identification:_identify(src/base) by extension 'cmake'
[3.695s] Level 1:colcon.colcon_core.package_identification:_identify(src/base) by extension 'python'
[3.695s] Level 1:colcon.colcon_core.package_identification:_identify(src/base) by extensions ['python_setup_py']
[3.695s] Level 1:colcon.colcon_core.package_identification:_identify(src/base) by extension 'python_setup_py'
[3.695s] Level 1:colcon.colcon_core.package_identification:_identify(src/base/obj) by extensions ['ignore', 'ignore_ament_install']
[3.696s] Level 1:colcon.colcon_core.package_identification:_identify(src/base/obj) by extension 'ignore'
[3.696s] Level 1:colcon.colcon_core.package_identification:_identify(src/base/obj) by extension 'ignore_ament_install'
[3.696s] Level 1:colcon.colcon_core.package_identification:_identify(src/base/obj) by extensions ['colcon_pkg']
[3.696s] Level 1:colcon.colcon_core.package_identification:_identify(src/base/obj) by extension 'colcon_pkg'
[3.696s] Level 1:colcon.colcon_core.package_identification:_identify(src/base/obj) by extensions ['colcon_meta']
[3.696s] Level 1:colcon.colcon_core.package_identification:_identify(src/base/obj) by extension 'colcon_meta'
[3.696s] Level 1:colcon.colcon_core.package_identification:_identify(src/base/obj) by extensions ['ros']
[3.696s] Level 1:colcon.colcon_core.package_identification:_identify(src/base/obj) by extension 'ros'
[3.696s] Level 1:colcon.colcon_core.package_identification:_identify(src/base/obj) by extensions ['cmake', 'python']
[3.696s] Level 1:colcon.colcon_core.package_identification:_identify(src/base/obj) by extension 'cmake'
[3.696s] Level 1:colcon.colcon_core.package_identification:_identify(src/base/obj) by extension 'python'
[3.696s] Level 1:colcon.colcon_core.package_identification:_identify(src/base/obj) by extensions ['python_setup_py']
[3.696s] Level 1:colcon.colcon_core.package_identification:_identify(src/base/obj) by extension 'python_setup_py'
[3.696s] Level 1:colcon.colcon_core.package_identification:_identify(src/client_lbr) by extensions ['ignore', 'ignore_ament_install']
[3.696s] Level 1:colcon.colcon_core.package_identification:_identify(src/client_lbr) by extension 'ignore'
[3.696s] Level 1:colcon.colcon_core.package_identification:_identify(src/client_lbr) by extension 'ignore_ament_install'
[3.697s] Level 1:colcon.colcon_core.package_identification:_identify(src/client_lbr) by extensions ['colcon_pkg']
[3.697s] Level 1:colcon.colcon_core.package_identification:_identify(src/client_lbr) by extension 'colcon_pkg'
[3.697s] Level 1:colcon.colcon_core.package_identification:_identify(src/client_lbr) by extensions ['colcon_meta']
[3.697s] Level 1:colcon.colcon_core.package_identification:_identify(src/client_lbr) by extension 'colcon_meta'
[3.697s] Level 1:colcon.colcon_core.package_identification:_identify(src/client_lbr) by extensions ['ros']
[3.697s] Level 1:colcon.colcon_core.package_identification:_identify(src/client_lbr) by extension 'ros'
[3.697s] Level 1:colcon.colcon_core.package_identification:_identify(src/client_lbr) by extensions ['cmake', 'python']
[3.697s] Level 1:colcon.colcon_core.package_identification:_identify(src/client_lbr) by extension 'cmake'
[3.697s] Level 1:colcon.colcon_core.package_identification:_identify(src/client_lbr) by extension 'python'
[3.697s] Level 1:colcon.colcon_core.package_identification:_identify(src/client_lbr) by extensions ['python_setup_py']
[3.697s] Level 1:colcon.colcon_core.package_identification:_identify(src/client_lbr) by extension 'python_setup_py'
[3.697s] Level 1:colcon.colcon_core.package_identification:_identify(src/client_lbr/obj) by extensions ['ignore', 'ignore_ament_install']
[3.697s] Level 1:colcon.colcon_core.package_identification:_identify(src/client_lbr/obj) by extension 'ignore'
[3.697s] Level 1:colcon.colcon_core.package_identification:_identify(src/client_lbr/obj) by extension 'ignore_ament_install'
[3.697s] Level 1:colcon.colcon_core.package_identification:_identify(src/client_lbr/obj) by extensions ['colcon_pkg']
[3.697s] Level 1:colcon.colcon_core.package_identification:_identify(src/client_lbr/obj) by extension 'colcon_pkg'
[3.698s] Level 1:colcon.colcon_core.package_identification:_identify(src/client_lbr/obj) by extensions ['colcon_meta']
[3.698s] Level 1:colcon.colcon_core.package_identification:_identify(src/client_lbr/obj) by extension 'colcon_meta'
[3.698s] Level 1:colcon.colcon_core.package_identification:_identify(src/client_lbr/obj) by extensions ['ros']
[3.698s] Level 1:colcon.colcon_core.package_identification:_identify(src/client_lbr/obj) by extension 'ros'
[3.698s] Level 1:colcon.colcon_core.package_identification:_identify(src/client_lbr/obj) by extensions ['cmake', 'python']
[3.698s] Level 1:colcon.colcon_core.package_identification:_identify(src/client_lbr/obj) by extension 'cmake'
[3.698s] Level 1:colcon.colcon_core.package_identification:_identify(src/client_lbr/obj) by extension 'python'
[3.698s] Level 1:colcon.colcon_core.package_identification:_identify(src/client_lbr/obj) by extensions ['python_setup_py']
[3.698s] Level 1:colcon.colcon_core.package_identification:_identify(src/client_lbr/obj) by extension 'python_setup_py'
[3.698s] Level 1:colcon.colcon_core.package_identification:_identify(src/client_trafo) by extensions ['ignore', 'ignore_ament_install']
[3.698s] Level 1:colcon.colcon_core.package_identification:_identify(src/client_trafo) by extension 'ignore'
[3.698s] Level 1:colcon.colcon_core.package_identification:_identify(src/client_trafo) by extension 'ignore_ament_install'
[3.698s] Level 1:colcon.colcon_core.package_identification:_identify(src/client_trafo) by extensions ['colcon_pkg']
[3.698s] Level 1:colcon.colcon_core.package_identification:_identify(src/client_trafo) by extension 'colcon_pkg'
[3.698s] Level 1:colcon.colcon_core.package_identification:_identify(src/client_trafo) by extensions ['colcon_meta']
[3.698s] Level 1:colcon.colcon_core.package_identification:_identify(src/client_trafo) by extension 'colcon_meta'
[3.699s] Level 1:colcon.colcon_core.package_identification:_identify(src/client_trafo) by extensions ['ros']
[3.699s] Level 1:colcon.colcon_core.package_identification:_identify(src/client_trafo) by extension 'ros'
[3.699s] Level 1:colcon.colcon_core.package_identification:_identify(src/client_trafo) by extensions ['cmake', 'python']
[3.699s] Level 1:colcon.colcon_core.package_identification:_identify(src/client_trafo) by extension 'cmake'
[3.699s] Level 1:colcon.colcon_core.package_identification:_identify(src/client_trafo) by extension 'python'
[3.699s] Level 1:colcon.colcon_core.package_identification:_identify(src/client_trafo) by extensions ['python_setup_py']
[3.699s] Level 1:colcon.colcon_core.package_identification:_identify(src/client_trafo) by extension 'python_setup_py'
[3.699s] Level 1:colcon.colcon_core.package_identification:_identify(src/client_trafo/obj) by extensions ['ignore', 'ignore_ament_install']
[3.699s] Level 1:colcon.colcon_core.package_identification:_identify(src/client_trafo/obj) by extension 'ignore'
[3.699s] Level 1:colcon.colcon_core.package_identification:_identify(src/client_trafo/obj) by extension 'ignore_ament_install'
[3.699s] Level 1:colcon.colcon_core.package_identification:_identify(src/client_trafo/obj) by extensions ['colcon_pkg']
[3.699s] Level 1:colcon.colcon_core.package_identification:_identify(src/client_trafo/obj) by extension 'colcon_pkg'
[3.699s] Level 1:colcon.colcon_core.package_identification:_identify(src/client_trafo/obj) by extensions ['colcon_meta']
[3.699s] Level 1:colcon.colcon_core.package_identification:_identify(src/client_trafo/obj) by extension 'colcon_meta'
[3.699s] Level 1:colcon.colcon_core.package_identification:_identify(src/client_trafo/obj) by extensions ['ros']
[3.699s] Level 1:colcon.colcon_core.package_identification:_identify(src/client_trafo/obj) by extension 'ros'
[3.700s] Level 1:colcon.colcon_core.package_identification:_identify(src/client_trafo/obj) by extensions ['cmake', 'python']
[3.700s] Level 1:colcon.colcon_core.package_identification:_identify(src/client_trafo/obj) by extension 'cmake'
[3.700s] Level 1:colcon.colcon_core.package_identification:_identify(src/client_trafo/obj) by extension 'python'
[3.700s] Level 1:colcon.colcon_core.package_identification:_identify(src/client_trafo/obj) by extensions ['python_setup_py']
[3.700s] Level 1:colcon.colcon_core.package_identification:_identify(src/client_trafo/obj) by extension 'python_setup_py'
[3.700s] Level 1:colcon.colcon_core.package_identification:_identify(src/connection) by extensions ['ignore', 'ignore_ament_install']
[3.700s] Level 1:colcon.colcon_core.package_identification:_identify(src/connection) by extension 'ignore'
[3.700s] Level 1:colcon.colcon_core.package_identification:_identify(src/connection) by extension 'ignore_ament_install'
[3.700s] Level 1:colcon.colcon_core.package_identification:_identify(src/connection) by extensions ['colcon_pkg']
[3.700s] Level 1:colcon.colcon_core.package_identification:_identify(src/connection) by extension 'colcon_pkg'
[3.700s] Level 1:colcon.colcon_core.package_identification:_identify(src/connection) by extensions ['colcon_meta']
[3.700s] Level 1:colcon.colcon_core.package_identification:_identify(src/connection) by extension 'colcon_meta'
[3.700s] Level 1:colcon.colcon_core.package_identification:_identify(src/connection) by extensions ['ros']
[3.700s] Level 1:colcon.colcon_core.package_identification:_identify(src/connection) by extension 'ros'
[3.700s] Level 1:colcon.colcon_core.package_identification:_identify(src/connection) by extensions ['cmake', 'python']
[3.700s] Level 1:colcon.colcon_core.package_identification:_identify(src/connection) by extension 'cmake'
[3.701s] Level 1:colcon.colcon_core.package_identification:_identify(src/connection) by extension 'python'
[3.701s] Level 1:colcon.colcon_core.package_identification:_identify(src/connection) by extensions ['python_setup_py']
[3.701s] Level 1:colcon.colcon_core.package_identification:_identify(src/connection) by extension 'python_setup_py'
[3.701s] Level 1:colcon.colcon_core.package_identification:_identify(src/connection/obj) by extensions ['ignore', 'ignore_ament_install']
[3.701s] Level 1:colcon.colcon_core.package_identification:_identify(src/connection/obj) by extension 'ignore'
[3.701s] Level 1:colcon.colcon_core.package_identification:_identify(src/connection/obj) by extension 'ignore_ament_install'
[3.701s] Level 1:colcon.colcon_core.package_identification:_identify(src/connection/obj) by extensions ['colcon_pkg']
[3.701s] Level 1:colcon.colcon_core.package_identification:_identify(src/connection/obj) by extension 'colcon_pkg'
[3.701s] Level 1:colcon.colcon_core.package_identification:_identify(src/connection/obj) by extensions ['colcon_meta']
[3.701s] Level 1:colcon.colcon_core.package_identification:_identify(src/connection/obj) by extension 'colcon_meta'
[3.701s] Level 1:colcon.colcon_core.package_identification:_identify(src/connection/obj) by extensions ['ros']
[3.701s] Level 1:colcon.colcon_core.package_identification:_identify(src/connection/obj) by extension 'ros'
[3.701s] Level 1:colcon.colcon_core.package_identification:_identify(src/connection/obj) by extensions ['cmake', 'python']
[3.701s] Level 1:colcon.colcon_core.package_identification:_identify(src/connection/obj) by extension 'cmake'
[3.701s] Level 1:colcon.colcon_core.package_identification:_identify(src/connection/obj) by extension 'python'
[3.701s] Level 1:colcon.colcon_core.package_identification:_identify(src/connection/obj) by extensions ['python_setup_py']
[3.702s] Level 1:colcon.colcon_core.package_identification:_identify(src/connection/obj) by extension 'python_setup_py'
[3.702s] Level 1:colcon.colcon_core.package_identification:_identify(src/nanopb-0.2.8) by extensions ['ignore', 'ignore_ament_install']
[3.702s] Level 1:colcon.colcon_core.package_identification:_identify(src/nanopb-0.2.8) by extension 'ignore'
[3.702s] Level 1:colcon.colcon_core.package_identification:_identify(src/nanopb-0.2.8) by extension 'ignore_ament_install'
[3.702s] Level 1:colcon.colcon_core.package_identification:_identify(src/nanopb-0.2.8) by extensions ['colcon_pkg']
[3.702s] Level 1:colcon.colcon_core.package_identification:_identify(src/nanopb-0.2.8) by extension 'colcon_pkg'
[3.702s] Level 1:colcon.colcon_core.package_identification:_identify(src/nanopb-0.2.8) by extensions ['colcon_meta']
[3.702s] Level 1:colcon.colcon_core.package_identification:_identify(src/nanopb-0.2.8) by extension 'colcon_meta'
[3.702s] Level 1:colcon.colcon_core.package_identification:_identify(src/nanopb-0.2.8) by extensions ['ros']
[3.702s] Level 1:colcon.colcon_core.package_identification:_identify(src/nanopb-0.2.8) by extension 'ros'
[3.702s] Level 1:colcon.colcon_core.package_identification:_identify(src/nanopb-0.2.8) by extensions ['cmake', 'python']
[3.702s] Level 1:colcon.colcon_core.package_identification:_identify(src/nanopb-0.2.8) by extension 'cmake'
[3.702s] Level 1:colcon.colcon_core.package_identification:_identify(src/nanopb-0.2.8) by extension 'python'
[3.702s] Level 1:colcon.colcon_core.package_identification:_identify(src/nanopb-0.2.8) by extensions ['python_setup_py']
[3.702s] Level 1:colcon.colcon_core.package_identification:_identify(src/nanopb-0.2.8) by extension 'python_setup_py'
[3.703s] Level 1:colcon.colcon_core.package_identification:_identify(src/nanopb-0.2.8/obj) by extensions ['ignore', 'ignore_ament_install']
[3.703s] Level 1:colcon.colcon_core.package_identification:_identify(src/nanopb-0.2.8/obj) by extension 'ignore'
[3.703s] Level 1:colcon.colcon_core.package_identification:_identify(src/nanopb-0.2.8/obj) by extension 'ignore_ament_install'
[3.703s] Level 1:colcon.colcon_core.package_identification:_identify(src/nanopb-0.2.8/obj) by extensions ['colcon_pkg']
[3.703s] Level 1:colcon.colcon_core.package_identification:_identify(src/nanopb-0.2.8/obj) by extension 'colcon_pkg'
[3.703s] Level 1:colcon.colcon_core.package_identification:_identify(src/nanopb-0.2.8/obj) by extensions ['colcon_meta']
[3.703s] Level 1:colcon.colcon_core.package_identification:_identify(src/nanopb-0.2.8/obj) by extension 'colcon_meta'
[3.703s] Level 1:colcon.colcon_core.package_identification:_identify(src/nanopb-0.2.8/obj) by extensions ['ros']
[3.703s] Level 1:colcon.colcon_core.package_identification:_identify(src/nanopb-0.2.8/obj) by extension 'ros'
[3.703s] Level 1:colcon.colcon_core.package_identification:_identify(src/nanopb-0.2.8/obj) by extensions ['cmake', 'python']
[3.703s] Level 1:colcon.colcon_core.package_identification:_identify(src/nanopb-0.2.8/obj) by extension 'cmake'
[3.703s] Level 1:colcon.colcon_core.package_identification:_identify(src/nanopb-0.2.8/obj) by extension 'python'
[3.703s] Level 1:colcon.colcon_core.package_identification:_identify(src/nanopb-0.2.8/obj) by extensions ['python_setup_py']
[3.703s] Level 1:colcon.colcon_core.package_identification:_identify(src/nanopb-0.2.8/obj) by extension 'python_setup_py'
[3.703s] Level 1:colcon.colcon_core.package_identification:_identify(src/protobuf) by extensions ['ignore', 'ignore_ament_install']
[3.703s] Level 1:colcon.colcon_core.package_identification:_identify(src/protobuf) by extension 'ignore'
[3.704s] Level 1:colcon.colcon_core.package_identification:_identify(src/protobuf) by extension 'ignore_ament_install'
[3.704s] Level 1:colcon.colcon_core.package_identification:_identify(src/protobuf) by extensions ['colcon_pkg']
[3.704s] Level 1:colcon.colcon_core.package_identification:_identify(src/protobuf) by extension 'colcon_pkg'
[3.704s] Level 1:colcon.colcon_core.package_identification:_identify(src/protobuf) by extensions ['colcon_meta']
[3.704s] Level 1:colcon.colcon_core.package_identification:_identify(src/protobuf) by extension 'colcon_meta'
[3.704s] Level 1:colcon.colcon_core.package_identification:_identify(src/protobuf) by extensions ['ros']
[3.704s] Level 1:colcon.colcon_core.package_identification:_identify(src/protobuf) by extension 'ros'
[3.704s] Level 1:colcon.colcon_core.package_identification:_identify(src/protobuf) by extensions ['cmake', 'python']
[3.704s] Level 1:colcon.colcon_core.package_identification:_identify(src/protobuf) by extension 'cmake'
[3.704s] Level 1:colcon.colcon_core.package_identification:_identify(src/protobuf) by extension 'python'
[3.704s] Level 1:colcon.colcon_core.package_identification:_identify(src/protobuf) by extensions ['python_setup_py']
[3.704s] Level 1:colcon.colcon_core.package_identification:_identify(src/protobuf) by extension 'python_setup_py'
[3.704s] Level 1:colcon.colcon_core.package_identification:_identify(src/protobuf/obj) by extensions ['ignore', 'ignore_ament_install']
[3.704s] Level 1:colcon.colcon_core.package_identification:_identify(src/protobuf/obj) by extension 'ignore'
[3.704s] Level 1:colcon.colcon_core.package_identification:_identify(src/protobuf/obj) by extension 'ignore_ament_install'
[3.705s] Level 1:colcon.colcon_core.package_identification:_identify(src/protobuf/obj) by extensions ['colcon_pkg']
[3.705s] Level 1:colcon.colcon_core.package_identification:_identify(src/protobuf/obj) by extension 'colcon_pkg'
[3.705s] Level 1:colcon.colcon_core.package_identification:_identify(src/protobuf/obj) by extensions ['colcon_meta']
[3.705s] Level 1:colcon.colcon_core.package_identification:_identify(src/protobuf/obj) by extension 'colcon_meta'
[3.705s] Level 1:colcon.colcon_core.package_identification:_identify(src/protobuf/obj) by extensions ['ros']
[3.705s] Level 1:colcon.colcon_core.package_identification:_identify(src/protobuf/obj) by extension 'ros'
[3.705s] Level 1:colcon.colcon_core.package_identification:_identify(src/protobuf/obj) by extensions ['cmake', 'python']
[3.705s] Level 1:colcon.colcon_core.package_identification:_identify(src/protobuf/obj) by extension 'cmake'
[3.705s] Level 1:colcon.colcon_core.package_identification:_identify(src/protobuf/obj) by extension 'python'
[3.705s] Level 1:colcon.colcon_core.package_identification:_identify(src/protobuf/obj) by extensions ['python_setup_py']
[3.705s] Level 1:colcon.colcon_core.package_identification:_identify(src/protobuf/obj) by extension 'python_setup_py'
[3.705s] Level 1:colcon.colcon_core.package_identification:_identify(src/protobuf_gen) by extensions ['ignore', 'ignore_ament_install']
[3.705s] Level 1:colcon.colcon_core.package_identification:_identify(src/protobuf_gen) by extension 'ignore'
[3.705s] Level 1:colcon.colcon_core.package_identification:_identify(src/protobuf_gen) by extension 'ignore_ament_install'
[3.706s] Level 1:colcon.colcon_core.package_identification:_identify(src/protobuf_gen) by extensions ['colcon_pkg']
[3.706s] Level 1:colcon.colcon_core.package_identification:_identify(src/protobuf_gen) by extension 'colcon_pkg'
[3.706s] Level 1:colcon.colcon_core.package_identification:_identify(src/protobuf_gen) by extensions ['colcon_meta']
[3.706s] Level 1:colcon.colcon_core.package_identification:_identify(src/protobuf_gen) by extension 'colcon_meta'
[3.706s] Level 1:colcon.colcon_core.package_identification:_identify(src/protobuf_gen) by extensions ['ros']
[3.706s] Level 1:colcon.colcon_core.package_identification:_identify(src/protobuf_gen) by extension 'ros'
[3.706s] Level 1:colcon.colcon_core.package_identification:_identify(src/protobuf_gen) by extensions ['cmake', 'python']
[3.706s] Level 1:colcon.colcon_core.package_identification:_identify(src/protobuf_gen) by extension 'cmake'
[3.706s] Level 1:colcon.colcon_core.package_identification:_identify(src/protobuf_gen) by extension 'python'
[3.706s] Level 1:colcon.colcon_core.package_identification:_identify(src/protobuf_gen) by extensions ['python_setup_py']
[3.706s] Level 1:colcon.colcon_core.package_identification:_identify(src/protobuf_gen) by extension 'python_setup_py'
[3.706s] Level 1:colcon.colcon_core.package_identification:_identify(src/protobuf_gen/obj) by extensions ['ignore', 'ignore_ament_install']
[3.707s] Level 1:colcon.colcon_core.package_identification:_identify(src/protobuf_gen/obj) by extension 'ignore'
[3.707s] Level 1:colcon.colcon_core.package_identification:_identify(src/protobuf_gen/obj) by extension 'ignore_ament_install'
[3.707s] Level 1:colcon.colcon_core.package_identification:_identify(src/protobuf_gen/obj) by extensions ['colcon_pkg']
[3.707s] Level 1:colcon.colcon_core.package_identification:_identify(src/protobuf_gen/obj) by extension 'colcon_pkg'
[3.707s] Level 1:colcon.colcon_core.package_identification:_identify(src/protobuf_gen/obj) by extensions ['colcon_meta']
[3.707s] Level 1:colcon.colcon_core.package_identification:_identify(src/protobuf_gen/obj) by extension 'colcon_meta'
[3.707s] Level 1:colcon.colcon_core.package_identification:_identify(src/protobuf_gen/obj) by extensions ['ros']
[3.707s] Level 1:colcon.colcon_core.package_identification:_identify(src/protobuf_gen/obj) by extension 'ros'
[3.707s] Level 1:colcon.colcon_core.package_identification:_identify(src/protobuf_gen/obj) by extensions ['cmake', 'python']
[3.707s] Level 1:colcon.colcon_core.package_identification:_identify(src/protobuf_gen/obj) by extension 'cmake'
[3.707s] Level 1:colcon.colcon_core.package_identification:_identify(src/protobuf_gen/obj) by extension 'python'
[3.707s] Level 1:colcon.colcon_core.package_identification:_identify(src/protobuf_gen/obj) by extensions ['python_setup_py']
[3.707s] Level 1:colcon.colcon_core.package_identification:_identify(src/protobuf_gen/obj) by extension 'python_setup_py'
[3.708s] Level 1:colcon.colcon_core.package_discovery:discover_packages(recursive) using defaults
[3.708s] Level 1:colcon.colcon_core.package_discovery:discover_packages(ignore) discover
[3.708s] Level 1:colcon.colcon_core.package_discovery:discover_packages(ignore) using defaults
[3.708s] Level 1:colcon.colcon_core.package_discovery:discover_packages(path) discover
[3.708s] Level 1:colcon.colcon_core.package_discovery:discover_packages(path) using defaults
