[1.084s] DEBUG:colcon:Command line arguments: ['/usr/bin/colcon', 'list', '-n']
[1.085s] DEBUG:colcon:Parsed command line arguments: Namespace(base_paths=['.'], build_base='build', ignore_user_meta=False, log_base=None, log_level=None, main=<bound method ListVerb.main of <colcon_package_information.verb.list.ListVerb object at 0x7fdc3711afd0>>, metas=['./colcon.meta'], names_only=True, packages_above=None, packages_above_and_dependencies=None, packages_above_depth=None, packages_end=None, packages_ignore=None, packages_ignore_regex=None, packages_select=None, packages_select_build_failed=False, packages_select_by_dep=None, packages_select_regex=None, packages_select_test_failures=False, packages_skip=None, packages_skip_build_finished=False, packages_skip_by_dep=None, packages_skip_regex=None, packages_skip_test_passed=False, packages_skip_up_to=None, packages_start=None, packages_up_to=None, packages_up_to_regex=None, paths=None, paths_only=False, topological_graph=False, topological_graph_density=False, topological_graph_dot=False, topological_graph_dot_cluster=False, topological_graph_dot_include_skipped=False, topological_graph_legend=False, topological_order=False, verb_extension=<colcon_package_information.verb.list.ListVerb object at 0x7fdc3711afd0>, verb_name='list', verb_parser=<colcon_defaults.argument_parser.defaults.DefaultArgumentsDecorator object at 0x7fdc37126ee0>)
[2.144s] Level 1:colcon.colcon_core.package_discovery:discover_packages(colcon_meta) check parameters
[2.144s] Level 1:colcon.colcon_core.package_discovery:discover_packages(recursive) check parameters
[2.144s] Level 1:colcon.colcon_core.package_discovery:discover_packages(ignore) check parameters
[2.144s] Level 1:colcon.colcon_core.package_discovery:discover_packages(path) check parameters
[2.144s] Level 1:colcon.colcon_core.package_discovery:discover_packages(colcon_meta) discover
[2.144s] Level 1:colcon.colcon_core.package_discovery:discover_packages(recursive) discover
[2.145s] INFO:colcon.colcon_core.package_discovery:Crawling recursively for packages in '/home/mh/Desktop/FRI-Client-SDK_Cpp'
[2.145s] Level 1:colcon.colcon_core.package_identification:_identify(.) by extensions ['ignore', 'ignore_ament_install']
[2.145s] Level 1:colcon.colcon_core.package_identification:_identify(.) by extension 'ignore'
[2.145s] Level 1:colcon.colcon_core.package_identification:_identify(.) by extension 'ignore_ament_install'
[2.145s] Level 1:colcon.colcon_core.package_identification:_identify(.) by extensions ['colcon_pkg']
[2.145s] Level 1:colcon.colcon_core.package_identification:_identify(.) by extension 'colcon_pkg'
[2.145s] Level 1:colcon.colcon_core.package_identification:_identify(.) by extensions ['colcon_meta']
[2.145s] Level 1:colcon.colcon_core.package_identification:_identify(.) by extension 'colcon_meta'
[2.145s] Level 1:colcon.colcon_core.package_identification:_identify(.) by extensions ['ros']
[2.145s] Level 1:colcon.colcon_core.package_identification:_identify(.) by extension 'ros'
[2.160s] Level 1:colcon.colcon_core.package_identification:_identify(.) by extensions ['cmake', 'python']
[2.160s] Level 1:colcon.colcon_core.package_identification:_identify(.) by extension 'cmake'
[2.160s] Level 1:colcon.colcon_core.package_identification:_identify(.) by extension 'python'
[2.160s] Level 1:colcon.colcon_core.package_identification:_identify(.) by extensions ['python_setup_py']
[2.160s] Level 1:colcon.colcon_core.package_identification:_identify(.) by extension 'python_setup_py'
[2.160s] Level 1:colcon.colcon_core.package_identification:_identify(bin) by extensions ['ignore', 'ignore_ament_install']
[2.160s] Level 1:colcon.colcon_core.package_identification:_identify(bin) by extension 'ignore'
[2.161s] Level 1:colcon.colcon_core.package_identification:_identify(bin) by extension 'ignore_ament_install'
[2.161s] Level 1:colcon.colcon_core.package_identification:_identify(bin) by extensions ['colcon_pkg']
[2.161s] Level 1:colcon.colcon_core.package_identification:_identify(bin) by extension 'colcon_pkg'
[2.161s] Level 1:colcon.colcon_core.package_identification:_identify(bin) by extensions ['colcon_meta']
[2.161s] Level 1:colcon.colcon_core.package_identification:_identify(bin) by extension 'colcon_meta'
[2.161s] Level 1:colcon.colcon_core.package_identification:_identify(bin) by extensions ['ros']
[2.161s] Level 1:colcon.colcon_core.package_identification:_identify(bin) by extension 'ros'
[2.161s] Level 1:colcon.colcon_core.package_identification:_identify(bin) by extensions ['cmake', 'python']
[2.161s] Level 1:colcon.colcon_core.package_identification:_identify(bin) by extension 'cmake'
[2.161s] Level 1:colcon.colcon_core.package_identification:_identify(bin) by extension 'python'
[2.161s] Level 1:colcon.colcon_core.package_identification:_identify(bin) by extensions ['python_setup_py']
[2.162s] Level 1:colcon.colcon_core.package_identification:_identify(bin) by extension 'python_setup_py'
[2.162s] Level 1:colcon.colcon_core.package_identification:_identify(build) by extensions ['ignore', 'ignore_ament_install']
[2.162s] Level 1:colcon.colcon_core.package_identification:_identify(build) by extension 'ignore'
[2.162s] Level 1:colcon.colcon_core.package_identification:_identify(build) by extension 'ignore_ament_install'
[2.162s] Level 1:colcon.colcon_core.package_identification:_identify(build) by extensions ['colcon_pkg']
[2.162s] Level 1:colcon.colcon_core.package_identification:_identify(build) by extension 'colcon_pkg'
[2.162s] Level 1:colcon.colcon_core.package_identification:_identify(build) by extensions ['colcon_meta']
[2.162s] Level 1:colcon.colcon_core.package_identification:_identify(build) by extension 'colcon_meta'
[2.162s] Level 1:colcon.colcon_core.package_identification:_identify(build) by extensions ['ros']
[2.163s] Level 1:colcon.colcon_core.package_identification:_identify(build) by extension 'ros'
[2.163s] Level 1:colcon.colcon_core.package_identification:_identify(build) by extensions ['cmake', 'python']
[2.163s] Level 1:colcon.colcon_core.package_identification:_identify(build) by extension 'cmake'
[2.163s] Level 1:colcon.colcon_core.package_identification:_identify(build) by extension 'python'
[2.163s] Level 1:colcon.colcon_core.package_identification:_identify(build) by extensions ['python_setup_py']
[2.163s] Level 1:colcon.colcon_core.package_identification:_identify(build) by extension 'python_setup_py'
[2.163s] Level 1:colcon.colcon_core.package_identification:_identify(build/GNUMake) by extensions ['ignore', 'ignore_ament_install']
[2.163s] Level 1:colcon.colcon_core.package_identification:_identify(build/GNUMake) by extension 'ignore'
[2.163s] Level 1:colcon.colcon_core.package_identification:_identify(build/GNUMake) by extension 'ignore_ament_install'
[2.164s] Level 1:colcon.colcon_core.package_identification:_identify(build/GNUMake) by extensions ['colcon_pkg']
[2.164s] Level 1:colcon.colcon_core.package_identification:_identify(build/GNUMake) by extension 'colcon_pkg'
[2.164s] Level 1:colcon.colcon_core.package_identification:_identify(build/GNUMake) by extensions ['colcon_meta']
[2.164s] Level 1:colcon.colcon_core.package_identification:_identify(build/GNUMake) by extension 'colcon_meta'
[2.164s] Level 1:colcon.colcon_core.package_identification:_identify(build/GNUMake) by extensions ['ros']
[2.164s] Level 1:colcon.colcon_core.package_identification:_identify(build/GNUMake) by extension 'ros'
[2.164s] Level 1:colcon.colcon_core.package_identification:_identify(build/GNUMake) by extensions ['cmake', 'python']
[2.164s] Level 1:colcon.colcon_core.package_identification:_identify(build/GNUMake) by extension 'cmake'
[2.164s] Level 1:colcon.colcon_core.package_identification:_identify(build/GNUMake) by extension 'python'
[2.164s] Level 1:colcon.colcon_core.package_identification:_identify(build/GNUMake) by extensions ['python_setup_py']
[2.164s] Level 1:colcon.colcon_core.package_identification:_identify(build/GNUMake) by extension 'python_setup_py'
[2.165s] Level 1:colcon.colcon_core.package_identification:_identify(build/MSVisualStudio2010) by extensions ['ignore', 'ignore_ament_install']
[2.165s] Level 1:colcon.colcon_core.package_identification:_identify(build/MSVisualStudio2010) by extension 'ignore'
[2.165s] Level 1:colcon.colcon_core.package_identification:_identify(build/MSVisualStudio2010) by extension 'ignore_ament_install'
[2.165s] Level 1:colcon.colcon_core.package_identification:_identify(build/MSVisualStudio2010) by extensions ['colcon_pkg']
[2.165s] Level 1:colcon.colcon_core.package_identification:_identify(build/MSVisualStudio2010) by extension 'colcon_pkg'
[2.165s] Level 1:colcon.colcon_core.package_identification:_identify(build/MSVisualStudio2010) by extensions ['colcon_meta']
[2.165s] Level 1:colcon.colcon_core.package_identification:_identify(build/MSVisualStudio2010) by extension 'colcon_meta'
[2.165s] Level 1:colcon.colcon_core.package_identification:_identify(build/MSVisualStudio2010) by extensions ['ros']
[2.165s] Level 1:colcon.colcon_core.package_identification:_identify(build/MSVisualStudio2010) by extension 'ros'
[2.166s] Level 1:colcon.colcon_core.package_identification:_identify(build/MSVisualStudio2010) by extensions ['cmake', 'python']
[2.166s] Level 1:colcon.colcon_core.package_identification:_identify(build/MSVisualStudio2010) by extension 'cmake'
[2.166s] Level 1:colcon.colcon_core.package_identification:_identify(build/MSVisualStudio2010) by extension 'python'
[2.166s] Level 1:colcon.colcon_core.package_identification:_identify(build/MSVisualStudio2010) by extensions ['python_setup_py']
[2.166s] Level 1:colcon.colcon_core.package_identification:_identify(build/MSVisualStudio2010) by extension 'python_setup_py'
[2.166s] Level 1:colcon.colcon_core.package_identification:_identify(build/MSVisualStudio2010/IOAccess) by extensions ['ignore', 'ignore_ament_install']
[2.166s] Level 1:colcon.colcon_core.package_identification:_identify(build/MSVisualStudio2010/IOAccess) by extension 'ignore'
[2.166s] Level 1:colcon.colcon_core.package_identification:_identify(build/MSVisualStudio2010/IOAccess) by extension 'ignore_ament_install'
[2.167s] Level 1:colcon.colcon_core.package_identification:_identify(build/MSVisualStudio2010/IOAccess) by extensions ['colcon_pkg']
[2.167s] Level 1:colcon.colcon_core.package_identification:_identify(build/MSVisualStudio2010/IOAccess) by extension 'colcon_pkg'
[2.167s] Level 1:colcon.colcon_core.package_identification:_identify(build/MSVisualStudio2010/IOAccess) by extensions ['colcon_meta']
[2.167s] Level 1:colcon.colcon_core.package_identification:_identify(build/MSVisualStudio2010/IOAccess) by extension 'colcon_meta'
[2.167s] Level 1:colcon.colcon_core.package_identification:_identify(build/MSVisualStudio2010/IOAccess) by extensions ['ros']
[2.167s] Level 1:colcon.colcon_core.package_identification:_identify(build/MSVisualStudio2010/IOAccess) by extension 'ros'
[2.167s] Level 1:colcon.colcon_core.package_identification:_identify(build/MSVisualStudio2010/IOAccess) by extensions ['cmake', 'python']
[2.167s] Level 1:colcon.colcon_core.package_identification:_identify(build/MSVisualStudio2010/IOAccess) by extension 'cmake'
[2.167s] Level 1:colcon.colcon_core.package_identification:_identify(build/MSVisualStudio2010/IOAccess) by extension 'python'
[2.167s] Level 1:colcon.colcon_core.package_identification:_identify(build/MSVisualStudio2010/IOAccess) by extensions ['python_setup_py']
[2.167s] Level 1:colcon.colcon_core.package_identification:_identify(build/MSVisualStudio2010/IOAccess) by extension 'python_setup_py'
[2.168s] Level 1:colcon.colcon_core.package_identification:_identify(build/MSVisualStudio2010/LBRClientTemplate) by extensions ['ignore', 'ignore_ament_install']
[2.168s] Level 1:colcon.colcon_core.package_identification:_identify(build/MSVisualStudio2010/LBRClientTemplate) by extension 'ignore'
[2.168s] Level 1:colcon.colcon_core.package_identification:_identify(build/MSVisualStudio2010/LBRClientTemplate) by extension 'ignore_ament_install'
[2.168s] Level 1:colcon.colcon_core.package_identification:_identify(build/MSVisualStudio2010/LBRClientTemplate) by extensions ['colcon_pkg']
[2.168s] Level 1:colcon.colcon_core.package_identification:_identify(build/MSVisualStudio2010/LBRClientTemplate) by extension 'colcon_pkg'
[2.168s] Level 1:colcon.colcon_core.package_identification:_identify(build/MSVisualStudio2010/LBRClientTemplate) by extensions ['colcon_meta']
[2.168s] Level 1:colcon.colcon_core.package_identification:_identify(build/MSVisualStudio2010/LBRClientTemplate) by extension 'colcon_meta'
[2.168s] Level 1:colcon.colcon_core.package_identification:_identify(build/MSVisualStudio2010/LBRClientTemplate) by extensions ['ros']
[2.168s] Level 1:colcon.colcon_core.package_identification:_identify(build/MSVisualStudio2010/LBRClientTemplate) by extension 'ros'
[2.169s] Level 1:colcon.colcon_core.package_identification:_identify(build/MSVisualStudio2010/LBRClientTemplate) by extensions ['cmake', 'python']
[2.169s] Level 1:colcon.colcon_core.package_identification:_identify(build/MSVisualStudio2010/LBRClientTemplate) by extension 'cmake'
[2.169s] Level 1:colcon.colcon_core.package_identification:_identify(build/MSVisualStudio2010/LBRClientTemplate) by extension 'python'
[2.169s] Level 1:colcon.colcon_core.package_identification:_identify(build/MSVisualStudio2010/LBRClientTemplate) by extensions ['python_setup_py']
[2.169s] Level 1:colcon.colcon_core.package_identification:_identify(build/MSVisualStudio2010/LBRClientTemplate) by extension 'python_setup_py'
[2.169s] Level 1:colcon.colcon_core.package_identification:_identify(build/MSVisualStudio2010/LBRJointSineOverlay) by extensions ['ignore', 'ignore_ament_install']
[2.169s] Level 1:colcon.colcon_core.package_identification:_identify(build/MSVisualStudio2010/LBRJointSineOverlay) by extension 'ignore'
[2.169s] Level 1:colcon.colcon_core.package_identification:_identify(build/MSVisualStudio2010/LBRJointSineOverlay) by extension 'ignore_ament_install'
[2.169s] Level 1:colcon.colcon_core.package_identification:_identify(build/MSVisualStudio2010/LBRJointSineOverlay) by extensions ['colcon_pkg']
[2.170s] Level 1:colcon.colcon_core.package_identification:_identify(build/MSVisualStudio2010/LBRJointSineOverlay) by extension 'colcon_pkg'
[2.170s] Level 1:colcon.colcon_core.package_identification:_identify(build/MSVisualStudio2010/LBRJointSineOverlay) by extensions ['colcon_meta']
[2.170s] Level 1:colcon.colcon_core.package_identification:_identify(build/MSVisualStudio2010/LBRJointSineOverlay) by extension 'colcon_meta'
[2.170s] Level 1:colcon.colcon_core.package_identification:_identify(build/MSVisualStudio2010/LBRJointSineOverlay) by extensions ['ros']
[2.170s] Level 1:colcon.colcon_core.package_identification:_identify(build/MSVisualStudio2010/LBRJointSineOverlay) by extension 'ros'
[2.170s] Level 1:colcon.colcon_core.package_identification:_identify(build/MSVisualStudio2010/LBRJointSineOverlay) by extensions ['cmake', 'python']
[2.170s] Level 1:colcon.colcon_core.package_identification:_identify(build/MSVisualStudio2010/LBRJointSineOverlay) by extension 'cmake'
[2.170s] Level 1:colcon.colcon_core.package_identification:_identify(build/MSVisualStudio2010/LBRJointSineOverlay) by extension 'python'
[2.170s] Level 1:colcon.colcon_core.package_identification:_identify(build/MSVisualStudio2010/LBRJointSineOverlay) by extensions ['python_setup_py']
[2.170s] Level 1:colcon.colcon_core.package_identification:_identify(build/MSVisualStudio2010/LBRJointSineOverlay) by extension 'python_setup_py'
[2.171s] Level 1:colcon.colcon_core.package_identification:_identify(build/MSVisualStudio2010/LBRTorqueSineOverlay) by extensions ['ignore', 'ignore_ament_install']
[2.171s] Level 1:colcon.colcon_core.package_identification:_identify(build/MSVisualStudio2010/LBRTorqueSineOverlay) by extension 'ignore'
[2.171s] Level 1:colcon.colcon_core.package_identification:_identify(build/MSVisualStudio2010/LBRTorqueSineOverlay) by extension 'ignore_ament_install'
[2.171s] Level 1:colcon.colcon_core.package_identification:_identify(build/MSVisualStudio2010/LBRTorqueSineOverlay) by extensions ['colcon_pkg']
[2.171s] Level 1:colcon.colcon_core.package_identification:_identify(build/MSVisualStudio2010/LBRTorqueSineOverlay) by extension 'colcon_pkg'
[2.171s] Level 1:colcon.colcon_core.package_identification:_identify(build/MSVisualStudio2010/LBRTorqueSineOverlay) by extensions ['colcon_meta']
[2.171s] Level 1:colcon.colcon_core.package_identification:_identify(build/MSVisualStudio2010/LBRTorqueSineOverlay) by extension 'colcon_meta'
[2.171s] Level 1:colcon.colcon_core.package_identification:_identify(build/MSVisualStudio2010/LBRTorqueSineOverlay) by extensions ['ros']
[2.171s] Level 1:colcon.colcon_core.package_identification:_identify(build/MSVisualStudio2010/LBRTorqueSineOverlay) by extension 'ros'
[2.171s] Level 1:colcon.colcon_core.package_identification:_identify(build/MSVisualStudio2010/LBRTorqueSineOverlay) by extensions ['cmake', 'python']
[2.172s] Level 1:colcon.colcon_core.package_identification:_identify(build/MSVisualStudio2010/LBRTorqueSineOverlay) by extension 'cmake'
[2.172s] Level 1:colcon.colcon_core.package_identification:_identify(build/MSVisualStudio2010/LBRTorqueSineOverlay) by extension 'python'
[2.172s] Level 1:colcon.colcon_core.package_identification:_identify(build/MSVisualStudio2010/LBRTorqueSineOverlay) by extensions ['python_setup_py']
[2.172s] Level 1:colcon.colcon_core.package_identification:_identify(build/MSVisualStudio2010/LBRTorqueSineOverlay) by extension 'python_setup_py'
[2.172s] Level 1:colcon.colcon_core.package_identification:_identify(build/MSVisualStudio2010/LBRWrenchSineOverlay) by extensions ['ignore', 'ignore_ament_install']
[2.172s] Level 1:colcon.colcon_core.package_identification:_identify(build/MSVisualStudio2010/LBRWrenchSineOverlay) by extension 'ignore'
[2.172s] Level 1:colcon.colcon_core.package_identification:_identify(build/MSVisualStudio2010/LBRWrenchSineOverlay) by extension 'ignore_ament_install'
[2.172s] Level 1:colcon.colcon_core.package_identification:_identify(build/MSVisualStudio2010/LBRWrenchSineOverlay) by extensions ['colcon_pkg']
[2.172s] Level 1:colcon.colcon_core.package_identification:_identify(build/MSVisualStudio2010/LBRWrenchSineOverlay) by extension 'colcon_pkg'
[2.172s] Level 1:colcon.colcon_core.package_identification:_identify(build/MSVisualStudio2010/LBRWrenchSineOverlay) by extensions ['colcon_meta']
[2.173s] Level 1:colcon.colcon_core.package_identification:_identify(build/MSVisualStudio2010/LBRWrenchSineOverlay) by extension 'colcon_meta'
[2.173s] Level 1:colcon.colcon_core.package_identification:_identify(build/MSVisualStudio2010/LBRWrenchSineOverlay) by extensions ['ros']
[2.173s] Level 1:colcon.colcon_core.package_identification:_identify(build/MSVisualStudio2010/LBRWrenchSineOverlay) by extension 'ros'
[2.173s] Level 1:colcon.colcon_core.package_identification:_identify(build/MSVisualStudio2010/LBRWrenchSineOverlay) by extensions ['cmake', 'python']
[2.173s] Level 1:colcon.colcon_core.package_identification:_identify(build/MSVisualStudio2010/LBRWrenchSineOverlay) by extension 'cmake'
[2.173s] Level 1:colcon.colcon_core.package_identification:_identify(build/MSVisualStudio2010/LBRWrenchSineOverlay) by extension 'python'
[2.173s] Level 1:colcon.colcon_core.package_identification:_identify(build/MSVisualStudio2010/LBRWrenchSineOverlay) by extensions ['python_setup_py']
[2.173s] Level 1:colcon.colcon_core.package_identification:_identify(build/MSVisualStudio2010/LBRWrenchSineOverlay) by extension 'python_setup_py'
[2.173s] Level 1:colcon.colcon_core.package_identification:_identify(build/MSVisualStudio2010/SimulatedTransformationProvider) by extensions ['ignore', 'ignore_ament_install']
[2.173s] Level 1:colcon.colcon_core.package_identification:_identify(build/MSVisualStudio2010/SimulatedTransformationProvider) by extension 'ignore'
[2.174s] Level 1:colcon.colcon_core.package_identification:_identify(build/MSVisualStudio2010/SimulatedTransformationProvider) by extension 'ignore_ament_install'
[2.174s] Level 1:colcon.colcon_core.package_identification:_identify(build/MSVisualStudio2010/SimulatedTransformationProvider) by extensions ['colcon_pkg']
[2.174s] Level 1:colcon.colcon_core.package_identification:_identify(build/MSVisualStudio2010/SimulatedTransformationProvider) by extension 'colcon_pkg'
[2.174s] Level 1:colcon.colcon_core.package_identification:_identify(build/MSVisualStudio2010/SimulatedTransformationProvider) by extensions ['colcon_meta']
[2.174s] Level 1:colcon.colcon_core.package_identification:_identify(build/MSVisualStudio2010/SimulatedTransformationProvider) by extension 'colcon_meta'
[2.174s] Level 1:colcon.colcon_core.package_identification:_identify(build/MSVisualStudio2010/SimulatedTransformationProvider) by extensions ['ros']
[2.174s] Level 1:colcon.colcon_core.package_identification:_identify(build/MSVisualStudio2010/SimulatedTransformationProvider) by extension 'ros'
[2.174s] Level 1:colcon.colcon_core.package_identification:_identify(build/MSVisualStudio2010/SimulatedTransformationProvider) by extensions ['cmake', 'python']
[2.174s] Level 1:colcon.colcon_core.package_identification:_identify(build/MSVisualStudio2010/SimulatedTransformationProvider) by extension 'cmake'
[2.174s] Level 1:colcon.colcon_core.package_identification:_identify(build/MSVisualStudio2010/SimulatedTransformationProvider) by extension 'python'
[2.175s] Level 1:colcon.colcon_core.package_identification:_identify(build/MSVisualStudio2010/SimulatedTransformationProvider) by extensions ['python_setup_py']
[2.175s] Level 1:colcon.colcon_core.package_identification:_identify(build/MSVisualStudio2010/SimulatedTransformationProvider) by extension 'python_setup_py'
[2.175s] Level 1:colcon.colcon_core.package_identification:_identify(build/MSVisualStudio2010/TransformationProvider) by extensions ['ignore', 'ignore_ament_install']
[2.175s] Level 1:colcon.colcon_core.package_identification:_identify(build/MSVisualStudio2010/TransformationProvider) by extension 'ignore'
[2.175s] Level 1:colcon.colcon_core.package_identification:_identify(build/MSVisualStudio2010/TransformationProvider) by extension 'ignore_ament_install'
[2.175s] Level 1:colcon.colcon_core.package_identification:_identify(build/MSVisualStudio2010/TransformationProvider) by extensions ['colcon_pkg']
[2.175s] Level 1:colcon.colcon_core.package_identification:_identify(build/MSVisualStudio2010/TransformationProvider) by extension 'colcon_pkg'
[2.175s] Level 1:colcon.colcon_core.package_identification:_identify(build/MSVisualStudio2010/TransformationProvider) by extensions ['colcon_meta']
[2.175s] Level 1:colcon.colcon_core.package_identification:_identify(build/MSVisualStudio2010/TransformationProvider) by extension 'colcon_meta'
[2.175s] Level 1:colcon.colcon_core.package_identification:_identify(build/MSVisualStudio2010/TransformationProvider) by extensions ['ros']
[2.176s] Level 1:colcon.colcon_core.package_identification:_identify(build/MSVisualStudio2010/TransformationProvider) by extension 'ros'
[2.176s] Level 1:colcon.colcon_core.package_identification:_identify(build/MSVisualStudio2010/TransformationProvider) by extensions ['cmake', 'python']
[2.176s] Level 1:colcon.colcon_core.package_identification:_identify(build/MSVisualStudio2010/TransformationProvider) by extension 'cmake'
[2.176s] Level 1:colcon.colcon_core.package_identification:_identify(build/MSVisualStudio2010/TransformationProvider) by extension 'python'
[2.176s] Level 1:colcon.colcon_core.package_identification:_identify(build/MSVisualStudio2010/TransformationProvider) by extensions ['python_setup_py']
[2.176s] Level 1:colcon.colcon_core.package_identification:_identify(build/MSVisualStudio2010/TransformationProvider) by extension 'python_setup_py'
[2.176s] Level 1:colcon.colcon_core.package_identification:_identify(build/MSVisualStudio2010/libFRIClient) by extensions ['ignore', 'ignore_ament_install']
[2.176s] Level 1:colcon.colcon_core.package_identification:_identify(build/MSVisualStudio2010/libFRIClient) by extension 'ignore'
[2.176s] Level 1:colcon.colcon_core.package_identification:_identify(build/MSVisualStudio2010/libFRIClient) by extension 'ignore_ament_install'
[2.177s] Level 1:colcon.colcon_core.package_identification:_identify(build/MSVisualStudio2010/libFRIClient) by extensions ['colcon_pkg']
[2.177s] Level 1:colcon.colcon_core.package_identification:_identify(build/MSVisualStudio2010/libFRIClient) by extension 'colcon_pkg'
[2.177s] Level 1:colcon.colcon_core.package_identification:_identify(build/MSVisualStudio2010/libFRIClient) by extensions ['colcon_meta']
[2.177s] Level 1:colcon.colcon_core.package_identification:_identify(build/MSVisualStudio2010/libFRIClient) by extension 'colcon_meta'
[2.177s] Level 1:colcon.colcon_core.package_identification:_identify(build/MSVisualStudio2010/libFRIClient) by extensions ['ros']
[2.177s] Level 1:colcon.colcon_core.package_identification:_identify(build/MSVisualStudio2010/libFRIClient) by extension 'ros'
[2.177s] Level 1:colcon.colcon_core.package_identification:_identify(build/MSVisualStudio2010/libFRIClient) by extensions ['cmake', 'python']
[2.177s] Level 1:colcon.colcon_core.package_identification:_identify(build/MSVisualStudio2010/libFRIClient) by extension 'cmake'
[2.177s] Level 1:colcon.colcon_core.package_identification:_identify(build/MSVisualStudio2010/libFRIClient) by extension 'python'
[2.177s] Level 1:colcon.colcon_core.package_identification:_identify(build/MSVisualStudio2010/libFRIClient) by extensions ['python_setup_py']
[2.178s] Level 1:colcon.colcon_core.package_identification:_identify(build/MSVisualStudio2010/libFRIClient) by extension 'python_setup_py'
[2.178s] Level 1:colcon.colcon_core.package_identification:_identify(doc) by extensions ['ignore', 'ignore_ament_install']
[2.178s] Level 1:colcon.colcon_core.package_identification:_identify(doc) by extension 'ignore'
[2.178s] Level 1:colcon.colcon_core.package_identification:_identify(doc) by extension 'ignore_ament_install'
[2.178s] Level 1:colcon.colcon_core.package_identification:_identify(doc) by extensions ['colcon_pkg']
[2.178s] Level 1:colcon.colcon_core.package_identification:_identify(doc) by extension 'colcon_pkg'
[2.178s] Level 1:colcon.colcon_core.package_identification:_identify(doc) by extensions ['colcon_meta']
[2.178s] Level 1:colcon.colcon_core.package_identification:_identify(doc) by extension 'colcon_meta'
[2.178s] Level 1:colcon.colcon_core.package_identification:_identify(doc) by extensions ['ros']
[2.178s] Level 1:colcon.colcon_core.package_identification:_identify(doc) by extension 'ros'
[2.179s] Level 1:colcon.colcon_core.package_identification:_identify(doc) by extensions ['cmake', 'python']
[2.179s] Level 1:colcon.colcon_core.package_identification:_identify(doc) by extension 'cmake'
[2.179s] Level 1:colcon.colcon_core.package_identification:_identify(doc) by extension 'python'
[2.179s] Level 1:colcon.colcon_core.package_identification:_identify(doc) by extensions ['python_setup_py']
[2.179s] Level 1:colcon.colcon_core.package_identification:_identify(doc) by extension 'python_setup_py'
[2.179s] Level 1:colcon.colcon_core.package_identification:_identify(doc/html) by extensions ['ignore', 'ignore_ament_install']
[2.179s] Level 1:colcon.colcon_core.package_identification:_identify(doc/html) by extension 'ignore'
[2.179s] Level 1:colcon.colcon_core.package_identification:_identify(doc/html) by extension 'ignore_ament_install'
[2.180s] Level 1:colcon.colcon_core.package_identification:_identify(doc/html) by extensions ['colcon_pkg']
[2.180s] Level 1:colcon.colcon_core.package_identification:_identify(doc/html) by extension 'colcon_pkg'
[2.180s] Level 1:colcon.colcon_core.package_identification:_identify(doc/html) by extensions ['colcon_meta']
[2.180s] Level 1:colcon.colcon_core.package_identification:_identify(doc/html) by extension 'colcon_meta'
[2.180s] Level 1:colcon.colcon_core.package_identification:_identify(doc/html) by extensions ['ros']
[2.180s] Level 1:colcon.colcon_core.package_identification:_identify(doc/html) by extension 'ros'
[2.180s] Level 1:colcon.colcon_core.package_identification:_identify(doc/html) by extensions ['cmake', 'python']
[2.180s] Level 1:colcon.colcon_core.package_identification:_identify(doc/html) by extension 'cmake'
[2.180s] Level 1:colcon.colcon_core.package_identification:_identify(doc/html) by extension 'python'
[2.180s] Level 1:colcon.colcon_core.package_identification:_identify(doc/html) by extensions ['python_setup_py']
[2.180s] Level 1:colcon.colcon_core.package_identification:_identify(doc/html) by extension 'python_setup_py'
[2.181s] Level 1:colcon.colcon_core.package_identification:_identify(example) by extensions ['ignore', 'ignore_ament_install']
[2.181s] Level 1:colcon.colcon_core.package_identification:_identify(example) by extension 'ignore'
[2.181s] Level 1:colcon.colcon_core.package_identification:_identify(example) by extension 'ignore_ament_install'
[2.181s] Level 1:colcon.colcon_core.package_identification:_identify(example) by extensions ['colcon_pkg']
[2.181s] Level 1:colcon.colcon_core.package_identification:_identify(example) by extension 'colcon_pkg'
[2.181s] Level 1:colcon.colcon_core.package_identification:_identify(example) by extensions ['colcon_meta']
[2.181s] Level 1:colcon.colcon_core.package_identification:_identify(example) by extension 'colcon_meta'
[2.182s] Level 1:colcon.colcon_core.package_identification:_identify(example) by extensions ['ros']
[2.182s] Level 1:colcon.colcon_core.package_identification:_identify(example) by extension 'ros'
[2.182s] Level 1:colcon.colcon_core.package_identification:_identify(example) by extensions ['cmake', 'python']
[2.182s] Level 1:colcon.colcon_core.package_identification:_identify(example) by extension 'cmake'
[2.182s] Level 1:colcon.colcon_core.package_identification:_identify(example) by extension 'python'
[2.182s] Level 1:colcon.colcon_core.package_identification:_identify(example) by extensions ['python_setup_py']
[2.182s] Level 1:colcon.colcon_core.package_identification:_identify(example) by extension 'python_setup_py'
[2.182s] Level 1:colcon.colcon_core.package_identification:_identify(example/ICR_SlidingModeControl) by extensions ['ignore', 'ignore_ament_install']
[2.182s] Level 1:colcon.colcon_core.package_identification:_identify(example/ICR_SlidingModeControl) by extension 'ignore'
[2.183s] Level 1:colcon.colcon_core.package_identification:_identify(example/ICR_SlidingModeControl) by extension 'ignore_ament_install'
[2.183s] Level 1:colcon.colcon_core.package_identification:_identify(example/ICR_SlidingModeControl) by extensions ['colcon_pkg']
[2.183s] Level 1:colcon.colcon_core.package_identification:_identify(example/ICR_SlidingModeControl) by extension 'colcon_pkg'
[2.183s] Level 1:colcon.colcon_core.package_identification:_identify(example/ICR_SlidingModeControl) by extensions ['colcon_meta']
[2.183s] Level 1:colcon.colcon_core.package_identification:_identify(example/ICR_SlidingModeControl) by extension 'colcon_meta'
[2.183s] Level 1:colcon.colcon_core.package_identification:_identify(example/ICR_SlidingModeControl) by extensions ['ros']
[2.183s] Level 1:colcon.colcon_core.package_identification:_identify(example/ICR_SlidingModeControl) by extension 'ros'
[2.183s] Level 1:colcon.colcon_core.package_identification:_identify(example/ICR_SlidingModeControl) by extensions ['cmake', 'python']
[2.183s] Level 1:colcon.colcon_core.package_identification:_identify(example/ICR_SlidingModeControl) by extension 'cmake'
[2.183s] Level 1:colcon.colcon_core.package_identification:_identify(example/ICR_SlidingModeControl) by extension 'python'
[2.183s] Level 1:colcon.colcon_core.package_identification:_identify(example/ICR_SlidingModeControl) by extensions ['python_setup_py']
[2.184s] Level 1:colcon.colcon_core.package_identification:_identify(example/ICR_SlidingModeControl) by extension 'python_setup_py'
[2.184s] Level 1:colcon.colcon_core.package_identification:_identify(example/ICR_SlidingModeControl/obj) by extensions ['ignore', 'ignore_ament_install']
[2.184s] Level 1:colcon.colcon_core.package_identification:_identify(example/ICR_SlidingModeControl/obj) by extension 'ignore'
[2.184s] Level 1:colcon.colcon_core.package_identification:_identify(example/ICR_SlidingModeControl/obj) by extension 'ignore_ament_install'
[2.184s] Level 1:colcon.colcon_core.package_identification:_identify(example/ICR_SlidingModeControl/obj) by extensions ['colcon_pkg']
[2.184s] Level 1:colcon.colcon_core.package_identification:_identify(example/ICR_SlidingModeControl/obj) by extension 'colcon_pkg'
[2.184s] Level 1:colcon.colcon_core.package_identification:_identify(example/ICR_SlidingModeControl/obj) by extensions ['colcon_meta']
[2.184s] Level 1:colcon.colcon_core.package_identification:_identify(example/ICR_SlidingModeControl/obj) by extension 'colcon_meta'
[2.184s] Level 1:colcon.colcon_core.package_identification:_identify(example/ICR_SlidingModeControl/obj) by extensions ['ros']
[2.185s] Level 1:colcon.colcon_core.package_identification:_identify(example/ICR_SlidingModeControl/obj) by extension 'ros'
[2.185s] Level 1:colcon.colcon_core.package_identification:_identify(example/ICR_SlidingModeControl/obj) by extensions ['cmake', 'python']
[2.185s] Level 1:colcon.colcon_core.package_identification:_identify(example/ICR_SlidingModeControl/obj) by extension 'cmake'
[2.185s] Level 1:colcon.colcon_core.package_identification:_identify(example/ICR_SlidingModeControl/obj) by extension 'python'
[2.185s] Level 1:colcon.colcon_core.package_identification:_identify(example/ICR_SlidingModeControl/obj) by extensions ['python_setup_py']
[2.185s] Level 1:colcon.colcon_core.package_identification:_identify(example/ICR_SlidingModeControl/obj) by extension 'python_setup_py'
[2.185s] Level 1:colcon.colcon_core.package_identification:_identify(example/IOAccess) by extensions ['ignore', 'ignore_ament_install']
[2.185s] Level 1:colcon.colcon_core.package_identification:_identify(example/IOAccess) by extension 'ignore'
[2.185s] Level 1:colcon.colcon_core.package_identification:_identify(example/IOAccess) by extension 'ignore_ament_install'
[2.186s] Level 1:colcon.colcon_core.package_identification:_identify(example/IOAccess) by extensions ['colcon_pkg']
[2.186s] Level 1:colcon.colcon_core.package_identification:_identify(example/IOAccess) by extension 'colcon_pkg'
[2.186s] Level 1:colcon.colcon_core.package_identification:_identify(example/IOAccess) by extensions ['colcon_meta']
[2.186s] Level 1:colcon.colcon_core.package_identification:_identify(example/IOAccess) by extension 'colcon_meta'
[2.186s] Level 1:colcon.colcon_core.package_identification:_identify(example/IOAccess) by extensions ['ros']
[2.186s] Level 1:colcon.colcon_core.package_identification:_identify(example/IOAccess) by extension 'ros'
[2.186s] Level 1:colcon.colcon_core.package_identification:_identify(example/IOAccess) by extensions ['cmake', 'python']
[2.186s] Level 1:colcon.colcon_core.package_identification:_identify(example/IOAccess) by extension 'cmake'
[2.186s] Level 1:colcon.colcon_core.package_identification:_identify(example/IOAccess) by extension 'python'
[2.186s] Level 1:colcon.colcon_core.package_identification:_identify(example/IOAccess) by extensions ['python_setup_py']
[2.186s] Level 1:colcon.colcon_core.package_identification:_identify(example/IOAccess) by extension 'python_setup_py'
[2.187s] Level 1:colcon.colcon_core.package_identification:_identify(example/IOAccess/obj) by extensions ['ignore', 'ignore_ament_install']
[2.187s] Level 1:colcon.colcon_core.package_identification:_identify(example/IOAccess/obj) by extension 'ignore'
[2.187s] Level 1:colcon.colcon_core.package_identification:_identify(example/IOAccess/obj) by extension 'ignore_ament_install'
[2.187s] Level 1:colcon.colcon_core.package_identification:_identify(example/IOAccess/obj) by extensions ['colcon_pkg']
[2.187s] Level 1:colcon.colcon_core.package_identification:_identify(example/IOAccess/obj) by extension 'colcon_pkg'
[2.187s] Level 1:colcon.colcon_core.package_identification:_identify(example/IOAccess/obj) by extensions ['colcon_meta']
[2.187s] Level 1:colcon.colcon_core.package_identification:_identify(example/IOAccess/obj) by extension 'colcon_meta'
[2.187s] Level 1:colcon.colcon_core.package_identification:_identify(example/IOAccess/obj) by extensions ['ros']
[2.187s] Level 1:colcon.colcon_core.package_identification:_identify(example/IOAccess/obj) by extension 'ros'
[2.187s] Level 1:colcon.colcon_core.package_identification:_identify(example/IOAccess/obj) by extensions ['cmake', 'python']
[2.188s] Level 1:colcon.colcon_core.package_identification:_identify(example/IOAccess/obj) by extension 'cmake'
[2.188s] Level 1:colcon.colcon_core.package_identification:_identify(example/IOAccess/obj) by extension 'python'
[2.188s] Level 1:colcon.colcon_core.package_identification:_identify(example/IOAccess/obj) by extensions ['python_setup_py']
[2.188s] Level 1:colcon.colcon_core.package_identification:_identify(example/IOAccess/obj) by extension 'python_setup_py'
[2.188s] Level 1:colcon.colcon_core.package_identification:_identify(example/LBRClientTemplate) by extensions ['ignore', 'ignore_ament_install']
[2.188s] Level 1:colcon.colcon_core.package_identification:_identify(example/LBRClientTemplate) by extension 'ignore'
[2.188s] Level 1:colcon.colcon_core.package_identification:_identify(example/LBRClientTemplate) by extension 'ignore_ament_install'
[2.188s] Level 1:colcon.colcon_core.package_identification:_identify(example/LBRClientTemplate) by extensions ['colcon_pkg']
[2.188s] Level 1:colcon.colcon_core.package_identification:_identify(example/LBRClientTemplate) by extension 'colcon_pkg'
[2.188s] Level 1:colcon.colcon_core.package_identification:_identify(example/LBRClientTemplate) by extensions ['colcon_meta']
[2.188s] Level 1:colcon.colcon_core.package_identification:_identify(example/LBRClientTemplate) by extension 'colcon_meta'
[2.189s] Level 1:colcon.colcon_core.package_identification:_identify(example/LBRClientTemplate) by extensions ['ros']
[2.189s] Level 1:colcon.colcon_core.package_identification:_identify(example/LBRClientTemplate) by extension 'ros'
[2.189s] Level 1:colcon.colcon_core.package_identification:_identify(example/LBRClientTemplate) by extensions ['cmake', 'python']
[2.189s] Level 1:colcon.colcon_core.package_identification:_identify(example/LBRClientTemplate) by extension 'cmake'
[2.189s] Level 1:colcon.colcon_core.package_identification:_identify(example/LBRClientTemplate) by extension 'python'
[2.189s] Level 1:colcon.colcon_core.package_identification:_identify(example/LBRClientTemplate) by extensions ['python_setup_py']
[2.189s] Level 1:colcon.colcon_core.package_identification:_identify(example/LBRClientTemplate) by extension 'python_setup_py'
[2.189s] Level 1:colcon.colcon_core.package_identification:_identify(example/LBRClientTemplate/obj) by extensions ['ignore', 'ignore_ament_install']
[2.189s] Level 1:colcon.colcon_core.package_identification:_identify(example/LBRClientTemplate/obj) by extension 'ignore'
[2.190s] Level 1:colcon.colcon_core.package_identification:_identify(example/LBRClientTemplate/obj) by extension 'ignore_ament_install'
[2.190s] Level 1:colcon.colcon_core.package_identification:_identify(example/LBRClientTemplate/obj) by extensions ['colcon_pkg']
[2.190s] Level 1:colcon.colcon_core.package_identification:_identify(example/LBRClientTemplate/obj) by extension 'colcon_pkg'
[2.190s] Level 1:colcon.colcon_core.package_identification:_identify(example/LBRClientTemplate/obj) by extensions ['colcon_meta']
[2.190s] Level 1:colcon.colcon_core.package_identification:_identify(example/LBRClientTemplate/obj) by extension 'colcon_meta'
[2.190s] Level 1:colcon.colcon_core.package_identification:_identify(example/LBRClientTemplate/obj) by extensions ['ros']
[2.190s] Level 1:colcon.colcon_core.package_identification:_identify(example/LBRClientTemplate/obj) by extension 'ros'
[2.190s] Level 1:colcon.colcon_core.package_identification:_identify(example/LBRClientTemplate/obj) by extensions ['cmake', 'python']
[2.190s] Level 1:colcon.colcon_core.package_identification:_identify(example/LBRClientTemplate/obj) by extension 'cmake'
[2.190s] Level 1:colcon.colcon_core.package_identification:_identify(example/LBRClientTemplate/obj) by extension 'python'
[2.190s] Level 1:colcon.colcon_core.package_identification:_identify(example/LBRClientTemplate/obj) by extensions ['python_setup_py']
[2.191s] Level 1:colcon.colcon_core.package_identification:_identify(example/LBRClientTemplate/obj) by extension 'python_setup_py'
[2.191s] Level 1:colcon.colcon_core.package_identification:_identify(example/LBRJointSineOverlay) by extensions ['ignore', 'ignore_ament_install']
[2.191s] Level 1:colcon.colcon_core.package_identification:_identify(example/LBRJointSineOverlay) by extension 'ignore'
[2.191s] Level 1:colcon.colcon_core.package_identification:_identify(example/LBRJointSineOverlay) by extension 'ignore_ament_install'
[2.191s] Level 1:colcon.colcon_core.package_identification:_identify(example/LBRJointSineOverlay) by extensions ['colcon_pkg']
[2.191s] Level 1:colcon.colcon_core.package_identification:_identify(example/LBRJointSineOverlay) by extension 'colcon_pkg'
[2.191s] Level 1:colcon.colcon_core.package_identification:_identify(example/LBRJointSineOverlay) by extensions ['colcon_meta']
[2.191s] Level 1:colcon.colcon_core.package_identification:_identify(example/LBRJointSineOverlay) by extension 'colcon_meta'
[2.191s] Level 1:colcon.colcon_core.package_identification:_identify(example/LBRJointSineOverlay) by extensions ['ros']
[2.191s] Level 1:colcon.colcon_core.package_identification:_identify(example/LBRJointSineOverlay) by extension 'ros'
[2.191s] Level 1:colcon.colcon_core.package_identification:_identify(example/LBRJointSineOverlay) by extensions ['cmake', 'python']
[2.192s] Level 1:colcon.colcon_core.package_identification:_identify(example/LBRJointSineOverlay) by extension 'cmake'
[2.192s] Level 1:colcon.colcon_core.package_identification:_identify(example/LBRJointSineOverlay) by extension 'python'
[2.192s] Level 1:colcon.colcon_core.package_identification:_identify(example/LBRJointSineOverlay) by extensions ['python_setup_py']
[2.192s] Level 1:colcon.colcon_core.package_identification:_identify(example/LBRJointSineOverlay) by extension 'python_setup_py'
[2.192s] Level 1:colcon.colcon_core.package_identification:_identify(example/LBRJointSineOverlay/obj) by extensions ['ignore', 'ignore_ament_install']
[2.192s] Level 1:colcon.colcon_core.package_identification:_identify(example/LBRJointSineOverlay/obj) by extension 'ignore'
[2.192s] Level 1:colcon.colcon_core.package_identification:_identify(example/LBRJointSineOverlay/obj) by extension 'ignore_ament_install'
[2.192s] Level 1:colcon.colcon_core.package_identification:_identify(example/LBRJointSineOverlay/obj) by extensions ['colcon_pkg']
[2.192s] Level 1:colcon.colcon_core.package_identification:_identify(example/LBRJointSineOverlay/obj) by extension 'colcon_pkg'
[2.192s] Level 1:colcon.colcon_core.package_identification:_identify(example/LBRJointSineOverlay/obj) by extensions ['colcon_meta']
[2.192s] Level 1:colcon.colcon_core.package_identification:_identify(example/LBRJointSineOverlay/obj) by extension 'colcon_meta'
[2.192s] Level 1:colcon.colcon_core.package_identification:_identify(example/LBRJointSineOverlay/obj) by extensions ['ros']
[2.192s] Level 1:colcon.colcon_core.package_identification:_identify(example/LBRJointSineOverlay/obj) by extension 'ros'
[2.193s] Level 1:colcon.colcon_core.package_identification:_identify(example/LBRJointSineOverlay/obj) by extensions ['cmake', 'python']
[2.193s] Level 1:colcon.colcon_core.package_identification:_identify(example/LBRJointSineOverlay/obj) by extension 'cmake'
[2.193s] Level 1:colcon.colcon_core.package_identification:_identify(example/LBRJointSineOverlay/obj) by extension 'python'
[2.193s] Level 1:colcon.colcon_core.package_identification:_identify(example/LBRJointSineOverlay/obj) by extensions ['python_setup_py']
[2.193s] Level 1:colcon.colcon_core.package_identification:_identify(example/LBRJointSineOverlay/obj) by extension 'python_setup_py'
[2.193s] Level 1:colcon.colcon_core.package_identification:_identify(example/LBRTorqueSineOverlay) by extensions ['ignore', 'ignore_ament_install']
[2.193s] Level 1:colcon.colcon_core.package_identification:_identify(example/LBRTorqueSineOverlay) by extension 'ignore'
[2.193s] Level 1:colcon.colcon_core.package_identification:_identify(example/LBRTorqueSineOverlay) by extension 'ignore_ament_install'
[2.193s] Level 1:colcon.colcon_core.package_identification:_identify(example/LBRTorqueSineOverlay) by extensions ['colcon_pkg']
[2.193s] Level 1:colcon.colcon_core.package_identification:_identify(example/LBRTorqueSineOverlay) by extension 'colcon_pkg'
[2.193s] Level 1:colcon.colcon_core.package_identification:_identify(example/LBRTorqueSineOverlay) by extensions ['colcon_meta']
[2.194s] Level 1:colcon.colcon_core.package_identification:_identify(example/LBRTorqueSineOverlay) by extension 'colcon_meta'
[2.194s] Level 1:colcon.colcon_core.package_identification:_identify(example/LBRTorqueSineOverlay) by extensions ['ros']
[2.194s] Level 1:colcon.colcon_core.package_identification:_identify(example/LBRTorqueSineOverlay) by extension 'ros'
[2.194s] Level 1:colcon.colcon_core.package_identification:_identify(example/LBRTorqueSineOverlay) by extensions ['cmake', 'python']
[2.194s] Level 1:colcon.colcon_core.package_identification:_identify(example/LBRTorqueSineOverlay) by extension 'cmake'
[2.194s] Level 1:colcon.colcon_core.package_identification:_identify(example/LBRTorqueSineOverlay) by extension 'python'
[2.194s] Level 1:colcon.colcon_core.package_identification:_identify(example/LBRTorqueSineOverlay) by extensions ['python_setup_py']
[2.194s] Level 1:colcon.colcon_core.package_identification:_identify(example/LBRTorqueSineOverlay) by extension 'python_setup_py'
[2.194s] Level 1:colcon.colcon_core.package_identification:_identify(example/LBRTorqueSineOverlay/obj) by extensions ['ignore', 'ignore_ament_install']
[2.194s] Level 1:colcon.colcon_core.package_identification:_identify(example/LBRTorqueSineOverlay/obj) by extension 'ignore'
[2.194s] Level 1:colcon.colcon_core.package_identification:_identify(example/LBRTorqueSineOverlay/obj) by extension 'ignore_ament_install'
[2.195s] Level 1:colcon.colcon_core.package_identification:_identify(example/LBRTorqueSineOverlay/obj) by extensions ['colcon_pkg']
[2.195s] Level 1:colcon.colcon_core.package_identification:_identify(example/LBRTorqueSineOverlay/obj) by extension 'colcon_pkg'
[2.195s] Level 1:colcon.colcon_core.package_identification:_identify(example/LBRTorqueSineOverlay/obj) by extensions ['colcon_meta']
[2.195s] Level 1:colcon.colcon_core.package_identification:_identify(example/LBRTorqueSineOverlay/obj) by extension 'colcon_meta'
[2.195s] Level 1:colcon.colcon_core.package_identification:_identify(example/LBRTorqueSineOverlay/obj) by extensions ['ros']
[2.195s] Level 1:colcon.colcon_core.package_identification:_identify(example/LBRTorqueSineOverlay/obj) by extension 'ros'
[2.195s] Level 1:colcon.colcon_core.package_identification:_identify(example/LBRTorqueSineOverlay/obj) by extensions ['cmake', 'python']
[2.195s] Level 1:colcon.colcon_core.package_identification:_identify(example/LBRTorqueSineOverlay/obj) by extension 'cmake'
[2.195s] Level 1:colcon.colcon_core.package_identification:_identify(example/LBRTorqueSineOverlay/obj) by extension 'python'
[2.195s] Level 1:colcon.colcon_core.package_identification:_identify(example/LBRTorqueSineOverlay/obj) by extensions ['python_setup_py']
[2.195s] Level 1:colcon.colcon_core.package_identification:_identify(example/LBRTorqueSineOverlay/obj) by extension 'python_setup_py'
[2.195s] Level 1:colcon.colcon_core.package_identification:_identify(example/LBRWrenchSineOverlay) by extensions ['ignore', 'ignore_ament_install']
[2.196s] Level 1:colcon.colcon_core.package_identification:_identify(example/LBRWrenchSineOverlay) by extension 'ignore'
[2.196s] Level 1:colcon.colcon_core.package_identification:_identify(example/LBRWrenchSineOverlay) by extension 'ignore_ament_install'
[2.196s] Level 1:colcon.colcon_core.package_identification:_identify(example/LBRWrenchSineOverlay) by extensions ['colcon_pkg']
[2.196s] Level 1:colcon.colcon_core.package_identification:_identify(example/LBRWrenchSineOverlay) by extension 'colcon_pkg'
[2.196s] Level 1:colcon.colcon_core.package_identification:_identify(example/LBRWrenchSineOverlay) by extensions ['colcon_meta']
[2.196s] Level 1:colcon.colcon_core.package_identification:_identify(example/LBRWrenchSineOverlay) by extension 'colcon_meta'
[2.196s] Level 1:colcon.colcon_core.package_identification:_identify(example/LBRWrenchSineOverlay) by extensions ['ros']
[2.196s] Level 1:colcon.colcon_core.package_identification:_identify(example/LBRWrenchSineOverlay) by extension 'ros'
[2.196s] Level 1:colcon.colcon_core.package_identification:_identify(example/LBRWrenchSineOverlay) by extensions ['cmake', 'python']
[2.196s] Level 1:colcon.colcon_core.package_identification:_identify(example/LBRWrenchSineOverlay) by extension 'cmake'
[2.196s] Level 1:colcon.colcon_core.package_identification:_identify(example/LBRWrenchSineOverlay) by extension 'python'
[2.196s] Level 1:colcon.colcon_core.package_identification:_identify(example/LBRWrenchSineOverlay) by extensions ['python_setup_py']
[2.196s] Level 1:colcon.colcon_core.package_identification:_identify(example/LBRWrenchSineOverlay) by extension 'python_setup_py'
[2.197s] Level 1:colcon.colcon_core.package_identification:_identify(example/LBRWrenchSineOverlay/obj) by extensions ['ignore', 'ignore_ament_install']
[2.197s] Level 1:colcon.colcon_core.package_identification:_identify(example/LBRWrenchSineOverlay/obj) by extension 'ignore'
[2.197s] Level 1:colcon.colcon_core.package_identification:_identify(example/LBRWrenchSineOverlay/obj) by extension 'ignore_ament_install'
[2.197s] Level 1:colcon.colcon_core.package_identification:_identify(example/LBRWrenchSineOverlay/obj) by extensions ['colcon_pkg']
[2.197s] Level 1:colcon.colcon_core.package_identification:_identify(example/LBRWrenchSineOverlay/obj) by extension 'colcon_pkg'
[2.197s] Level 1:colcon.colcon_core.package_identification:_identify(example/LBRWrenchSineOverlay/obj) by extensions ['colcon_meta']
[2.197s] Level 1:colcon.colcon_core.package_identification:_identify(example/LBRWrenchSineOverlay/obj) by extension 'colcon_meta'
[2.197s] Level 1:colcon.colcon_core.package_identification:_identify(example/LBRWrenchSineOverlay/obj) by extensions ['ros']
[2.197s] Level 1:colcon.colcon_core.package_identification:_identify(example/LBRWrenchSineOverlay/obj) by extension 'ros'
[2.197s] Level 1:colcon.colcon_core.package_identification:_identify(example/LBRWrenchSineOverlay/obj) by extensions ['cmake', 'python']
[2.197s] Level 1:colcon.colcon_core.package_identification:_identify(example/LBRWrenchSineOverlay/obj) by extension 'cmake'
[2.197s] Level 1:colcon.colcon_core.package_identification:_identify(example/LBRWrenchSineOverlay/obj) by extension 'python'
[2.197s] Level 1:colcon.colcon_core.package_identification:_identify(example/LBRWrenchSineOverlay/obj) by extensions ['python_setup_py']
[2.198s] Level 1:colcon.colcon_core.package_identification:_identify(example/LBRWrenchSineOverlay/obj) by extension 'python_setup_py'
[2.198s] Level 1:colcon.colcon_core.package_identification:_identify(example/SimulatedTransformationProvider) by extensions ['ignore', 'ignore_ament_install']
[2.198s] Level 1:colcon.colcon_core.package_identification:_identify(example/SimulatedTransformationProvider) by extension 'ignore'
[2.198s] Level 1:colcon.colcon_core.package_identification:_identify(example/SimulatedTransformationProvider) by extension 'ignore_ament_install'
[2.198s] Level 1:colcon.colcon_core.package_identification:_identify(example/SimulatedTransformationProvider) by extensions ['colcon_pkg']
[2.198s] Level 1:colcon.colcon_core.package_identification:_identify(example/SimulatedTransformationProvider) by extension 'colcon_pkg'
[2.198s] Level 1:colcon.colcon_core.package_identification:_identify(example/SimulatedTransformationProvider) by extensions ['colcon_meta']
[2.198s] Level 1:colcon.colcon_core.package_identification:_identify(example/SimulatedTransformationProvider) by extension 'colcon_meta'
[2.198s] Level 1:colcon.colcon_core.package_identification:_identify(example/SimulatedTransformationProvider) by extensions ['ros']
[2.198s] Level 1:colcon.colcon_core.package_identification:_identify(example/SimulatedTransformationProvider) by extension 'ros'
[2.198s] Level 1:colcon.colcon_core.package_identification:_identify(example/SimulatedTransformationProvider) by extensions ['cmake', 'python']
[2.198s] Level 1:colcon.colcon_core.package_identification:_identify(example/SimulatedTransformationProvider) by extension 'cmake'
[2.199s] Level 1:colcon.colcon_core.package_identification:_identify(example/SimulatedTransformationProvider) by extension 'python'
[2.199s] Level 1:colcon.colcon_core.package_identification:_identify(example/SimulatedTransformationProvider) by extensions ['python_setup_py']
[2.199s] Level 1:colcon.colcon_core.package_identification:_identify(example/SimulatedTransformationProvider) by extension 'python_setup_py'
[2.199s] Level 1:colcon.colcon_core.package_identification:_identify(example/SimulatedTransformationProvider/obj) by extensions ['ignore', 'ignore_ament_install']
[2.199s] Level 1:colcon.colcon_core.package_identification:_identify(example/SimulatedTransformationProvider/obj) by extension 'ignore'
[2.199s] Level 1:colcon.colcon_core.package_identification:_identify(example/SimulatedTransformationProvider/obj) by extension 'ignore_ament_install'
[2.199s] Level 1:colcon.colcon_core.package_identification:_identify(example/SimulatedTransformationProvider/obj) by extensions ['colcon_pkg']
[2.199s] Level 1:colcon.colcon_core.package_identification:_identify(example/SimulatedTransformationProvider/obj) by extension 'colcon_pkg'
[2.199s] Level 1:colcon.colcon_core.package_identification:_identify(example/SimulatedTransformationProvider/obj) by extensions ['colcon_meta']
[2.199s] Level 1:colcon.colcon_core.package_identification:_identify(example/SimulatedTransformationProvider/obj) by extension 'colcon_meta'
[2.199s] Level 1:colcon.colcon_core.package_identification:_identify(example/SimulatedTransformationProvider/obj) by extensions ['ros']
[2.199s] Level 1:colcon.colcon_core.package_identification:_identify(example/SimulatedTransformationProvider/obj) by extension 'ros'
[2.200s] Level 1:colcon.colcon_core.package_identification:_identify(example/SimulatedTransformationProvider/obj) by extensions ['cmake', 'python']
[2.200s] Level 1:colcon.colcon_core.package_identification:_identify(example/SimulatedTransformationProvider/obj) by extension 'cmake'
[2.200s] Level 1:colcon.colcon_core.package_identification:_identify(example/SimulatedTransformationProvider/obj) by extension 'python'
[2.200s] Level 1:colcon.colcon_core.package_identification:_identify(example/SimulatedTransformationProvider/obj) by extensions ['python_setup_py']
[2.200s] Level 1:colcon.colcon_core.package_identification:_identify(example/SimulatedTransformationProvider/obj) by extension 'python_setup_py'
[2.200s] Level 1:colcon.colcon_core.package_identification:_identify(example/TransformationProvider) by extensions ['ignore', 'ignore_ament_install']
[2.200s] Level 1:colcon.colcon_core.package_identification:_identify(example/TransformationProvider) by extension 'ignore'
[2.200s] Level 1:colcon.colcon_core.package_identification:_identify(example/TransformationProvider) by extension 'ignore_ament_install'
[2.200s] Level 1:colcon.colcon_core.package_identification:_identify(example/TransformationProvider) by extensions ['colcon_pkg']
[2.200s] Level 1:colcon.colcon_core.package_identification:_identify(example/TransformationProvider) by extension 'colcon_pkg'
[2.200s] Level 1:colcon.colcon_core.package_identification:_identify(example/TransformationProvider) by extensions ['colcon_meta']
[2.200s] Level 1:colcon.colcon_core.package_identification:_identify(example/TransformationProvider) by extension 'colcon_meta'
[2.200s] Level 1:colcon.colcon_core.package_identification:_identify(example/TransformationProvider) by extensions ['ros']
[2.201s] Level 1:colcon.colcon_core.package_identification:_identify(example/TransformationProvider) by extension 'ros'
[2.201s] Level 1:colcon.colcon_core.package_identification:_identify(example/TransformationProvider) by extensions ['cmake', 'python']
[2.201s] Level 1:colcon.colcon_core.package_identification:_identify(example/TransformationProvider) by extension 'cmake'
[2.201s] Level 1:colcon.colcon_core.package_identification:_identify(example/TransformationProvider) by extension 'python'
[2.201s] Level 1:colcon.colcon_core.package_identification:_identify(example/TransformationProvider) by extensions ['python_setup_py']
[2.201s] Level 1:colcon.colcon_core.package_identification:_identify(example/TransformationProvider) by extension 'python_setup_py'
[2.201s] Level 1:colcon.colcon_core.package_identification:_identify(example/TransformationProvider/obj) by extensions ['ignore', 'ignore_ament_install']
[2.201s] Level 1:colcon.colcon_core.package_identification:_identify(example/TransformationProvider/obj) by extension 'ignore'
[2.201s] Level 1:colcon.colcon_core.package_identification:_identify(example/TransformationProvider/obj) by extension 'ignore_ament_install'
[2.201s] Level 1:colcon.colcon_core.package_identification:_identify(example/TransformationProvider/obj) by extensions ['colcon_pkg']
[2.201s] Level 1:colcon.colcon_core.package_identification:_identify(example/TransformationProvider/obj) by extension 'colcon_pkg'
[2.201s] Level 1:colcon.colcon_core.package_identification:_identify(example/TransformationProvider/obj) by extensions ['colcon_meta']
[2.202s] Level 1:colcon.colcon_core.package_identification:_identify(example/TransformationProvider/obj) by extension 'colcon_meta'
[2.202s] Level 1:colcon.colcon_core.package_identification:_identify(example/TransformationProvider/obj) by extensions ['ros']
[2.202s] Level 1:colcon.colcon_core.package_identification:_identify(example/TransformationProvider/obj) by extension 'ros'
[2.202s] Level 1:colcon.colcon_core.package_identification:_identify(example/TransformationProvider/obj) by extensions ['cmake', 'python']
[2.202s] Level 1:colcon.colcon_core.package_identification:_identify(example/TransformationProvider/obj) by extension 'cmake'
[2.202s] Level 1:colcon.colcon_core.package_identification:_identify(example/TransformationProvider/obj) by extension 'python'
[2.202s] Level 1:colcon.colcon_core.package_identification:_identify(example/TransformationProvider/obj) by extensions ['python_setup_py']
[2.202s] Level 1:colcon.colcon_core.package_identification:_identify(example/TransformationProvider/obj) by extension 'python_setup_py'
[2.202s] Level 1:colcon.colcon_core.package_identification:_identify(include) by extensions ['ignore', 'ignore_ament_install']
[2.202s] Level 1:colcon.colcon_core.package_identification:_identify(include) by extension 'ignore'
[2.202s] Level 1:colcon.colcon_core.package_identification:_identify(include) by extension 'ignore_ament_install'
[2.202s] Level 1:colcon.colcon_core.package_identification:_identify(include) by extensions ['colcon_pkg']
[2.203s] Level 1:colcon.colcon_core.package_identification:_identify(include) by extension 'colcon_pkg'
[2.203s] Level 1:colcon.colcon_core.package_identification:_identify(include) by extensions ['colcon_meta']
[2.203s] Level 1:colcon.colcon_core.package_identification:_identify(include) by extension 'colcon_meta'
[2.203s] Level 1:colcon.colcon_core.package_identification:_identify(include) by extensions ['ros']
[2.203s] Level 1:colcon.colcon_core.package_identification:_identify(include) by extension 'ros'
[2.203s] Level 1:colcon.colcon_core.package_identification:_identify(include) by extensions ['cmake', 'python']
[2.203s] Level 1:colcon.colcon_core.package_identification:_identify(include) by extension 'cmake'
[2.203s] Level 1:colcon.colcon_core.package_identification:_identify(include) by extension 'python'
[2.203s] Level 1:colcon.colcon_core.package_identification:_identify(include) by extensions ['python_setup_py']
[2.203s] Level 1:colcon.colcon_core.package_identification:_identify(include) by extension 'python_setup_py'
[2.203s] Level 1:colcon.colcon_core.package_identification:_identify(lib) by extensions ['ignore', 'ignore_ament_install']
[2.203s] Level 1:colcon.colcon_core.package_identification:_identify(lib) by extension 'ignore'
[2.204s] Level 1:colcon.colcon_core.package_identification:_identify(lib) by extension 'ignore_ament_install'
[2.204s] Level 1:colcon.colcon_core.package_identification:_identify(lib) by extensions ['colcon_pkg']
[2.204s] Level 1:colcon.colcon_core.package_identification:_identify(lib) by extension 'colcon_pkg'
[2.204s] Level 1:colcon.colcon_core.package_identification:_identify(lib) by extensions ['colcon_meta']
[2.204s] Level 1:colcon.colcon_core.package_identification:_identify(lib) by extension 'colcon_meta'
[2.204s] Level 1:colcon.colcon_core.package_identification:_identify(lib) by extensions ['ros']
[2.204s] Level 1:colcon.colcon_core.package_identification:_identify(lib) by extension 'ros'
[2.204s] Level 1:colcon.colcon_core.package_identification:_identify(lib) by extensions ['cmake', 'python']
[2.204s] Level 1:colcon.colcon_core.package_identification:_identify(lib) by extension 'cmake'
[2.204s] Level 1:colcon.colcon_core.package_identification:_identify(lib) by extension 'python'
[2.204s] Level 1:colcon.colcon_core.package_identification:_identify(lib) by extensions ['python_setup_py']
[2.204s] Level 1:colcon.colcon_core.package_identification:_identify(lib) by extension 'python_setup_py'
[2.204s] Level 1:colcon.colcon_core.package_identification:_identify(log) by extensions ['ignore', 'ignore_ament_install']
[2.205s] Level 1:colcon.colcon_core.package_identification:_identify(log) by extension 'ignore'
[2.205s] Level 1:colcon.colcon_core.package_identification:_identify(log) ignored
[2.205s] Level 1:colcon.colcon_core.package_identification:_identify(src) by extensions ['ignore', 'ignore_ament_install']
[2.205s] Level 1:colcon.colcon_core.package_identification:_identify(src) by extension 'ignore'
[2.205s] Level 1:colcon.colcon_core.package_identification:_identify(src) by extension 'ignore_ament_install'
[2.205s] Level 1:colcon.colcon_core.package_identification:_identify(src) by extensions ['colcon_pkg']
[2.205s] Level 1:colcon.colcon_core.package_identification:_identify(src) by extension 'colcon_pkg'
[2.205s] Level 1:colcon.colcon_core.package_identification:_identify(src) by extensions ['colcon_meta']
[2.205s] Level 1:colcon.colcon_core.package_identification:_identify(src) by extension 'colcon_meta'
[2.205s] Level 1:colcon.colcon_core.package_identification:_identify(src) by extensions ['ros']
[2.206s] Level 1:colcon.colcon_core.package_identification:_identify(src) by extension 'ros'
[2.206s] Level 1:colcon.colcon_core.package_identification:_identify(src) by extensions ['cmake', 'python']
[2.206s] Level 1:colcon.colcon_core.package_identification:_identify(src) by extension 'cmake'
[2.206s] Level 1:colcon.colcon_core.package_identification:_identify(src) by extension 'python'
[2.206s] Level 1:colcon.colcon_core.package_identification:_identify(src) by extensions ['python_setup_py']
[2.206s] Level 1:colcon.colcon_core.package_identification:_identify(src) by extension 'python_setup_py'
[2.206s] Level 1:colcon.colcon_core.package_identification:_identify(src/base) by extensions ['ignore', 'ignore_ament_install']
[2.207s] Level 1:colcon.colcon_core.package_identification:_identify(src/base) by extension 'ignore'
[2.207s] Level 1:colcon.colcon_core.package_identification:_identify(src/base) by extension 'ignore_ament_install'
[2.207s] Level 1:colcon.colcon_core.package_identification:_identify(src/base) by extensions ['colcon_pkg']
[2.207s] Level 1:colcon.colcon_core.package_identification:_identify(src/base) by extension 'colcon_pkg'
[2.207s] Level 1:colcon.colcon_core.package_identification:_identify(src/base) by extensions ['colcon_meta']
[2.207s] Level 1:colcon.colcon_core.package_identification:_identify(src/base) by extension 'colcon_meta'
[2.207s] Level 1:colcon.colcon_core.package_identification:_identify(src/base) by extensions ['ros']
[2.207s] Level 1:colcon.colcon_core.package_identification:_identify(src/base) by extension 'ros'
[2.207s] Level 1:colcon.colcon_core.package_identification:_identify(src/base) by extensions ['cmake', 'python']
[2.207s] Level 1:colcon.colcon_core.package_identification:_identify(src/base) by extension 'cmake'
[2.207s] Level 1:colcon.colcon_core.package_identification:_identify(src/base) by extension 'python'
[2.207s] Level 1:colcon.colcon_core.package_identification:_identify(src/base) by extensions ['python_setup_py']
[2.208s] Level 1:colcon.colcon_core.package_identification:_identify(src/base) by extension 'python_setup_py'
[2.208s] Level 1:colcon.colcon_core.package_identification:_identify(src/base/obj) by extensions ['ignore', 'ignore_ament_install']
[2.208s] Level 1:colcon.colcon_core.package_identification:_identify(src/base/obj) by extension 'ignore'
[2.208s] Level 1:colcon.colcon_core.package_identification:_identify(src/base/obj) by extension 'ignore_ament_install'
[2.208s] Level 1:colcon.colcon_core.package_identification:_identify(src/base/obj) by extensions ['colcon_pkg']
[2.208s] Level 1:colcon.colcon_core.package_identification:_identify(src/base/obj) by extension 'colcon_pkg'
[2.208s] Level 1:colcon.colcon_core.package_identification:_identify(src/base/obj) by extensions ['colcon_meta']
[2.208s] Level 1:colcon.colcon_core.package_identification:_identify(src/base/obj) by extension 'colcon_meta'
[2.208s] Level 1:colcon.colcon_core.package_identification:_identify(src/base/obj) by extensions ['ros']
[2.208s] Level 1:colcon.colcon_core.package_identification:_identify(src/base/obj) by extension 'ros'
[2.208s] Level 1:colcon.colcon_core.package_identification:_identify(src/base/obj) by extensions ['cmake', 'python']
[2.208s] Level 1:colcon.colcon_core.package_identification:_identify(src/base/obj) by extension 'cmake'
[2.209s] Level 1:colcon.colcon_core.package_identification:_identify(src/base/obj) by extension 'python'
[2.209s] Level 1:colcon.colcon_core.package_identification:_identify(src/base/obj) by extensions ['python_setup_py']
[2.209s] Level 1:colcon.colcon_core.package_identification:_identify(src/base/obj) by extension 'python_setup_py'
[2.209s] Level 1:colcon.colcon_core.package_identification:_identify(src/client_lbr) by extensions ['ignore', 'ignore_ament_install']
[2.209s] Level 1:colcon.colcon_core.package_identification:_identify(src/client_lbr) by extension 'ignore'
[2.209s] Level 1:colcon.colcon_core.package_identification:_identify(src/client_lbr) by extension 'ignore_ament_install'
[2.209s] Level 1:colcon.colcon_core.package_identification:_identify(src/client_lbr) by extensions ['colcon_pkg']
[2.209s] Level 1:colcon.colcon_core.package_identification:_identify(src/client_lbr) by extension 'colcon_pkg'
[2.209s] Level 1:colcon.colcon_core.package_identification:_identify(src/client_lbr) by extensions ['colcon_meta']
[2.209s] Level 1:colcon.colcon_core.package_identification:_identify(src/client_lbr) by extension 'colcon_meta'
[2.210s] Level 1:colcon.colcon_core.package_identification:_identify(src/client_lbr) by extensions ['ros']
[2.210s] Level 1:colcon.colcon_core.package_identification:_identify(src/client_lbr) by extension 'ros'
[2.210s] Level 1:colcon.colcon_core.package_identification:_identify(src/client_lbr) by extensions ['cmake', 'python']
[2.210s] Level 1:colcon.colcon_core.package_identification:_identify(src/client_lbr) by extension 'cmake'
[2.210s] Level 1:colcon.colcon_core.package_identification:_identify(src/client_lbr) by extension 'python'
[2.210s] Level 1:colcon.colcon_core.package_identification:_identify(src/client_lbr) by extensions ['python_setup_py']
[2.210s] Level 1:colcon.colcon_core.package_identification:_identify(src/client_lbr) by extension 'python_setup_py'
[2.210s] Level 1:colcon.colcon_core.package_identification:_identify(src/client_lbr/obj) by extensions ['ignore', 'ignore_ament_install']
[2.210s] Level 1:colcon.colcon_core.package_identification:_identify(src/client_lbr/obj) by extension 'ignore'
[2.210s] Level 1:colcon.colcon_core.package_identification:_identify(src/client_lbr/obj) by extension 'ignore_ament_install'
[2.211s] Level 1:colcon.colcon_core.package_identification:_identify(src/client_lbr/obj) by extensions ['colcon_pkg']
[2.211s] Level 1:colcon.colcon_core.package_identification:_identify(src/client_lbr/obj) by extension 'colcon_pkg'
[2.211s] Level 1:colcon.colcon_core.package_identification:_identify(src/client_lbr/obj) by extensions ['colcon_meta']
[2.211s] Level 1:colcon.colcon_core.package_identification:_identify(src/client_lbr/obj) by extension 'colcon_meta'
[2.211s] Level 1:colcon.colcon_core.package_identification:_identify(src/client_lbr/obj) by extensions ['ros']
[2.211s] Level 1:colcon.colcon_core.package_identification:_identify(src/client_lbr/obj) by extension 'ros'
[2.211s] Level 1:colcon.colcon_core.package_identification:_identify(src/client_lbr/obj) by extensions ['cmake', 'python']
[2.211s] Level 1:colcon.colcon_core.package_identification:_identify(src/client_lbr/obj) by extension 'cmake'
[2.211s] Level 1:colcon.colcon_core.package_identification:_identify(src/client_lbr/obj) by extension 'python'
[2.211s] Level 1:colcon.colcon_core.package_identification:_identify(src/client_lbr/obj) by extensions ['python_setup_py']
[2.211s] Level 1:colcon.colcon_core.package_identification:_identify(src/client_lbr/obj) by extension 'python_setup_py'
[2.212s] Level 1:colcon.colcon_core.package_identification:_identify(src/client_trafo) by extensions ['ignore', 'ignore_ament_install']
[2.212s] Level 1:colcon.colcon_core.package_identification:_identify(src/client_trafo) by extension 'ignore'
[2.212s] Level 1:colcon.colcon_core.package_identification:_identify(src/client_trafo) by extension 'ignore_ament_install'
[2.212s] Level 1:colcon.colcon_core.package_identification:_identify(src/client_trafo) by extensions ['colcon_pkg']
[2.212s] Level 1:colcon.colcon_core.package_identification:_identify(src/client_trafo) by extension 'colcon_pkg'
[2.212s] Level 1:colcon.colcon_core.package_identification:_identify(src/client_trafo) by extensions ['colcon_meta']
[2.212s] Level 1:colcon.colcon_core.package_identification:_identify(src/client_trafo) by extension 'colcon_meta'
[2.212s] Level 1:colcon.colcon_core.package_identification:_identify(src/client_trafo) by extensions ['ros']
[2.212s] Level 1:colcon.colcon_core.package_identification:_identify(src/client_trafo) by extension 'ros'
[2.212s] Level 1:colcon.colcon_core.package_identification:_identify(src/client_trafo) by extensions ['cmake', 'python']
[2.212s] Level 1:colcon.colcon_core.package_identification:_identify(src/client_trafo) by extension 'cmake'
[2.213s] Level 1:colcon.colcon_core.package_identification:_identify(src/client_trafo) by extension 'python'
[2.213s] Level 1:colcon.colcon_core.package_identification:_identify(src/client_trafo) by extensions ['python_setup_py']
[2.213s] Level 1:colcon.colcon_core.package_identification:_identify(src/client_trafo) by extension 'python_setup_py'
[2.213s] Level 1:colcon.colcon_core.package_identification:_identify(src/client_trafo/obj) by extensions ['ignore', 'ignore_ament_install']
[2.213s] Level 1:colcon.colcon_core.package_identification:_identify(src/client_trafo/obj) by extension 'ignore'
[2.213s] Level 1:colcon.colcon_core.package_identification:_identify(src/client_trafo/obj) by extension 'ignore_ament_install'
[2.213s] Level 1:colcon.colcon_core.package_identification:_identify(src/client_trafo/obj) by extensions ['colcon_pkg']
[2.213s] Level 1:colcon.colcon_core.package_identification:_identify(src/client_trafo/obj) by extension 'colcon_pkg'
[2.213s] Level 1:colcon.colcon_core.package_identification:_identify(src/client_trafo/obj) by extensions ['colcon_meta']
[2.213s] Level 1:colcon.colcon_core.package_identification:_identify(src/client_trafo/obj) by extension 'colcon_meta'
[2.213s] Level 1:colcon.colcon_core.package_identification:_identify(src/client_trafo/obj) by extensions ['ros']
[2.214s] Level 1:colcon.colcon_core.package_identification:_identify(src/client_trafo/obj) by extension 'ros'
[2.214s] Level 1:colcon.colcon_core.package_identification:_identify(src/client_trafo/obj) by extensions ['cmake', 'python']
[2.214s] Level 1:colcon.colcon_core.package_identification:_identify(src/client_trafo/obj) by extension 'cmake'
[2.214s] Level 1:colcon.colcon_core.package_identification:_identify(src/client_trafo/obj) by extension 'python'
[2.214s] Level 1:colcon.colcon_core.package_identification:_identify(src/client_trafo/obj) by extensions ['python_setup_py']
[2.214s] Level 1:colcon.colcon_core.package_identification:_identify(src/client_trafo/obj) by extension 'python_setup_py'
[2.214s] Level 1:colcon.colcon_core.package_identification:_identify(src/connection) by extensions ['ignore', 'ignore_ament_install']
[2.214s] Level 1:colcon.colcon_core.package_identification:_identify(src/connection) by extension 'ignore'
[2.214s] Level 1:colcon.colcon_core.package_identification:_identify(src/connection) by extension 'ignore_ament_install'
[2.215s] Level 1:colcon.colcon_core.package_identification:_identify(src/connection) by extensions ['colcon_pkg']
[2.215s] Level 1:colcon.colcon_core.package_identification:_identify(src/connection) by extension 'colcon_pkg'
[2.215s] Level 1:colcon.colcon_core.package_identification:_identify(src/connection) by extensions ['colcon_meta']
[2.215s] Level 1:colcon.colcon_core.package_identification:_identify(src/connection) by extension 'colcon_meta'
[2.215s] Level 1:colcon.colcon_core.package_identification:_identify(src/connection) by extensions ['ros']
[2.215s] Level 1:colcon.colcon_core.package_identification:_identify(src/connection) by extension 'ros'
[2.215s] Level 1:colcon.colcon_core.package_identification:_identify(src/connection) by extensions ['cmake', 'python']
[2.215s] Level 1:colcon.colcon_core.package_identification:_identify(src/connection) by extension 'cmake'
[2.215s] Level 1:colcon.colcon_core.package_identification:_identify(src/connection) by extension 'python'
[2.215s] Level 1:colcon.colcon_core.package_identification:_identify(src/connection) by extensions ['python_setup_py']
[2.215s] Level 1:colcon.colcon_core.package_identification:_identify(src/connection) by extension 'python_setup_py'
[2.215s] Level 1:colcon.colcon_core.package_identification:_identify(src/connection/obj) by extensions ['ignore', 'ignore_ament_install']
[2.216s] Level 1:colcon.colcon_core.package_identification:_identify(src/connection/obj) by extension 'ignore'
[2.216s] Level 1:colcon.colcon_core.package_identification:_identify(src/connection/obj) by extension 'ignore_ament_install'
[2.216s] Level 1:colcon.colcon_core.package_identification:_identify(src/connection/obj) by extensions ['colcon_pkg']
[2.216s] Level 1:colcon.colcon_core.package_identification:_identify(src/connection/obj) by extension 'colcon_pkg'
[2.216s] Level 1:colcon.colcon_core.package_identification:_identify(src/connection/obj) by extensions ['colcon_meta']
[2.216s] Level 1:colcon.colcon_core.package_identification:_identify(src/connection/obj) by extension 'colcon_meta'
[2.216s] Level 1:colcon.colcon_core.package_identification:_identify(src/connection/obj) by extensions ['ros']
[2.216s] Level 1:colcon.colcon_core.package_identification:_identify(src/connection/obj) by extension 'ros'
[2.216s] Level 1:colcon.colcon_core.package_identification:_identify(src/connection/obj) by extensions ['cmake', 'python']
[2.216s] Level 1:colcon.colcon_core.package_identification:_identify(src/connection/obj) by extension 'cmake'
[2.216s] Level 1:colcon.colcon_core.package_identification:_identify(src/connection/obj) by extension 'python'
[2.216s] Level 1:colcon.colcon_core.package_identification:_identify(src/connection/obj) by extensions ['python_setup_py']
[2.217s] Level 1:colcon.colcon_core.package_identification:_identify(src/connection/obj) by extension 'python_setup_py'
[2.217s] Level 1:colcon.colcon_core.package_identification:_identify(src/nanopb-0.2.8) by extensions ['ignore', 'ignore_ament_install']
[2.217s] Level 1:colcon.colcon_core.package_identification:_identify(src/nanopb-0.2.8) by extension 'ignore'
[2.217s] Level 1:colcon.colcon_core.package_identification:_identify(src/nanopb-0.2.8) by extension 'ignore_ament_install'
[2.217s] Level 1:colcon.colcon_core.package_identification:_identify(src/nanopb-0.2.8) by extensions ['colcon_pkg']
[2.217s] Level 1:colcon.colcon_core.package_identification:_identify(src/nanopb-0.2.8) by extension 'colcon_pkg'
[2.217s] Level 1:colcon.colcon_core.package_identification:_identify(src/nanopb-0.2.8) by extensions ['colcon_meta']
[2.217s] Level 1:colcon.colcon_core.package_identification:_identify(src/nanopb-0.2.8) by extension 'colcon_meta'
[2.217s] Level 1:colcon.colcon_core.package_identification:_identify(src/nanopb-0.2.8) by extensions ['ros']
[2.217s] Level 1:colcon.colcon_core.package_identification:_identify(src/nanopb-0.2.8) by extension 'ros'
[2.218s] Level 1:colcon.colcon_core.package_identification:_identify(src/nanopb-0.2.8) by extensions ['cmake', 'python']
[2.218s] Level 1:colcon.colcon_core.package_identification:_identify(src/nanopb-0.2.8) by extension 'cmake'
[2.218s] Level 1:colcon.colcon_core.package_identification:_identify(src/nanopb-0.2.8) by extension 'python'
[2.218s] Level 1:colcon.colcon_core.package_identification:_identify(src/nanopb-0.2.8) by extensions ['python_setup_py']
[2.218s] Level 1:colcon.colcon_core.package_identification:_identify(src/nanopb-0.2.8) by extension 'python_setup_py'
[2.218s] Level 1:colcon.colcon_core.package_identification:_identify(src/nanopb-0.2.8/obj) by extensions ['ignore', 'ignore_ament_install']
[2.218s] Level 1:colcon.colcon_core.package_identification:_identify(src/nanopb-0.2.8/obj) by extension 'ignore'
[2.218s] Level 1:colcon.colcon_core.package_identification:_identify(src/nanopb-0.2.8/obj) by extension 'ignore_ament_install'
[2.218s] Level 1:colcon.colcon_core.package_identification:_identify(src/nanopb-0.2.8/obj) by extensions ['colcon_pkg']
[2.218s] Level 1:colcon.colcon_core.package_identification:_identify(src/nanopb-0.2.8/obj) by extension 'colcon_pkg'
[2.218s] Level 1:colcon.colcon_core.package_identification:_identify(src/nanopb-0.2.8/obj) by extensions ['colcon_meta']
[2.219s] Level 1:colcon.colcon_core.package_identification:_identify(src/nanopb-0.2.8/obj) by extension 'colcon_meta'
[2.219s] Level 1:colcon.colcon_core.package_identification:_identify(src/nanopb-0.2.8/obj) by extensions ['ros']
[2.219s] Level 1:colcon.colcon_core.package_identification:_identify(src/nanopb-0.2.8/obj) by extension 'ros'
[2.219s] Level 1:colcon.colcon_core.package_identification:_identify(src/nanopb-0.2.8/obj) by extensions ['cmake', 'python']
[2.219s] Level 1:colcon.colcon_core.package_identification:_identify(src/nanopb-0.2.8/obj) by extension 'cmake'
[2.219s] Level 1:colcon.colcon_core.package_identification:_identify(src/nanopb-0.2.8/obj) by extension 'python'
[2.219s] Level 1:colcon.colcon_core.package_identification:_identify(src/nanopb-0.2.8/obj) by extensions ['python_setup_py']
[2.219s] Level 1:colcon.colcon_core.package_identification:_identify(src/nanopb-0.2.8/obj) by extension 'python_setup_py'
[2.219s] Level 1:colcon.colcon_core.package_identification:_identify(src/protobuf) by extensions ['ignore', 'ignore_ament_install']
[2.219s] Level 1:colcon.colcon_core.package_identification:_identify(src/protobuf) by extension 'ignore'
[2.219s] Level 1:colcon.colcon_core.package_identification:_identify(src/protobuf) by extension 'ignore_ament_install'
[2.220s] Level 1:colcon.colcon_core.package_identification:_identify(src/protobuf) by extensions ['colcon_pkg']
[2.220s] Level 1:colcon.colcon_core.package_identification:_identify(src/protobuf) by extension 'colcon_pkg'
[2.220s] Level 1:colcon.colcon_core.package_identification:_identify(src/protobuf) by extensions ['colcon_meta']
[2.220s] Level 1:colcon.colcon_core.package_identification:_identify(src/protobuf) by extension 'colcon_meta'
[2.220s] Level 1:colcon.colcon_core.package_identification:_identify(src/protobuf) by extensions ['ros']
[2.220s] Level 1:colcon.colcon_core.package_identification:_identify(src/protobuf) by extension 'ros'
[2.220s] Level 1:colcon.colcon_core.package_identification:_identify(src/protobuf) by extensions ['cmake', 'python']
[2.220s] Level 1:colcon.colcon_core.package_identification:_identify(src/protobuf) by extension 'cmake'
[2.220s] Level 1:colcon.colcon_core.package_identification:_identify(src/protobuf) by extension 'python'
[2.220s] Level 1:colcon.colcon_core.package_identification:_identify(src/protobuf) by extensions ['python_setup_py']
[2.220s] Level 1:colcon.colcon_core.package_identification:_identify(src/protobuf) by extension 'python_setup_py'
[2.221s] Level 1:colcon.colcon_core.package_identification:_identify(src/protobuf/obj) by extensions ['ignore', 'ignore_ament_install']
[2.221s] Level 1:colcon.colcon_core.package_identification:_identify(src/protobuf/obj) by extension 'ignore'
[2.221s] Level 1:colcon.colcon_core.package_identification:_identify(src/protobuf/obj) by extension 'ignore_ament_install'
[2.221s] Level 1:colcon.colcon_core.package_identification:_identify(src/protobuf/obj) by extensions ['colcon_pkg']
[2.221s] Level 1:colcon.colcon_core.package_identification:_identify(src/protobuf/obj) by extension 'colcon_pkg'
[2.221s] Level 1:colcon.colcon_core.package_identification:_identify(src/protobuf/obj) by extensions ['colcon_meta']
[2.221s] Level 1:colcon.colcon_core.package_identification:_identify(src/protobuf/obj) by extension 'colcon_meta'
[2.221s] Level 1:colcon.colcon_core.package_identification:_identify(src/protobuf/obj) by extensions ['ros']
[2.221s] Level 1:colcon.colcon_core.package_identification:_identify(src/protobuf/obj) by extension 'ros'
[2.221s] Level 1:colcon.colcon_core.package_identification:_identify(src/protobuf/obj) by extensions ['cmake', 'python']
[2.221s] Level 1:colcon.colcon_core.package_identification:_identify(src/protobuf/obj) by extension 'cmake'
[2.221s] Level 1:colcon.colcon_core.package_identification:_identify(src/protobuf/obj) by extension 'python'
[2.222s] Level 1:colcon.colcon_core.package_identification:_identify(src/protobuf/obj) by extensions ['python_setup_py']
[2.222s] Level 1:colcon.colcon_core.package_identification:_identify(src/protobuf/obj) by extension 'python_setup_py'
[2.222s] Level 1:colcon.colcon_core.package_identification:_identify(src/protobuf_gen) by extensions ['ignore', 'ignore_ament_install']
[2.222s] Level 1:colcon.colcon_core.package_identification:_identify(src/protobuf_gen) by extension 'ignore'
[2.222s] Level 1:colcon.colcon_core.package_identification:_identify(src/protobuf_gen) by extension 'ignore_ament_install'
[2.222s] Level 1:colcon.colcon_core.package_identification:_identify(src/protobuf_gen) by extensions ['colcon_pkg']
[2.222s] Level 1:colcon.colcon_core.package_identification:_identify(src/protobuf_gen) by extension 'colcon_pkg'
[2.222s] Level 1:colcon.colcon_core.package_identification:_identify(src/protobuf_gen) by extensions ['colcon_meta']
[2.222s] Level 1:colcon.colcon_core.package_identification:_identify(src/protobuf_gen) by extension 'colcon_meta'
[2.222s] Level 1:colcon.colcon_core.package_identification:_identify(src/protobuf_gen) by extensions ['ros']
[2.222s] Level 1:colcon.colcon_core.package_identification:_identify(src/protobuf_gen) by extension 'ros'
[2.223s] Level 1:colcon.colcon_core.package_identification:_identify(src/protobuf_gen) by extensions ['cmake', 'python']
[2.223s] Level 1:colcon.colcon_core.package_identification:_identify(src/protobuf_gen) by extension 'cmake'
[2.223s] Level 1:colcon.colcon_core.package_identification:_identify(src/protobuf_gen) by extension 'python'
[2.223s] Level 1:colcon.colcon_core.package_identification:_identify(src/protobuf_gen) by extensions ['python_setup_py']
[2.223s] Level 1:colcon.colcon_core.package_identification:_identify(src/protobuf_gen) by extension 'python_setup_py'
[2.223s] Level 1:colcon.colcon_core.package_identification:_identify(src/protobuf_gen/obj) by extensions ['ignore', 'ignore_ament_install']
[2.223s] Level 1:colcon.colcon_core.package_identification:_identify(src/protobuf_gen/obj) by extension 'ignore'
[2.223s] Level 1:colcon.colcon_core.package_identification:_identify(src/protobuf_gen/obj) by extension 'ignore_ament_install'
[2.223s] Level 1:colcon.colcon_core.package_identification:_identify(src/protobuf_gen/obj) by extensions ['colcon_pkg']
[2.223s] Level 1:colcon.colcon_core.package_identification:_identify(src/protobuf_gen/obj) by extension 'colcon_pkg'
[2.223s] Level 1:colcon.colcon_core.package_identification:_identify(src/protobuf_gen/obj) by extensions ['colcon_meta']
[2.223s] Level 1:colcon.colcon_core.package_identification:_identify(src/protobuf_gen/obj) by extension 'colcon_meta'
[2.224s] Level 1:colcon.colcon_core.package_identification:_identify(src/protobuf_gen/obj) by extensions ['ros']
[2.224s] Level 1:colcon.colcon_core.package_identification:_identify(src/protobuf_gen/obj) by extension 'ros'
[2.224s] Level 1:colcon.colcon_core.package_identification:_identify(src/protobuf_gen/obj) by extensions ['cmake', 'python']
[2.224s] Level 1:colcon.colcon_core.package_identification:_identify(src/protobuf_gen/obj) by extension 'cmake'
[2.224s] Level 1:colcon.colcon_core.package_identification:_identify(src/protobuf_gen/obj) by extension 'python'
[2.224s] Level 1:colcon.colcon_core.package_identification:_identify(src/protobuf_gen/obj) by extensions ['python_setup_py']
[2.224s] Level 1:colcon.colcon_core.package_identification:_identify(src/protobuf_gen/obj) by extension 'python_setup_py'
[2.224s] Level 1:colcon.colcon_core.package_discovery:discover_packages(recursive) using defaults
[2.224s] Level 1:colcon.colcon_core.package_discovery:discover_packages(ignore) discover
[2.224s] Level 1:colcon.colcon_core.package_discovery:discover_packages(ignore) using defaults
[2.224s] Level 1:colcon.colcon_core.package_discovery:discover_packages(path) discover
[2.224s] Level 1:colcon.colcon_core.package_discovery:discover_packages(path) using defaults
