[1.607s] DEBUG:colcon:Command line arguments: ['/usr/bin/colcon', 'list', '-n']
[1.607s] DEBUG:colcon:Parsed command line arguments: Namespace(base_paths=['.'], build_base='build', ignore_user_meta=False, log_base=None, log_level=None, main=<bound method ListVerb.main of <colcon_package_information.verb.list.ListVerb object at 0x7f7bb1ef6e20>>, metas=['./colcon.meta'], names_only=True, packages_above=None, packages_above_and_dependencies=None, packages_above_depth=None, packages_end=None, packages_ignore=None, packages_ignore_regex=None, packages_select=None, packages_select_build_failed=False, packages_select_by_dep=None, packages_select_regex=None, packages_select_test_failures=False, packages_skip=None, packages_skip_build_finished=False, packages_skip_by_dep=None, packages_skip_regex=None, packages_skip_test_passed=False, packages_skip_up_to=None, packages_start=None, packages_up_to=None, packages_up_to_regex=None, paths=None, paths_only=False, topological_graph=False, topological_graph_density=False, topological_graph_dot=False, topological_graph_dot_cluster=False, topological_graph_dot_include_skipped=False, topological_graph_legend=False, topological_order=False, verb_extension=<colcon_package_information.verb.list.ListVerb object at 0x7f7bb1ef6e20>, verb_name='list', verb_parser=<colcon_defaults.argument_parser.defaults.DefaultArgumentsDecorator object at 0x7f7bb1da50a0>)
[3.193s] Level 1:colcon.colcon_core.package_discovery:discover_packages(colcon_meta) check parameters
[3.194s] Level 1:colcon.colcon_core.package_discovery:discover_packages(recursive) check parameters
[3.194s] Level 1:colcon.colcon_core.package_discovery:discover_packages(ignore) check parameters
[3.194s] Level 1:colcon.colcon_core.package_discovery:discover_packages(path) check parameters
[3.194s] Level 1:colcon.colcon_core.package_discovery:discover_packages(colcon_meta) discover
[3.194s] Level 1:colcon.colcon_core.package_discovery:discover_packages(recursive) discover
[3.194s] INFO:colcon.colcon_core.package_discovery:Crawling recursively for packages in '/home/mh/Desktop/FRI-Client-SDK_Cpp'
[3.194s] Level 1:colcon.colcon_core.package_identification:_identify(.) by extensions ['ignore', 'ignore_ament_install']
[3.194s] Level 1:colcon.colcon_core.package_identification:_identify(.) by extension 'ignore'
[3.194s] Level 1:colcon.colcon_core.package_identification:_identify(.) by extension 'ignore_ament_install'
[3.195s] Level 1:colcon.colcon_core.package_identification:_identify(.) by extensions ['colcon_pkg']
[3.195s] Level 1:colcon.colcon_core.package_identification:_identify(.) by extension 'colcon_pkg'
[3.195s] Level 1:colcon.colcon_core.package_identification:_identify(.) by extensions ['colcon_meta']
[3.195s] Level 1:colcon.colcon_core.package_identification:_identify(.) by extension 'colcon_meta'
[3.195s] Level 1:colcon.colcon_core.package_identification:_identify(.) by extensions ['ros']
[3.195s] Level 1:colcon.colcon_core.package_identification:_identify(.) by extension 'ros'
[3.209s] Level 1:colcon.colcon_core.package_identification:_identify(.) by extensions ['cmake', 'python']
[3.210s] Level 1:colcon.colcon_core.package_identification:_identify(.) by extension 'cmake'
[3.210s] Level 1:colcon.colcon_core.package_identification:_identify(.) by extension 'python'
[3.210s] Level 1:colcon.colcon_core.package_identification:_identify(.) by extensions ['python_setup_py']
[3.210s] Level 1:colcon.colcon_core.package_identification:_identify(.) by extension 'python_setup_py'
[3.210s] Level 1:colcon.colcon_core.package_identification:_identify(bin) by extensions ['ignore', 'ignore_ament_install']
[3.210s] Level 1:colcon.colcon_core.package_identification:_identify(bin) by extension 'ignore'
[3.210s] Level 1:colcon.colcon_core.package_identification:_identify(bin) by extension 'ignore_ament_install'
[3.210s] Level 1:colcon.colcon_core.package_identification:_identify(bin) by extensions ['colcon_pkg']
[3.210s] Level 1:colcon.colcon_core.package_identification:_identify(bin) by extension 'colcon_pkg'
[3.210s] Level 1:colcon.colcon_core.package_identification:_identify(bin) by extensions ['colcon_meta']
[3.210s] Level 1:colcon.colcon_core.package_identification:_identify(bin) by extension 'colcon_meta'
[3.210s] Level 1:colcon.colcon_core.package_identification:_identify(bin) by extensions ['ros']
[3.210s] Level 1:colcon.colcon_core.package_identification:_identify(bin) by extension 'ros'
[3.211s] Level 1:colcon.colcon_core.package_identification:_identify(bin) by extensions ['cmake', 'python']
[3.211s] Level 1:colcon.colcon_core.package_identification:_identify(bin) by extension 'cmake'
[3.211s] Level 1:colcon.colcon_core.package_identification:_identify(bin) by extension 'python'
[3.211s] Level 1:colcon.colcon_core.package_identification:_identify(bin) by extensions ['python_setup_py']
[3.211s] Level 1:colcon.colcon_core.package_identification:_identify(bin) by extension 'python_setup_py'
[3.211s] Level 1:colcon.colcon_core.package_identification:_identify(build) by extensions ['ignore', 'ignore_ament_install']
[3.211s] Level 1:colcon.colcon_core.package_identification:_identify(build) by extension 'ignore'
[3.211s] Level 1:colcon.colcon_core.package_identification:_identify(build) by extension 'ignore_ament_install'
[3.211s] Level 1:colcon.colcon_core.package_identification:_identify(build) by extensions ['colcon_pkg']
[3.211s] Level 1:colcon.colcon_core.package_identification:_identify(build) by extension 'colcon_pkg'
[3.211s] Level 1:colcon.colcon_core.package_identification:_identify(build) by extensions ['colcon_meta']
[3.211s] Level 1:colcon.colcon_core.package_identification:_identify(build) by extension 'colcon_meta'
[3.211s] Level 1:colcon.colcon_core.package_identification:_identify(build) by extensions ['ros']
[3.211s] Level 1:colcon.colcon_core.package_identification:_identify(build) by extension 'ros'
[3.211s] Level 1:colcon.colcon_core.package_identification:_identify(build) by extensions ['cmake', 'python']
[3.211s] Level 1:colcon.colcon_core.package_identification:_identify(build) by extension 'cmake'
[3.211s] Level 1:colcon.colcon_core.package_identification:_identify(build) by extension 'python'
[3.211s] Level 1:colcon.colcon_core.package_identification:_identify(build) by extensions ['python_setup_py']
[3.211s] Level 1:colcon.colcon_core.package_identification:_identify(build) by extension 'python_setup_py'
[3.212s] Level 1:colcon.colcon_core.package_identification:_identify(build/GNUMake) by extensions ['ignore', 'ignore_ament_install']
[3.212s] Level 1:colcon.colcon_core.package_identification:_identify(build/GNUMake) by extension 'ignore'
[3.212s] Level 1:colcon.colcon_core.package_identification:_identify(build/GNUMake) by extension 'ignore_ament_install'
[3.212s] Level 1:colcon.colcon_core.package_identification:_identify(build/GNUMake) by extensions ['colcon_pkg']
[3.212s] Level 1:colcon.colcon_core.package_identification:_identify(build/GNUMake) by extension 'colcon_pkg'
[3.212s] Level 1:colcon.colcon_core.package_identification:_identify(build/GNUMake) by extensions ['colcon_meta']
[3.212s] Level 1:colcon.colcon_core.package_identification:_identify(build/GNUMake) by extension 'colcon_meta'
[3.212s] Level 1:colcon.colcon_core.package_identification:_identify(build/GNUMake) by extensions ['ros']
[3.212s] Level 1:colcon.colcon_core.package_identification:_identify(build/GNUMake) by extension 'ros'
[3.212s] Level 1:colcon.colcon_core.package_identification:_identify(build/GNUMake) by extensions ['cmake', 'python']
[3.212s] Level 1:colcon.colcon_core.package_identification:_identify(build/GNUMake) by extension 'cmake'
[3.212s] Level 1:colcon.colcon_core.package_identification:_identify(build/GNUMake) by extension 'python'
[3.212s] Level 1:colcon.colcon_core.package_identification:_identify(build/GNUMake) by extensions ['python_setup_py']
[3.212s] Level 1:colcon.colcon_core.package_identification:_identify(build/GNUMake) by extension 'python_setup_py'
[3.212s] Level 1:colcon.colcon_core.package_identification:_identify(build/MSVisualStudio2010) by extensions ['ignore', 'ignore_ament_install']
[3.213s] Level 1:colcon.colcon_core.package_identification:_identify(build/MSVisualStudio2010) by extension 'ignore'
[3.213s] Level 1:colcon.colcon_core.package_identification:_identify(build/MSVisualStudio2010) by extension 'ignore_ament_install'
[3.213s] Level 1:colcon.colcon_core.package_identification:_identify(build/MSVisualStudio2010) by extensions ['colcon_pkg']
[3.213s] Level 1:colcon.colcon_core.package_identification:_identify(build/MSVisualStudio2010) by extension 'colcon_pkg'
[3.213s] Level 1:colcon.colcon_core.package_identification:_identify(build/MSVisualStudio2010) by extensions ['colcon_meta']
[3.213s] Level 1:colcon.colcon_core.package_identification:_identify(build/MSVisualStudio2010) by extension 'colcon_meta'
[3.213s] Level 1:colcon.colcon_core.package_identification:_identify(build/MSVisualStudio2010) by extensions ['ros']
[3.213s] Level 1:colcon.colcon_core.package_identification:_identify(build/MSVisualStudio2010) by extension 'ros'
[3.213s] Level 1:colcon.colcon_core.package_identification:_identify(build/MSVisualStudio2010) by extensions ['cmake', 'python']
[3.213s] Level 1:colcon.colcon_core.package_identification:_identify(build/MSVisualStudio2010) by extension 'cmake'
[3.213s] Level 1:colcon.colcon_core.package_identification:_identify(build/MSVisualStudio2010) by extension 'python'
[3.213s] Level 1:colcon.colcon_core.package_identification:_identify(build/MSVisualStudio2010) by extensions ['python_setup_py']
[3.213s] Level 1:colcon.colcon_core.package_identification:_identify(build/MSVisualStudio2010) by extension 'python_setup_py'
[3.213s] Level 1:colcon.colcon_core.package_identification:_identify(build/MSVisualStudio2010/IOAccess) by extensions ['ignore', 'ignore_ament_install']
[3.213s] Level 1:colcon.colcon_core.package_identification:_identify(build/MSVisualStudio2010/IOAccess) by extension 'ignore'
[3.213s] Level 1:colcon.colcon_core.package_identification:_identify(build/MSVisualStudio2010/IOAccess) by extension 'ignore_ament_install'
[3.213s] Level 1:colcon.colcon_core.package_identification:_identify(build/MSVisualStudio2010/IOAccess) by extensions ['colcon_pkg']
[3.213s] Level 1:colcon.colcon_core.package_identification:_identify(build/MSVisualStudio2010/IOAccess) by extension 'colcon_pkg'
[3.214s] Level 1:colcon.colcon_core.package_identification:_identify(build/MSVisualStudio2010/IOAccess) by extensions ['colcon_meta']
[3.214s] Level 1:colcon.colcon_core.package_identification:_identify(build/MSVisualStudio2010/IOAccess) by extension 'colcon_meta'
[3.214s] Level 1:colcon.colcon_core.package_identification:_identify(build/MSVisualStudio2010/IOAccess) by extensions ['ros']
[3.214s] Level 1:colcon.colcon_core.package_identification:_identify(build/MSVisualStudio2010/IOAccess) by extension 'ros'
[3.214s] Level 1:colcon.colcon_core.package_identification:_identify(build/MSVisualStudio2010/IOAccess) by extensions ['cmake', 'python']
[3.214s] Level 1:colcon.colcon_core.package_identification:_identify(build/MSVisualStudio2010/IOAccess) by extension 'cmake'
[3.214s] Level 1:colcon.colcon_core.package_identification:_identify(build/MSVisualStudio2010/IOAccess) by extension 'python'
[3.214s] Level 1:colcon.colcon_core.package_identification:_identify(build/MSVisualStudio2010/IOAccess) by extensions ['python_setup_py']
[3.214s] Level 1:colcon.colcon_core.package_identification:_identify(build/MSVisualStudio2010/IOAccess) by extension 'python_setup_py'
[3.214s] Level 1:colcon.colcon_core.package_identification:_identify(build/MSVisualStudio2010/LBRClientTemplate) by extensions ['ignore', 'ignore_ament_install']
[3.214s] Level 1:colcon.colcon_core.package_identification:_identify(build/MSVisualStudio2010/LBRClientTemplate) by extension 'ignore'
[3.214s] Level 1:colcon.colcon_core.package_identification:_identify(build/MSVisualStudio2010/LBRClientTemplate) by extension 'ignore_ament_install'
[3.214s] Level 1:colcon.colcon_core.package_identification:_identify(build/MSVisualStudio2010/LBRClientTemplate) by extensions ['colcon_pkg']
[3.214s] Level 1:colcon.colcon_core.package_identification:_identify(build/MSVisualStudio2010/LBRClientTemplate) by extension 'colcon_pkg'
[3.214s] Level 1:colcon.colcon_core.package_identification:_identify(build/MSVisualStudio2010/LBRClientTemplate) by extensions ['colcon_meta']
[3.214s] Level 1:colcon.colcon_core.package_identification:_identify(build/MSVisualStudio2010/LBRClientTemplate) by extension 'colcon_meta'
[3.214s] Level 1:colcon.colcon_core.package_identification:_identify(build/MSVisualStudio2010/LBRClientTemplate) by extensions ['ros']
[3.214s] Level 1:colcon.colcon_core.package_identification:_identify(build/MSVisualStudio2010/LBRClientTemplate) by extension 'ros'
[3.214s] Level 1:colcon.colcon_core.package_identification:_identify(build/MSVisualStudio2010/LBRClientTemplate) by extensions ['cmake', 'python']
[3.215s] Level 1:colcon.colcon_core.package_identification:_identify(build/MSVisualStudio2010/LBRClientTemplate) by extension 'cmake'
[3.215s] Level 1:colcon.colcon_core.package_identification:_identify(build/MSVisualStudio2010/LBRClientTemplate) by extension 'python'
[3.215s] Level 1:colcon.colcon_core.package_identification:_identify(build/MSVisualStudio2010/LBRClientTemplate) by extensions ['python_setup_py']
[3.215s] Level 1:colcon.colcon_core.package_identification:_identify(build/MSVisualStudio2010/LBRClientTemplate) by extension 'python_setup_py'
[3.215s] Level 1:colcon.colcon_core.package_identification:_identify(build/MSVisualStudio2010/LBRJointSineOverlay) by extensions ['ignore', 'ignore_ament_install']
[3.215s] Level 1:colcon.colcon_core.package_identification:_identify(build/MSVisualStudio2010/LBRJointSineOverlay) by extension 'ignore'
[3.215s] Level 1:colcon.colcon_core.package_identification:_identify(build/MSVisualStudio2010/LBRJointSineOverlay) by extension 'ignore_ament_install'
[3.215s] Level 1:colcon.colcon_core.package_identification:_identify(build/MSVisualStudio2010/LBRJointSineOverlay) by extensions ['colcon_pkg']
[3.215s] Level 1:colcon.colcon_core.package_identification:_identify(build/MSVisualStudio2010/LBRJointSineOverlay) by extension 'colcon_pkg'
[3.215s] Level 1:colcon.colcon_core.package_identification:_identify(build/MSVisualStudio2010/LBRJointSineOverlay) by extensions ['colcon_meta']
[3.215s] Level 1:colcon.colcon_core.package_identification:_identify(build/MSVisualStudio2010/LBRJointSineOverlay) by extension 'colcon_meta'
[3.215s] Level 1:colcon.colcon_core.package_identification:_identify(build/MSVisualStudio2010/LBRJointSineOverlay) by extensions ['ros']
[3.215s] Level 1:colcon.colcon_core.package_identification:_identify(build/MSVisualStudio2010/LBRJointSineOverlay) by extension 'ros'
[3.215s] Level 1:colcon.colcon_core.package_identification:_identify(build/MSVisualStudio2010/LBRJointSineOverlay) by extensions ['cmake', 'python']
[3.215s] Level 1:colcon.colcon_core.package_identification:_identify(build/MSVisualStudio2010/LBRJointSineOverlay) by extension 'cmake'
[3.215s] Level 1:colcon.colcon_core.package_identification:_identify(build/MSVisualStudio2010/LBRJointSineOverlay) by extension 'python'
[3.215s] Level 1:colcon.colcon_core.package_identification:_identify(build/MSVisualStudio2010/LBRJointSineOverlay) by extensions ['python_setup_py']
[3.216s] Level 1:colcon.colcon_core.package_identification:_identify(build/MSVisualStudio2010/LBRJointSineOverlay) by extension 'python_setup_py'
[3.216s] Level 1:colcon.colcon_core.package_identification:_identify(build/MSVisualStudio2010/LBRTorqueSineOverlay) by extensions ['ignore', 'ignore_ament_install']
[3.216s] Level 1:colcon.colcon_core.package_identification:_identify(build/MSVisualStudio2010/LBRTorqueSineOverlay) by extension 'ignore'
[3.216s] Level 1:colcon.colcon_core.package_identification:_identify(build/MSVisualStudio2010/LBRTorqueSineOverlay) by extension 'ignore_ament_install'
[3.216s] Level 1:colcon.colcon_core.package_identification:_identify(build/MSVisualStudio2010/LBRTorqueSineOverlay) by extensions ['colcon_pkg']
[3.216s] Level 1:colcon.colcon_core.package_identification:_identify(build/MSVisualStudio2010/LBRTorqueSineOverlay) by extension 'colcon_pkg'
[3.216s] Level 1:colcon.colcon_core.package_identification:_identify(build/MSVisualStudio2010/LBRTorqueSineOverlay) by extensions ['colcon_meta']
[3.216s] Level 1:colcon.colcon_core.package_identification:_identify(build/MSVisualStudio2010/LBRTorqueSineOverlay) by extension 'colcon_meta'
[3.216s] Level 1:colcon.colcon_core.package_identification:_identify(build/MSVisualStudio2010/LBRTorqueSineOverlay) by extensions ['ros']
[3.216s] Level 1:colcon.colcon_core.package_identification:_identify(build/MSVisualStudio2010/LBRTorqueSineOverlay) by extension 'ros'
[3.216s] Level 1:colcon.colcon_core.package_identification:_identify(build/MSVisualStudio2010/LBRTorqueSineOverlay) by extensions ['cmake', 'python']
[3.217s] Level 1:colcon.colcon_core.package_identification:_identify(build/MSVisualStudio2010/LBRTorqueSineOverlay) by extension 'cmake'
[3.217s] Level 1:colcon.colcon_core.package_identification:_identify(build/MSVisualStudio2010/LBRTorqueSineOverlay) by extension 'python'
[3.217s] Level 1:colcon.colcon_core.package_identification:_identify(build/MSVisualStudio2010/LBRTorqueSineOverlay) by extensions ['python_setup_py']
[3.217s] Level 1:colcon.colcon_core.package_identification:_identify(build/MSVisualStudio2010/LBRTorqueSineOverlay) by extension 'python_setup_py'
[3.217s] Level 1:colcon.colcon_core.package_identification:_identify(build/MSVisualStudio2010/LBRWrenchSineOverlay) by extensions ['ignore', 'ignore_ament_install']
[3.217s] Level 1:colcon.colcon_core.package_identification:_identify(build/MSVisualStudio2010/LBRWrenchSineOverlay) by extension 'ignore'
[3.217s] Level 1:colcon.colcon_core.package_identification:_identify(build/MSVisualStudio2010/LBRWrenchSineOverlay) by extension 'ignore_ament_install'
[3.217s] Level 1:colcon.colcon_core.package_identification:_identify(build/MSVisualStudio2010/LBRWrenchSineOverlay) by extensions ['colcon_pkg']
[3.217s] Level 1:colcon.colcon_core.package_identification:_identify(build/MSVisualStudio2010/LBRWrenchSineOverlay) by extension 'colcon_pkg'
[3.217s] Level 1:colcon.colcon_core.package_identification:_identify(build/MSVisualStudio2010/LBRWrenchSineOverlay) by extensions ['colcon_meta']
[3.217s] Level 1:colcon.colcon_core.package_identification:_identify(build/MSVisualStudio2010/LBRWrenchSineOverlay) by extension 'colcon_meta'
[3.218s] Level 1:colcon.colcon_core.package_identification:_identify(build/MSVisualStudio2010/LBRWrenchSineOverlay) by extensions ['ros']
[3.218s] Level 1:colcon.colcon_core.package_identification:_identify(build/MSVisualStudio2010/LBRWrenchSineOverlay) by extension 'ros'
[3.218s] Level 1:colcon.colcon_core.package_identification:_identify(build/MSVisualStudio2010/LBRWrenchSineOverlay) by extensions ['cmake', 'python']
[3.218s] Level 1:colcon.colcon_core.package_identification:_identify(build/MSVisualStudio2010/LBRWrenchSineOverlay) by extension 'cmake'
[3.218s] Level 1:colcon.colcon_core.package_identification:_identify(build/MSVisualStudio2010/LBRWrenchSineOverlay) by extension 'python'
[3.218s] Level 1:colcon.colcon_core.package_identification:_identify(build/MSVisualStudio2010/LBRWrenchSineOverlay) by extensions ['python_setup_py']
[3.218s] Level 1:colcon.colcon_core.package_identification:_identify(build/MSVisualStudio2010/LBRWrenchSineOverlay) by extension 'python_setup_py'
[3.218s] Level 1:colcon.colcon_core.package_identification:_identify(build/MSVisualStudio2010/SimulatedTransformationProvider) by extensions ['ignore', 'ignore_ament_install']
[3.218s] Level 1:colcon.colcon_core.package_identification:_identify(build/MSVisualStudio2010/SimulatedTransformationProvider) by extension 'ignore'
[3.218s] Level 1:colcon.colcon_core.package_identification:_identify(build/MSVisualStudio2010/SimulatedTransformationProvider) by extension 'ignore_ament_install'
[3.219s] Level 1:colcon.colcon_core.package_identification:_identify(build/MSVisualStudio2010/SimulatedTransformationProvider) by extensions ['colcon_pkg']
[3.219s] Level 1:colcon.colcon_core.package_identification:_identify(build/MSVisualStudio2010/SimulatedTransformationProvider) by extension 'colcon_pkg'
[3.219s] Level 1:colcon.colcon_core.package_identification:_identify(build/MSVisualStudio2010/SimulatedTransformationProvider) by extensions ['colcon_meta']
[3.219s] Level 1:colcon.colcon_core.package_identification:_identify(build/MSVisualStudio2010/SimulatedTransformationProvider) by extension 'colcon_meta'
[3.219s] Level 1:colcon.colcon_core.package_identification:_identify(build/MSVisualStudio2010/SimulatedTransformationProvider) by extensions ['ros']
[3.219s] Level 1:colcon.colcon_core.package_identification:_identify(build/MSVisualStudio2010/SimulatedTransformationProvider) by extension 'ros'
[3.219s] Level 1:colcon.colcon_core.package_identification:_identify(build/MSVisualStudio2010/SimulatedTransformationProvider) by extensions ['cmake', 'python']
[3.219s] Level 1:colcon.colcon_core.package_identification:_identify(build/MSVisualStudio2010/SimulatedTransformationProvider) by extension 'cmake'
[3.219s] Level 1:colcon.colcon_core.package_identification:_identify(build/MSVisualStudio2010/SimulatedTransformationProvider) by extension 'python'
[3.219s] Level 1:colcon.colcon_core.package_identification:_identify(build/MSVisualStudio2010/SimulatedTransformationProvider) by extensions ['python_setup_py']
[3.219s] Level 1:colcon.colcon_core.package_identification:_identify(build/MSVisualStudio2010/SimulatedTransformationProvider) by extension 'python_setup_py'
[3.220s] Level 1:colcon.colcon_core.package_identification:_identify(build/MSVisualStudio2010/TransformationProvider) by extensions ['ignore', 'ignore_ament_install']
[3.220s] Level 1:colcon.colcon_core.package_identification:_identify(build/MSVisualStudio2010/TransformationProvider) by extension 'ignore'
[3.220s] Level 1:colcon.colcon_core.package_identification:_identify(build/MSVisualStudio2010/TransformationProvider) by extension 'ignore_ament_install'
[3.220s] Level 1:colcon.colcon_core.package_identification:_identify(build/MSVisualStudio2010/TransformationProvider) by extensions ['colcon_pkg']
[3.220s] Level 1:colcon.colcon_core.package_identification:_identify(build/MSVisualStudio2010/TransformationProvider) by extension 'colcon_pkg'
[3.220s] Level 1:colcon.colcon_core.package_identification:_identify(build/MSVisualStudio2010/TransformationProvider) by extensions ['colcon_meta']
[3.220s] Level 1:colcon.colcon_core.package_identification:_identify(build/MSVisualStudio2010/TransformationProvider) by extension 'colcon_meta'
[3.220s] Level 1:colcon.colcon_core.package_identification:_identify(build/MSVisualStudio2010/TransformationProvider) by extensions ['ros']
[3.220s] Level 1:colcon.colcon_core.package_identification:_identify(build/MSVisualStudio2010/TransformationProvider) by extension 'ros'
[3.221s] Level 1:colcon.colcon_core.package_identification:_identify(build/MSVisualStudio2010/TransformationProvider) by extensions ['cmake', 'python']
[3.221s] Level 1:colcon.colcon_core.package_identification:_identify(build/MSVisualStudio2010/TransformationProvider) by extension 'cmake'
[3.221s] Level 1:colcon.colcon_core.package_identification:_identify(build/MSVisualStudio2010/TransformationProvider) by extension 'python'
[3.221s] Level 1:colcon.colcon_core.package_identification:_identify(build/MSVisualStudio2010/TransformationProvider) by extensions ['python_setup_py']
[3.221s] Level 1:colcon.colcon_core.package_identification:_identify(build/MSVisualStudio2010/TransformationProvider) by extension 'python_setup_py'
[3.221s] Level 1:colcon.colcon_core.package_identification:_identify(build/MSVisualStudio2010/libFRIClient) by extensions ['ignore', 'ignore_ament_install']
[3.221s] Level 1:colcon.colcon_core.package_identification:_identify(build/MSVisualStudio2010/libFRIClient) by extension 'ignore'
[3.221s] Level 1:colcon.colcon_core.package_identification:_identify(build/MSVisualStudio2010/libFRIClient) by extension 'ignore_ament_install'
[3.221s] Level 1:colcon.colcon_core.package_identification:_identify(build/MSVisualStudio2010/libFRIClient) by extensions ['colcon_pkg']
[3.221s] Level 1:colcon.colcon_core.package_identification:_identify(build/MSVisualStudio2010/libFRIClient) by extension 'colcon_pkg'
[3.221s] Level 1:colcon.colcon_core.package_identification:_identify(build/MSVisualStudio2010/libFRIClient) by extensions ['colcon_meta']
[3.222s] Level 1:colcon.colcon_core.package_identification:_identify(build/MSVisualStudio2010/libFRIClient) by extension 'colcon_meta'
[3.222s] Level 1:colcon.colcon_core.package_identification:_identify(build/MSVisualStudio2010/libFRIClient) by extensions ['ros']
[3.222s] Level 1:colcon.colcon_core.package_identification:_identify(build/MSVisualStudio2010/libFRIClient) by extension 'ros'
[3.222s] Level 1:colcon.colcon_core.package_identification:_identify(build/MSVisualStudio2010/libFRIClient) by extensions ['cmake', 'python']
[3.222s] Level 1:colcon.colcon_core.package_identification:_identify(build/MSVisualStudio2010/libFRIClient) by extension 'cmake'
[3.222s] Level 1:colcon.colcon_core.package_identification:_identify(build/MSVisualStudio2010/libFRIClient) by extension 'python'
[3.222s] Level 1:colcon.colcon_core.package_identification:_identify(build/MSVisualStudio2010/libFRIClient) by extensions ['python_setup_py']
[3.222s] Level 1:colcon.colcon_core.package_identification:_identify(build/MSVisualStudio2010/libFRIClient) by extension 'python_setup_py'
[3.222s] Level 1:colcon.colcon_core.package_identification:_identify(doc) by extensions ['ignore', 'ignore_ament_install']
[3.222s] Level 1:colcon.colcon_core.package_identification:_identify(doc) by extension 'ignore'
[3.223s] Level 1:colcon.colcon_core.package_identification:_identify(doc) by extension 'ignore_ament_install'
[3.223s] Level 1:colcon.colcon_core.package_identification:_identify(doc) by extensions ['colcon_pkg']
[3.223s] Level 1:colcon.colcon_core.package_identification:_identify(doc) by extension 'colcon_pkg'
[3.223s] Level 1:colcon.colcon_core.package_identification:_identify(doc) by extensions ['colcon_meta']
[3.223s] Level 1:colcon.colcon_core.package_identification:_identify(doc) by extension 'colcon_meta'
[3.223s] Level 1:colcon.colcon_core.package_identification:_identify(doc) by extensions ['ros']
[3.223s] Level 1:colcon.colcon_core.package_identification:_identify(doc) by extension 'ros'
[3.223s] Level 1:colcon.colcon_core.package_identification:_identify(doc) by extensions ['cmake', 'python']
[3.223s] Level 1:colcon.colcon_core.package_identification:_identify(doc) by extension 'cmake'
[3.223s] Level 1:colcon.colcon_core.package_identification:_identify(doc) by extension 'python'
[3.223s] Level 1:colcon.colcon_core.package_identification:_identify(doc) by extensions ['python_setup_py']
[3.223s] Level 1:colcon.colcon_core.package_identification:_identify(doc) by extension 'python_setup_py'
[3.224s] Level 1:colcon.colcon_core.package_identification:_identify(doc/html) by extensions ['ignore', 'ignore_ament_install']
[3.224s] Level 1:colcon.colcon_core.package_identification:_identify(doc/html) by extension 'ignore'
[3.224s] Level 1:colcon.colcon_core.package_identification:_identify(doc/html) by extension 'ignore_ament_install'
[3.224s] Level 1:colcon.colcon_core.package_identification:_identify(doc/html) by extensions ['colcon_pkg']
[3.224s] Level 1:colcon.colcon_core.package_identification:_identify(doc/html) by extension 'colcon_pkg'
[3.224s] Level 1:colcon.colcon_core.package_identification:_identify(doc/html) by extensions ['colcon_meta']
[3.224s] Level 1:colcon.colcon_core.package_identification:_identify(doc/html) by extension 'colcon_meta'
[3.224s] Level 1:colcon.colcon_core.package_identification:_identify(doc/html) by extensions ['ros']
[3.224s] Level 1:colcon.colcon_core.package_identification:_identify(doc/html) by extension 'ros'
[3.225s] Level 1:colcon.colcon_core.package_identification:_identify(doc/html) by extensions ['cmake', 'python']
[3.225s] Level 1:colcon.colcon_core.package_identification:_identify(doc/html) by extension 'cmake'
[3.225s] Level 1:colcon.colcon_core.package_identification:_identify(doc/html) by extension 'python'
[3.225s] Level 1:colcon.colcon_core.package_identification:_identify(doc/html) by extensions ['python_setup_py']
[3.225s] Level 1:colcon.colcon_core.package_identification:_identify(doc/html) by extension 'python_setup_py'
[3.225s] Level 1:colcon.colcon_core.package_identification:_identify(example) by extensions ['ignore', 'ignore_ament_install']
[3.225s] Level 1:colcon.colcon_core.package_identification:_identify(example) by extension 'ignore'
[3.225s] Level 1:colcon.colcon_core.package_identification:_identify(example) by extension 'ignore_ament_install'
[3.225s] Level 1:colcon.colcon_core.package_identification:_identify(example) by extensions ['colcon_pkg']
[3.225s] Level 1:colcon.colcon_core.package_identification:_identify(example) by extension 'colcon_pkg'
[3.225s] Level 1:colcon.colcon_core.package_identification:_identify(example) by extensions ['colcon_meta']
[3.226s] Level 1:colcon.colcon_core.package_identification:_identify(example) by extension 'colcon_meta'
[3.226s] Level 1:colcon.colcon_core.package_identification:_identify(example) by extensions ['ros']
[3.226s] Level 1:colcon.colcon_core.package_identification:_identify(example) by extension 'ros'
[3.226s] Level 1:colcon.colcon_core.package_identification:_identify(example) by extensions ['cmake', 'python']
[3.226s] Level 1:colcon.colcon_core.package_identification:_identify(example) by extension 'cmake'
[3.226s] Level 1:colcon.colcon_core.package_identification:_identify(example) by extension 'python'
[3.226s] Level 1:colcon.colcon_core.package_identification:_identify(example) by extensions ['python_setup_py']
[3.226s] Level 1:colcon.colcon_core.package_identification:_identify(example) by extension 'python_setup_py'
[3.226s] Level 1:colcon.colcon_core.package_identification:_identify(example/IOAccess) by extensions ['ignore', 'ignore_ament_install']
[3.226s] Level 1:colcon.colcon_core.package_identification:_identify(example/IOAccess) by extension 'ignore'
[3.226s] Level 1:colcon.colcon_core.package_identification:_identify(example/IOAccess) by extension 'ignore_ament_install'
[3.227s] Level 1:colcon.colcon_core.package_identification:_identify(example/IOAccess) by extensions ['colcon_pkg']
[3.227s] Level 1:colcon.colcon_core.package_identification:_identify(example/IOAccess) by extension 'colcon_pkg'
[3.227s] Level 1:colcon.colcon_core.package_identification:_identify(example/IOAccess) by extensions ['colcon_meta']
[3.227s] Level 1:colcon.colcon_core.package_identification:_identify(example/IOAccess) by extension 'colcon_meta'
[3.227s] Level 1:colcon.colcon_core.package_identification:_identify(example/IOAccess) by extensions ['ros']
[3.227s] Level 1:colcon.colcon_core.package_identification:_identify(example/IOAccess) by extension 'ros'
[3.227s] Level 1:colcon.colcon_core.package_identification:_identify(example/IOAccess) by extensions ['cmake', 'python']
[3.227s] Level 1:colcon.colcon_core.package_identification:_identify(example/IOAccess) by extension 'cmake'
[3.227s] Level 1:colcon.colcon_core.package_identification:_identify(example/IOAccess) by extension 'python'
[3.227s] Level 1:colcon.colcon_core.package_identification:_identify(example/IOAccess) by extensions ['python_setup_py']
[3.227s] Level 1:colcon.colcon_core.package_identification:_identify(example/IOAccess) by extension 'python_setup_py'
[3.228s] Level 1:colcon.colcon_core.package_identification:_identify(example/IOAccess/obj) by extensions ['ignore', 'ignore_ament_install']
[3.228s] Level 1:colcon.colcon_core.package_identification:_identify(example/IOAccess/obj) by extension 'ignore'
[3.228s] Level 1:colcon.colcon_core.package_identification:_identify(example/IOAccess/obj) by extension 'ignore_ament_install'
[3.228s] Level 1:colcon.colcon_core.package_identification:_identify(example/IOAccess/obj) by extensions ['colcon_pkg']
[3.228s] Level 1:colcon.colcon_core.package_identification:_identify(example/IOAccess/obj) by extension 'colcon_pkg'
[3.228s] Level 1:colcon.colcon_core.package_identification:_identify(example/IOAccess/obj) by extensions ['colcon_meta']
[3.228s] Level 1:colcon.colcon_core.package_identification:_identify(example/IOAccess/obj) by extension 'colcon_meta'
[3.228s] Level 1:colcon.colcon_core.package_identification:_identify(example/IOAccess/obj) by extensions ['ros']
[3.228s] Level 1:colcon.colcon_core.package_identification:_identify(example/IOAccess/obj) by extension 'ros'
[3.228s] Level 1:colcon.colcon_core.package_identification:_identify(example/IOAccess/obj) by extensions ['cmake', 'python']
[3.228s] Level 1:colcon.colcon_core.package_identification:_identify(example/IOAccess/obj) by extension 'cmake'
[3.228s] Level 1:colcon.colcon_core.package_identification:_identify(example/IOAccess/obj) by extension 'python'
[3.228s] Level 1:colcon.colcon_core.package_identification:_identify(example/IOAccess/obj) by extensions ['python_setup_py']
[3.229s] Level 1:colcon.colcon_core.package_identification:_identify(example/IOAccess/obj) by extension 'python_setup_py'
[3.229s] Level 1:colcon.colcon_core.package_identification:_identify(example/LBRClientTemplate) by extensions ['ignore', 'ignore_ament_install']
[3.229s] Level 1:colcon.colcon_core.package_identification:_identify(example/LBRClientTemplate) by extension 'ignore'
[3.229s] Level 1:colcon.colcon_core.package_identification:_identify(example/LBRClientTemplate) by extension 'ignore_ament_install'
[3.229s] Level 1:colcon.colcon_core.package_identification:_identify(example/LBRClientTemplate) by extensions ['colcon_pkg']
[3.229s] Level 1:colcon.colcon_core.package_identification:_identify(example/LBRClientTemplate) by extension 'colcon_pkg'
[3.229s] Level 1:colcon.colcon_core.package_identification:_identify(example/LBRClientTemplate) by extensions ['colcon_meta']
[3.229s] Level 1:colcon.colcon_core.package_identification:_identify(example/LBRClientTemplate) by extension 'colcon_meta'
[3.229s] Level 1:colcon.colcon_core.package_identification:_identify(example/LBRClientTemplate) by extensions ['ros']
[3.229s] Level 1:colcon.colcon_core.package_identification:_identify(example/LBRClientTemplate) by extension 'ros'
[3.230s] Level 1:colcon.colcon_core.package_identification:_identify(example/LBRClientTemplate) by extensions ['cmake', 'python']
[3.230s] Level 1:colcon.colcon_core.package_identification:_identify(example/LBRClientTemplate) by extension 'cmake'
[3.230s] Level 1:colcon.colcon_core.package_identification:_identify(example/LBRClientTemplate) by extension 'python'
[3.230s] Level 1:colcon.colcon_core.package_identification:_identify(example/LBRClientTemplate) by extensions ['python_setup_py']
[3.230s] Level 1:colcon.colcon_core.package_identification:_identify(example/LBRClientTemplate) by extension 'python_setup_py'
[3.230s] Level 1:colcon.colcon_core.package_identification:_identify(example/LBRClientTemplate/obj) by extensions ['ignore', 'ignore_ament_install']
[3.230s] Level 1:colcon.colcon_core.package_identification:_identify(example/LBRClientTemplate/obj) by extension 'ignore'
[3.230s] Level 1:colcon.colcon_core.package_identification:_identify(example/LBRClientTemplate/obj) by extension 'ignore_ament_install'
[3.230s] Level 1:colcon.colcon_core.package_identification:_identify(example/LBRClientTemplate/obj) by extensions ['colcon_pkg']
[3.230s] Level 1:colcon.colcon_core.package_identification:_identify(example/LBRClientTemplate/obj) by extension 'colcon_pkg'
[3.230s] Level 1:colcon.colcon_core.package_identification:_identify(example/LBRClientTemplate/obj) by extensions ['colcon_meta']
[3.231s] Level 1:colcon.colcon_core.package_identification:_identify(example/LBRClientTemplate/obj) by extension 'colcon_meta'
[3.231s] Level 1:colcon.colcon_core.package_identification:_identify(example/LBRClientTemplate/obj) by extensions ['ros']
[3.231s] Level 1:colcon.colcon_core.package_identification:_identify(example/LBRClientTemplate/obj) by extension 'ros'
[3.231s] Level 1:colcon.colcon_core.package_identification:_identify(example/LBRClientTemplate/obj) by extensions ['cmake', 'python']
[3.231s] Level 1:colcon.colcon_core.package_identification:_identify(example/LBRClientTemplate/obj) by extension 'cmake'
[3.231s] Level 1:colcon.colcon_core.package_identification:_identify(example/LBRClientTemplate/obj) by extension 'python'
[3.231s] Level 1:colcon.colcon_core.package_identification:_identify(example/LBRClientTemplate/obj) by extensions ['python_setup_py']
[3.231s] Level 1:colcon.colcon_core.package_identification:_identify(example/LBRClientTemplate/obj) by extension 'python_setup_py'
[3.231s] Level 1:colcon.colcon_core.package_identification:_identify(example/LBRJointSineOverlay) by extensions ['ignore', 'ignore_ament_install']
[3.231s] Level 1:colcon.colcon_core.package_identification:_identify(example/LBRJointSineOverlay) by extension 'ignore'
[3.231s] Level 1:colcon.colcon_core.package_identification:_identify(example/LBRJointSineOverlay) by extension 'ignore_ament_install'
[3.232s] Level 1:colcon.colcon_core.package_identification:_identify(example/LBRJointSineOverlay) by extensions ['colcon_pkg']
[3.232s] Level 1:colcon.colcon_core.package_identification:_identify(example/LBRJointSineOverlay) by extension 'colcon_pkg'
[3.232s] Level 1:colcon.colcon_core.package_identification:_identify(example/LBRJointSineOverlay) by extensions ['colcon_meta']
[3.232s] Level 1:colcon.colcon_core.package_identification:_identify(example/LBRJointSineOverlay) by extension 'colcon_meta'
[3.232s] Level 1:colcon.colcon_core.package_identification:_identify(example/LBRJointSineOverlay) by extensions ['ros']
[3.232s] Level 1:colcon.colcon_core.package_identification:_identify(example/LBRJointSineOverlay) by extension 'ros'
[3.232s] Level 1:colcon.colcon_core.package_identification:_identify(example/LBRJointSineOverlay) by extensions ['cmake', 'python']
[3.232s] Level 1:colcon.colcon_core.package_identification:_identify(example/LBRJointSineOverlay) by extension 'cmake'
[3.232s] Level 1:colcon.colcon_core.package_identification:_identify(example/LBRJointSineOverlay) by extension 'python'
[3.232s] Level 1:colcon.colcon_core.package_identification:_identify(example/LBRJointSineOverlay) by extensions ['python_setup_py']
[3.232s] Level 1:colcon.colcon_core.package_identification:_identify(example/LBRJointSineOverlay) by extension 'python_setup_py'
[3.232s] Level 1:colcon.colcon_core.package_identification:_identify(example/LBRJointSineOverlay/obj) by extensions ['ignore', 'ignore_ament_install']
[3.233s] Level 1:colcon.colcon_core.package_identification:_identify(example/LBRJointSineOverlay/obj) by extension 'ignore'
[3.233s] Level 1:colcon.colcon_core.package_identification:_identify(example/LBRJointSineOverlay/obj) by extension 'ignore_ament_install'
[3.233s] Level 1:colcon.colcon_core.package_identification:_identify(example/LBRJointSineOverlay/obj) by extensions ['colcon_pkg']
[3.233s] Level 1:colcon.colcon_core.package_identification:_identify(example/LBRJointSineOverlay/obj) by extension 'colcon_pkg'
[3.233s] Level 1:colcon.colcon_core.package_identification:_identify(example/LBRJointSineOverlay/obj) by extensions ['colcon_meta']
[3.233s] Level 1:colcon.colcon_core.package_identification:_identify(example/LBRJointSineOverlay/obj) by extension 'colcon_meta'
[3.233s] Level 1:colcon.colcon_core.package_identification:_identify(example/LBRJointSineOverlay/obj) by extensions ['ros']
[3.233s] Level 1:colcon.colcon_core.package_identification:_identify(example/LBRJointSineOverlay/obj) by extension 'ros'
[3.233s] Level 1:colcon.colcon_core.package_identification:_identify(example/LBRJointSineOverlay/obj) by extensions ['cmake', 'python']
[3.233s] Level 1:colcon.colcon_core.package_identification:_identify(example/LBRJointSineOverlay/obj) by extension 'cmake'
[3.233s] Level 1:colcon.colcon_core.package_identification:_identify(example/LBRJointSineOverlay/obj) by extension 'python'
[3.233s] Level 1:colcon.colcon_core.package_identification:_identify(example/LBRJointSineOverlay/obj) by extensions ['python_setup_py']
[3.234s] Level 1:colcon.colcon_core.package_identification:_identify(example/LBRJointSineOverlay/obj) by extension 'python_setup_py'
[3.234s] Level 1:colcon.colcon_core.package_identification:_identify(example/LBRTorqueSineOverlay) by extensions ['ignore', 'ignore_ament_install']
[3.234s] Level 1:colcon.colcon_core.package_identification:_identify(example/LBRTorqueSineOverlay) by extension 'ignore'
[3.234s] Level 1:colcon.colcon_core.package_identification:_identify(example/LBRTorqueSineOverlay) by extension 'ignore_ament_install'
[3.234s] Level 1:colcon.colcon_core.package_identification:_identify(example/LBRTorqueSineOverlay) by extensions ['colcon_pkg']
[3.234s] Level 1:colcon.colcon_core.package_identification:_identify(example/LBRTorqueSineOverlay) by extension 'colcon_pkg'
[3.234s] Level 1:colcon.colcon_core.package_identification:_identify(example/LBRTorqueSineOverlay) by extensions ['colcon_meta']
[3.234s] Level 1:colcon.colcon_core.package_identification:_identify(example/LBRTorqueSineOverlay) by extension 'colcon_meta'
[3.234s] Level 1:colcon.colcon_core.package_identification:_identify(example/LBRTorqueSineOverlay) by extensions ['ros']
[3.234s] Level 1:colcon.colcon_core.package_identification:_identify(example/LBRTorqueSineOverlay) by extension 'ros'
[3.235s] Level 1:colcon.colcon_core.package_identification:_identify(example/LBRTorqueSineOverlay) by extensions ['cmake', 'python']
[3.235s] Level 1:colcon.colcon_core.package_identification:_identify(example/LBRTorqueSineOverlay) by extension 'cmake'
[3.235s] Level 1:colcon.colcon_core.package_identification:_identify(example/LBRTorqueSineOverlay) by extension 'python'
[3.235s] Level 1:colcon.colcon_core.package_identification:_identify(example/LBRTorqueSineOverlay) by extensions ['python_setup_py']
[3.235s] Level 1:colcon.colcon_core.package_identification:_identify(example/LBRTorqueSineOverlay) by extension 'python_setup_py'
[3.235s] Level 1:colcon.colcon_core.package_identification:_identify(example/LBRTorqueSineOverlay/obj) by extensions ['ignore', 'ignore_ament_install']
[3.235s] Level 1:colcon.colcon_core.package_identification:_identify(example/LBRTorqueSineOverlay/obj) by extension 'ignore'
[3.235s] Level 1:colcon.colcon_core.package_identification:_identify(example/LBRTorqueSineOverlay/obj) by extension 'ignore_ament_install'
[3.235s] Level 1:colcon.colcon_core.package_identification:_identify(example/LBRTorqueSineOverlay/obj) by extensions ['colcon_pkg']
[3.235s] Level 1:colcon.colcon_core.package_identification:_identify(example/LBRTorqueSineOverlay/obj) by extension 'colcon_pkg'
[3.235s] Level 1:colcon.colcon_core.package_identification:_identify(example/LBRTorqueSineOverlay/obj) by extensions ['colcon_meta']
[3.235s] Level 1:colcon.colcon_core.package_identification:_identify(example/LBRTorqueSineOverlay/obj) by extension 'colcon_meta'
[3.235s] Level 1:colcon.colcon_core.package_identification:_identify(example/LBRTorqueSineOverlay/obj) by extensions ['ros']
[3.236s] Level 1:colcon.colcon_core.package_identification:_identify(example/LBRTorqueSineOverlay/obj) by extension 'ros'
[3.236s] Level 1:colcon.colcon_core.package_identification:_identify(example/LBRTorqueSineOverlay/obj) by extensions ['cmake', 'python']
[3.236s] Level 1:colcon.colcon_core.package_identification:_identify(example/LBRTorqueSineOverlay/obj) by extension 'cmake'
[3.236s] Level 1:colcon.colcon_core.package_identification:_identify(example/LBRTorqueSineOverlay/obj) by extension 'python'
[3.236s] Level 1:colcon.colcon_core.package_identification:_identify(example/LBRTorqueSineOverlay/obj) by extensions ['python_setup_py']
[3.236s] Level 1:colcon.colcon_core.package_identification:_identify(example/LBRTorqueSineOverlay/obj) by extension 'python_setup_py'
[3.236s] Level 1:colcon.colcon_core.package_identification:_identify(example/LBRWrenchSineOverlay) by extensions ['ignore', 'ignore_ament_install']
[3.236s] Level 1:colcon.colcon_core.package_identification:_identify(example/LBRWrenchSineOverlay) by extension 'ignore'
[3.236s] Level 1:colcon.colcon_core.package_identification:_identify(example/LBRWrenchSineOverlay) by extension 'ignore_ament_install'
[3.236s] Level 1:colcon.colcon_core.package_identification:_identify(example/LBRWrenchSineOverlay) by extensions ['colcon_pkg']
[3.236s] Level 1:colcon.colcon_core.package_identification:_identify(example/LBRWrenchSineOverlay) by extension 'colcon_pkg'
[3.237s] Level 1:colcon.colcon_core.package_identification:_identify(example/LBRWrenchSineOverlay) by extensions ['colcon_meta']
[3.237s] Level 1:colcon.colcon_core.package_identification:_identify(example/LBRWrenchSineOverlay) by extension 'colcon_meta'
[3.237s] Level 1:colcon.colcon_core.package_identification:_identify(example/LBRWrenchSineOverlay) by extensions ['ros']
[3.237s] Level 1:colcon.colcon_core.package_identification:_identify(example/LBRWrenchSineOverlay) by extension 'ros'
[3.237s] Level 1:colcon.colcon_core.package_identification:_identify(example/LBRWrenchSineOverlay) by extensions ['cmake', 'python']
[3.237s] Level 1:colcon.colcon_core.package_identification:_identify(example/LBRWrenchSineOverlay) by extension 'cmake'
[3.237s] Level 1:colcon.colcon_core.package_identification:_identify(example/LBRWrenchSineOverlay) by extension 'python'
[3.237s] Level 1:colcon.colcon_core.package_identification:_identify(example/LBRWrenchSineOverlay) by extensions ['python_setup_py']
[3.237s] Level 1:colcon.colcon_core.package_identification:_identify(example/LBRWrenchSineOverlay) by extension 'python_setup_py'
[3.237s] Level 1:colcon.colcon_core.package_identification:_identify(example/LBRWrenchSineOverlay/obj) by extensions ['ignore', 'ignore_ament_install']
[3.237s] Level 1:colcon.colcon_core.package_identification:_identify(example/LBRWrenchSineOverlay/obj) by extension 'ignore'
[3.238s] Level 1:colcon.colcon_core.package_identification:_identify(example/LBRWrenchSineOverlay/obj) by extension 'ignore_ament_install'
[3.238s] Level 1:colcon.colcon_core.package_identification:_identify(example/LBRWrenchSineOverlay/obj) by extensions ['colcon_pkg']
[3.238s] Level 1:colcon.colcon_core.package_identification:_identify(example/LBRWrenchSineOverlay/obj) by extension 'colcon_pkg'
[3.238s] Level 1:colcon.colcon_core.package_identification:_identify(example/LBRWrenchSineOverlay/obj) by extensions ['colcon_meta']
[3.238s] Level 1:colcon.colcon_core.package_identification:_identify(example/LBRWrenchSineOverlay/obj) by extension 'colcon_meta'
[3.238s] Level 1:colcon.colcon_core.package_identification:_identify(example/LBRWrenchSineOverlay/obj) by extensions ['ros']
[3.238s] Level 1:colcon.colcon_core.package_identification:_identify(example/LBRWrenchSineOverlay/obj) by extension 'ros'
[3.238s] Level 1:colcon.colcon_core.package_identification:_identify(example/LBRWrenchSineOverlay/obj) by extensions ['cmake', 'python']
[3.238s] Level 1:colcon.colcon_core.package_identification:_identify(example/LBRWrenchSineOverlay/obj) by extension 'cmake'
[3.238s] Level 1:colcon.colcon_core.package_identification:_identify(example/LBRWrenchSineOverlay/obj) by extension 'python'
[3.238s] Level 1:colcon.colcon_core.package_identification:_identify(example/LBRWrenchSineOverlay/obj) by extensions ['python_setup_py']
[3.238s] Level 1:colcon.colcon_core.package_identification:_identify(example/LBRWrenchSineOverlay/obj) by extension 'python_setup_py'
[3.238s] Level 1:colcon.colcon_core.package_identification:_identify(example/SimulatedTransformationProvider) by extensions ['ignore', 'ignore_ament_install']
[3.239s] Level 1:colcon.colcon_core.package_identification:_identify(example/SimulatedTransformationProvider) by extension 'ignore'
[3.239s] Level 1:colcon.colcon_core.package_identification:_identify(example/SimulatedTransformationProvider) by extension 'ignore_ament_install'
[3.239s] Level 1:colcon.colcon_core.package_identification:_identify(example/SimulatedTransformationProvider) by extensions ['colcon_pkg']
[3.239s] Level 1:colcon.colcon_core.package_identification:_identify(example/SimulatedTransformationProvider) by extension 'colcon_pkg'
[3.239s] Level 1:colcon.colcon_core.package_identification:_identify(example/SimulatedTransformationProvider) by extensions ['colcon_meta']
[3.239s] Level 1:colcon.colcon_core.package_identification:_identify(example/SimulatedTransformationProvider) by extension 'colcon_meta'
[3.239s] Level 1:colcon.colcon_core.package_identification:_identify(example/SimulatedTransformationProvider) by extensions ['ros']
[3.239s] Level 1:colcon.colcon_core.package_identification:_identify(example/SimulatedTransformationProvider) by extension 'ros'
[3.239s] Level 1:colcon.colcon_core.package_identification:_identify(example/SimulatedTransformationProvider) by extensions ['cmake', 'python']
[3.239s] Level 1:colcon.colcon_core.package_identification:_identify(example/SimulatedTransformationProvider) by extension 'cmake'
[3.239s] Level 1:colcon.colcon_core.package_identification:_identify(example/SimulatedTransformationProvider) by extension 'python'
[3.239s] Level 1:colcon.colcon_core.package_identification:_identify(example/SimulatedTransformationProvider) by extensions ['python_setup_py']
[3.240s] Level 1:colcon.colcon_core.package_identification:_identify(example/SimulatedTransformationProvider) by extension 'python_setup_py'
[3.240s] Level 1:colcon.colcon_core.package_identification:_identify(example/SimulatedTransformationProvider/obj) by extensions ['ignore', 'ignore_ament_install']
[3.240s] Level 1:colcon.colcon_core.package_identification:_identify(example/SimulatedTransformationProvider/obj) by extension 'ignore'
[3.240s] Level 1:colcon.colcon_core.package_identification:_identify(example/SimulatedTransformationProvider/obj) by extension 'ignore_ament_install'
[3.240s] Level 1:colcon.colcon_core.package_identification:_identify(example/SimulatedTransformationProvider/obj) by extensions ['colcon_pkg']
[3.240s] Level 1:colcon.colcon_core.package_identification:_identify(example/SimulatedTransformationProvider/obj) by extension 'colcon_pkg'
[3.240s] Level 1:colcon.colcon_core.package_identification:_identify(example/SimulatedTransformationProvider/obj) by extensions ['colcon_meta']
[3.240s] Level 1:colcon.colcon_core.package_identification:_identify(example/SimulatedTransformationProvider/obj) by extension 'colcon_meta'
[3.240s] Level 1:colcon.colcon_core.package_identification:_identify(example/SimulatedTransformationProvider/obj) by extensions ['ros']
[3.240s] Level 1:colcon.colcon_core.package_identification:_identify(example/SimulatedTransformationProvider/obj) by extension 'ros'
[3.240s] Level 1:colcon.colcon_core.package_identification:_identify(example/SimulatedTransformationProvider/obj) by extensions ['cmake', 'python']
[3.241s] Level 1:colcon.colcon_core.package_identification:_identify(example/SimulatedTransformationProvider/obj) by extension 'cmake'
[3.241s] Level 1:colcon.colcon_core.package_identification:_identify(example/SimulatedTransformationProvider/obj) by extension 'python'
[3.241s] Level 1:colcon.colcon_core.package_identification:_identify(example/SimulatedTransformationProvider/obj) by extensions ['python_setup_py']
[3.241s] Level 1:colcon.colcon_core.package_identification:_identify(example/SimulatedTransformationProvider/obj) by extension 'python_setup_py'
[3.241s] Level 1:colcon.colcon_core.package_identification:_identify(example/TransformationProvider) by extensions ['ignore', 'ignore_ament_install']
[3.241s] Level 1:colcon.colcon_core.package_identification:_identify(example/TransformationProvider) by extension 'ignore'
[3.241s] Level 1:colcon.colcon_core.package_identification:_identify(example/TransformationProvider) by extension 'ignore_ament_install'
[3.241s] Level 1:colcon.colcon_core.package_identification:_identify(example/TransformationProvider) by extensions ['colcon_pkg']
[3.241s] Level 1:colcon.colcon_core.package_identification:_identify(example/TransformationProvider) by extension 'colcon_pkg'
[3.241s] Level 1:colcon.colcon_core.package_identification:_identify(example/TransformationProvider) by extensions ['colcon_meta']
[3.241s] Level 1:colcon.colcon_core.package_identification:_identify(example/TransformationProvider) by extension 'colcon_meta'
[3.241s] Level 1:colcon.colcon_core.package_identification:_identify(example/TransformationProvider) by extensions ['ros']
[3.242s] Level 1:colcon.colcon_core.package_identification:_identify(example/TransformationProvider) by extension 'ros'
[3.242s] Level 1:colcon.colcon_core.package_identification:_identify(example/TransformationProvider) by extensions ['cmake', 'python']
[3.242s] Level 1:colcon.colcon_core.package_identification:_identify(example/TransformationProvider) by extension 'cmake'
[3.242s] Level 1:colcon.colcon_core.package_identification:_identify(example/TransformationProvider) by extension 'python'
[3.242s] Level 1:colcon.colcon_core.package_identification:_identify(example/TransformationProvider) by extensions ['python_setup_py']
[3.242s] Level 1:colcon.colcon_core.package_identification:_identify(example/TransformationProvider) by extension 'python_setup_py'
[3.242s] Level 1:colcon.colcon_core.package_identification:_identify(example/TransformationProvider/obj) by extensions ['ignore', 'ignore_ament_install']
[3.242s] Level 1:colcon.colcon_core.package_identification:_identify(example/TransformationProvider/obj) by extension 'ignore'
[3.242s] Level 1:colcon.colcon_core.package_identification:_identify(example/TransformationProvider/obj) by extension 'ignore_ament_install'
[3.242s] Level 1:colcon.colcon_core.package_identification:_identify(example/TransformationProvider/obj) by extensions ['colcon_pkg']
[3.243s] Level 1:colcon.colcon_core.package_identification:_identify(example/TransformationProvider/obj) by extension 'colcon_pkg'
[3.243s] Level 1:colcon.colcon_core.package_identification:_identify(example/TransformationProvider/obj) by extensions ['colcon_meta']
[3.243s] Level 1:colcon.colcon_core.package_identification:_identify(example/TransformationProvider/obj) by extension 'colcon_meta'
[3.243s] Level 1:colcon.colcon_core.package_identification:_identify(example/TransformationProvider/obj) by extensions ['ros']
[3.243s] Level 1:colcon.colcon_core.package_identification:_identify(example/TransformationProvider/obj) by extension 'ros'
[3.243s] Level 1:colcon.colcon_core.package_identification:_identify(example/TransformationProvider/obj) by extensions ['cmake', 'python']
[3.243s] Level 1:colcon.colcon_core.package_identification:_identify(example/TransformationProvider/obj) by extension 'cmake'
[3.243s] Level 1:colcon.colcon_core.package_identification:_identify(example/TransformationProvider/obj) by extension 'python'
[3.243s] Level 1:colcon.colcon_core.package_identification:_identify(example/TransformationProvider/obj) by extensions ['python_setup_py']
[3.243s] Level 1:colcon.colcon_core.package_identification:_identify(example/TransformationProvider/obj) by extension 'python_setup_py'
[3.243s] Level 1:colcon.colcon_core.package_identification:_identify(include) by extensions ['ignore', 'ignore_ament_install']
[3.244s] Level 1:colcon.colcon_core.package_identification:_identify(include) by extension 'ignore'
[3.244s] Level 1:colcon.colcon_core.package_identification:_identify(include) by extension 'ignore_ament_install'
[3.244s] Level 1:colcon.colcon_core.package_identification:_identify(include) by extensions ['colcon_pkg']
[3.244s] Level 1:colcon.colcon_core.package_identification:_identify(include) by extension 'colcon_pkg'
[3.244s] Level 1:colcon.colcon_core.package_identification:_identify(include) by extensions ['colcon_meta']
[3.244s] Level 1:colcon.colcon_core.package_identification:_identify(include) by extension 'colcon_meta'
[3.244s] Level 1:colcon.colcon_core.package_identification:_identify(include) by extensions ['ros']
[3.244s] Level 1:colcon.colcon_core.package_identification:_identify(include) by extension 'ros'
[3.244s] Level 1:colcon.colcon_core.package_identification:_identify(include) by extensions ['cmake', 'python']
[3.244s] Level 1:colcon.colcon_core.package_identification:_identify(include) by extension 'cmake'
[3.244s] Level 1:colcon.colcon_core.package_identification:_identify(include) by extension 'python'
[3.244s] Level 1:colcon.colcon_core.package_identification:_identify(include) by extensions ['python_setup_py']
[3.245s] Level 1:colcon.colcon_core.package_identification:_identify(include) by extension 'python_setup_py'
[3.245s] Level 1:colcon.colcon_core.package_identification:_identify(lib) by extensions ['ignore', 'ignore_ament_install']
[3.245s] Level 1:colcon.colcon_core.package_identification:_identify(lib) by extension 'ignore'
[3.245s] Level 1:colcon.colcon_core.package_identification:_identify(lib) by extension 'ignore_ament_install'
[3.245s] Level 1:colcon.colcon_core.package_identification:_identify(lib) by extensions ['colcon_pkg']
[3.245s] Level 1:colcon.colcon_core.package_identification:_identify(lib) by extension 'colcon_pkg'
[3.245s] Level 1:colcon.colcon_core.package_identification:_identify(lib) by extensions ['colcon_meta']
[3.245s] Level 1:colcon.colcon_core.package_identification:_identify(lib) by extension 'colcon_meta'
[3.245s] Level 1:colcon.colcon_core.package_identification:_identify(lib) by extensions ['ros']
[3.245s] Level 1:colcon.colcon_core.package_identification:_identify(lib) by extension 'ros'
[3.246s] Level 1:colcon.colcon_core.package_identification:_identify(lib) by extensions ['cmake', 'python']
[3.246s] Level 1:colcon.colcon_core.package_identification:_identify(lib) by extension 'cmake'
[3.246s] Level 1:colcon.colcon_core.package_identification:_identify(lib) by extension 'python'
[3.246s] Level 1:colcon.colcon_core.package_identification:_identify(lib) by extensions ['python_setup_py']
[3.246s] Level 1:colcon.colcon_core.package_identification:_identify(lib) by extension 'python_setup_py'
[3.246s] Level 1:colcon.colcon_core.package_identification:_identify(log) by extensions ['ignore', 'ignore_ament_install']
[3.246s] Level 1:colcon.colcon_core.package_identification:_identify(log) by extension 'ignore'
[3.246s] Level 1:colcon.colcon_core.package_identification:_identify(log) ignored
[3.246s] Level 1:colcon.colcon_core.package_identification:_identify(src) by extensions ['ignore', 'ignore_ament_install']
[3.247s] Level 1:colcon.colcon_core.package_identification:_identify(src) by extension 'ignore'
[3.247s] Level 1:colcon.colcon_core.package_identification:_identify(src) by extension 'ignore_ament_install'
[3.247s] Level 1:colcon.colcon_core.package_identification:_identify(src) by extensions ['colcon_pkg']
[3.247s] Level 1:colcon.colcon_core.package_identification:_identify(src) by extension 'colcon_pkg'
[3.247s] Level 1:colcon.colcon_core.package_identification:_identify(src) by extensions ['colcon_meta']
[3.247s] Level 1:colcon.colcon_core.package_identification:_identify(src) by extension 'colcon_meta'
[3.247s] Level 1:colcon.colcon_core.package_identification:_identify(src) by extensions ['ros']
[3.247s] Level 1:colcon.colcon_core.package_identification:_identify(src) by extension 'ros'
[3.247s] Level 1:colcon.colcon_core.package_identification:_identify(src) by extensions ['cmake', 'python']
[3.247s] Level 1:colcon.colcon_core.package_identification:_identify(src) by extension 'cmake'
[3.247s] Level 1:colcon.colcon_core.package_identification:_identify(src) by extension 'python'
[3.247s] Level 1:colcon.colcon_core.package_identification:_identify(src) by extensions ['python_setup_py']
[3.247s] Level 1:colcon.colcon_core.package_identification:_identify(src) by extension 'python_setup_py'
[3.248s] Level 1:colcon.colcon_core.package_identification:_identify(src/base) by extensions ['ignore', 'ignore_ament_install']
[3.248s] Level 1:colcon.colcon_core.package_identification:_identify(src/base) by extension 'ignore'
[3.248s] Level 1:colcon.colcon_core.package_identification:_identify(src/base) by extension 'ignore_ament_install'
[3.248s] Level 1:colcon.colcon_core.package_identification:_identify(src/base) by extensions ['colcon_pkg']
[3.248s] Level 1:colcon.colcon_core.package_identification:_identify(src/base) by extension 'colcon_pkg'
[3.248s] Level 1:colcon.colcon_core.package_identification:_identify(src/base) by extensions ['colcon_meta']
[3.248s] Level 1:colcon.colcon_core.package_identification:_identify(src/base) by extension 'colcon_meta'
[3.248s] Level 1:colcon.colcon_core.package_identification:_identify(src/base) by extensions ['ros']
[3.248s] Level 1:colcon.colcon_core.package_identification:_identify(src/base) by extension 'ros'
[3.249s] Level 1:colcon.colcon_core.package_identification:_identify(src/base) by extensions ['cmake', 'python']
[3.249s] Level 1:colcon.colcon_core.package_identification:_identify(src/base) by extension 'cmake'
[3.249s] Level 1:colcon.colcon_core.package_identification:_identify(src/base) by extension 'python'
[3.249s] Level 1:colcon.colcon_core.package_identification:_identify(src/base) by extensions ['python_setup_py']
[3.249s] Level 1:colcon.colcon_core.package_identification:_identify(src/base) by extension 'python_setup_py'
[3.249s] Level 1:colcon.colcon_core.package_identification:_identify(src/base/obj) by extensions ['ignore', 'ignore_ament_install']
[3.249s] Level 1:colcon.colcon_core.package_identification:_identify(src/base/obj) by extension 'ignore'
[3.249s] Level 1:colcon.colcon_core.package_identification:_identify(src/base/obj) by extension 'ignore_ament_install'
[3.249s] Level 1:colcon.colcon_core.package_identification:_identify(src/base/obj) by extensions ['colcon_pkg']
[3.249s] Level 1:colcon.colcon_core.package_identification:_identify(src/base/obj) by extension 'colcon_pkg'
[3.249s] Level 1:colcon.colcon_core.package_identification:_identify(src/base/obj) by extensions ['colcon_meta']
[3.250s] Level 1:colcon.colcon_core.package_identification:_identify(src/base/obj) by extension 'colcon_meta'
[3.250s] Level 1:colcon.colcon_core.package_identification:_identify(src/base/obj) by extensions ['ros']
[3.250s] Level 1:colcon.colcon_core.package_identification:_identify(src/base/obj) by extension 'ros'
[3.250s] Level 1:colcon.colcon_core.package_identification:_identify(src/base/obj) by extensions ['cmake', 'python']
[3.250s] Level 1:colcon.colcon_core.package_identification:_identify(src/base/obj) by extension 'cmake'
[3.250s] Level 1:colcon.colcon_core.package_identification:_identify(src/base/obj) by extension 'python'
[3.250s] Level 1:colcon.colcon_core.package_identification:_identify(src/base/obj) by extensions ['python_setup_py']
[3.250s] Level 1:colcon.colcon_core.package_identification:_identify(src/base/obj) by extension 'python_setup_py'
[3.250s] Level 1:colcon.colcon_core.package_identification:_identify(src/client_lbr) by extensions ['ignore', 'ignore_ament_install']
[3.250s] Level 1:colcon.colcon_core.package_identification:_identify(src/client_lbr) by extension 'ignore'
[3.251s] Level 1:colcon.colcon_core.package_identification:_identify(src/client_lbr) by extension 'ignore_ament_install'
[3.251s] Level 1:colcon.colcon_core.package_identification:_identify(src/client_lbr) by extensions ['colcon_pkg']
[3.251s] Level 1:colcon.colcon_core.package_identification:_identify(src/client_lbr) by extension 'colcon_pkg'
[3.251s] Level 1:colcon.colcon_core.package_identification:_identify(src/client_lbr) by extensions ['colcon_meta']
[3.251s] Level 1:colcon.colcon_core.package_identification:_identify(src/client_lbr) by extension 'colcon_meta'
[3.251s] Level 1:colcon.colcon_core.package_identification:_identify(src/client_lbr) by extensions ['ros']
[3.251s] Level 1:colcon.colcon_core.package_identification:_identify(src/client_lbr) by extension 'ros'
[3.251s] Level 1:colcon.colcon_core.package_identification:_identify(src/client_lbr) by extensions ['cmake', 'python']
[3.251s] Level 1:colcon.colcon_core.package_identification:_identify(src/client_lbr) by extension 'cmake'
[3.251s] Level 1:colcon.colcon_core.package_identification:_identify(src/client_lbr) by extension 'python'
[3.251s] Level 1:colcon.colcon_core.package_identification:_identify(src/client_lbr) by extensions ['python_setup_py']
[3.251s] Level 1:colcon.colcon_core.package_identification:_identify(src/client_lbr) by extension 'python_setup_py'
[3.251s] Level 1:colcon.colcon_core.package_identification:_identify(src/client_lbr/obj) by extensions ['ignore', 'ignore_ament_install']
[3.252s] Level 1:colcon.colcon_core.package_identification:_identify(src/client_lbr/obj) by extension 'ignore'
[3.252s] Level 1:colcon.colcon_core.package_identification:_identify(src/client_lbr/obj) by extension 'ignore_ament_install'
[3.252s] Level 1:colcon.colcon_core.package_identification:_identify(src/client_lbr/obj) by extensions ['colcon_pkg']
[3.252s] Level 1:colcon.colcon_core.package_identification:_identify(src/client_lbr/obj) by extension 'colcon_pkg'
[3.252s] Level 1:colcon.colcon_core.package_identification:_identify(src/client_lbr/obj) by extensions ['colcon_meta']
[3.252s] Level 1:colcon.colcon_core.package_identification:_identify(src/client_lbr/obj) by extension 'colcon_meta'
[3.252s] Level 1:colcon.colcon_core.package_identification:_identify(src/client_lbr/obj) by extensions ['ros']
[3.252s] Level 1:colcon.colcon_core.package_identification:_identify(src/client_lbr/obj) by extension 'ros'
[3.252s] Level 1:colcon.colcon_core.package_identification:_identify(src/client_lbr/obj) by extensions ['cmake', 'python']
[3.252s] Level 1:colcon.colcon_core.package_identification:_identify(src/client_lbr/obj) by extension 'cmake'
[3.252s] Level 1:colcon.colcon_core.package_identification:_identify(src/client_lbr/obj) by extension 'python'
[3.252s] Level 1:colcon.colcon_core.package_identification:_identify(src/client_lbr/obj) by extensions ['python_setup_py']
[3.253s] Level 1:colcon.colcon_core.package_identification:_identify(src/client_lbr/obj) by extension 'python_setup_py'
[3.253s] Level 1:colcon.colcon_core.package_identification:_identify(src/client_trafo) by extensions ['ignore', 'ignore_ament_install']
[3.253s] Level 1:colcon.colcon_core.package_identification:_identify(src/client_trafo) by extension 'ignore'
[3.253s] Level 1:colcon.colcon_core.package_identification:_identify(src/client_trafo) by extension 'ignore_ament_install'
[3.253s] Level 1:colcon.colcon_core.package_identification:_identify(src/client_trafo) by extensions ['colcon_pkg']
[3.253s] Level 1:colcon.colcon_core.package_identification:_identify(src/client_trafo) by extension 'colcon_pkg'
[3.253s] Level 1:colcon.colcon_core.package_identification:_identify(src/client_trafo) by extensions ['colcon_meta']
[3.253s] Level 1:colcon.colcon_core.package_identification:_identify(src/client_trafo) by extension 'colcon_meta'
[3.253s] Level 1:colcon.colcon_core.package_identification:_identify(src/client_trafo) by extensions ['ros']
[3.253s] Level 1:colcon.colcon_core.package_identification:_identify(src/client_trafo) by extension 'ros'
[3.253s] Level 1:colcon.colcon_core.package_identification:_identify(src/client_trafo) by extensions ['cmake', 'python']
[3.253s] Level 1:colcon.colcon_core.package_identification:_identify(src/client_trafo) by extension 'cmake'
[3.254s] Level 1:colcon.colcon_core.package_identification:_identify(src/client_trafo) by extension 'python'
[3.254s] Level 1:colcon.colcon_core.package_identification:_identify(src/client_trafo) by extensions ['python_setup_py']
[3.254s] Level 1:colcon.colcon_core.package_identification:_identify(src/client_trafo) by extension 'python_setup_py'
[3.254s] Level 1:colcon.colcon_core.package_identification:_identify(src/client_trafo/obj) by extensions ['ignore', 'ignore_ament_install']
[3.254s] Level 1:colcon.colcon_core.package_identification:_identify(src/client_trafo/obj) by extension 'ignore'
[3.254s] Level 1:colcon.colcon_core.package_identification:_identify(src/client_trafo/obj) by extension 'ignore_ament_install'
[3.254s] Level 1:colcon.colcon_core.package_identification:_identify(src/client_trafo/obj) by extensions ['colcon_pkg']
[3.254s] Level 1:colcon.colcon_core.package_identification:_identify(src/client_trafo/obj) by extension 'colcon_pkg'
[3.254s] Level 1:colcon.colcon_core.package_identification:_identify(src/client_trafo/obj) by extensions ['colcon_meta']
[3.254s] Level 1:colcon.colcon_core.package_identification:_identify(src/client_trafo/obj) by extension 'colcon_meta'
[3.254s] Level 1:colcon.colcon_core.package_identification:_identify(src/client_trafo/obj) by extensions ['ros']
[3.254s] Level 1:colcon.colcon_core.package_identification:_identify(src/client_trafo/obj) by extension 'ros'
[3.255s] Level 1:colcon.colcon_core.package_identification:_identify(src/client_trafo/obj) by extensions ['cmake', 'python']
[3.255s] Level 1:colcon.colcon_core.package_identification:_identify(src/client_trafo/obj) by extension 'cmake'
[3.255s] Level 1:colcon.colcon_core.package_identification:_identify(src/client_trafo/obj) by extension 'python'
[3.255s] Level 1:colcon.colcon_core.package_identification:_identify(src/client_trafo/obj) by extensions ['python_setup_py']
[3.255s] Level 1:colcon.colcon_core.package_identification:_identify(src/client_trafo/obj) by extension 'python_setup_py'
[3.255s] Level 1:colcon.colcon_core.package_identification:_identify(src/connection) by extensions ['ignore', 'ignore_ament_install']
[3.255s] Level 1:colcon.colcon_core.package_identification:_identify(src/connection) by extension 'ignore'
[3.255s] Level 1:colcon.colcon_core.package_identification:_identify(src/connection) by extension 'ignore_ament_install'
[3.255s] Level 1:colcon.colcon_core.package_identification:_identify(src/connection) by extensions ['colcon_pkg']
[3.255s] Level 1:colcon.colcon_core.package_identification:_identify(src/connection) by extension 'colcon_pkg'
[3.255s] Level 1:colcon.colcon_core.package_identification:_identify(src/connection) by extensions ['colcon_meta']
[3.255s] Level 1:colcon.colcon_core.package_identification:_identify(src/connection) by extension 'colcon_meta'
[3.256s] Level 1:colcon.colcon_core.package_identification:_identify(src/connection) by extensions ['ros']
[3.256s] Level 1:colcon.colcon_core.package_identification:_identify(src/connection) by extension 'ros'
[3.256s] Level 1:colcon.colcon_core.package_identification:_identify(src/connection) by extensions ['cmake', 'python']
[3.256s] Level 1:colcon.colcon_core.package_identification:_identify(src/connection) by extension 'cmake'
[3.256s] Level 1:colcon.colcon_core.package_identification:_identify(src/connection) by extension 'python'
[3.256s] Level 1:colcon.colcon_core.package_identification:_identify(src/connection) by extensions ['python_setup_py']
[3.256s] Level 1:colcon.colcon_core.package_identification:_identify(src/connection) by extension 'python_setup_py'
[3.256s] Level 1:colcon.colcon_core.package_identification:_identify(src/connection/obj) by extensions ['ignore', 'ignore_ament_install']
[3.256s] Level 1:colcon.colcon_core.package_identification:_identify(src/connection/obj) by extension 'ignore'
[3.257s] Level 1:colcon.colcon_core.package_identification:_identify(src/connection/obj) by extension 'ignore_ament_install'
[3.257s] Level 1:colcon.colcon_core.package_identification:_identify(src/connection/obj) by extensions ['colcon_pkg']
[3.257s] Level 1:colcon.colcon_core.package_identification:_identify(src/connection/obj) by extension 'colcon_pkg'
[3.257s] Level 1:colcon.colcon_core.package_identification:_identify(src/connection/obj) by extensions ['colcon_meta']
[3.257s] Level 1:colcon.colcon_core.package_identification:_identify(src/connection/obj) by extension 'colcon_meta'
[3.257s] Level 1:colcon.colcon_core.package_identification:_identify(src/connection/obj) by extensions ['ros']
[3.257s] Level 1:colcon.colcon_core.package_identification:_identify(src/connection/obj) by extension 'ros'
[3.257s] Level 1:colcon.colcon_core.package_identification:_identify(src/connection/obj) by extensions ['cmake', 'python']
[3.257s] Level 1:colcon.colcon_core.package_identification:_identify(src/connection/obj) by extension 'cmake'
[3.257s] Level 1:colcon.colcon_core.package_identification:_identify(src/connection/obj) by extension 'python'
[3.257s] Level 1:colcon.colcon_core.package_identification:_identify(src/connection/obj) by extensions ['python_setup_py']
[3.257s] Level 1:colcon.colcon_core.package_identification:_identify(src/connection/obj) by extension 'python_setup_py'
[3.258s] Level 1:colcon.colcon_core.package_identification:_identify(src/nanopb-0.2.8) by extensions ['ignore', 'ignore_ament_install']
[3.258s] Level 1:colcon.colcon_core.package_identification:_identify(src/nanopb-0.2.8) by extension 'ignore'
[3.258s] Level 1:colcon.colcon_core.package_identification:_identify(src/nanopb-0.2.8) by extension 'ignore_ament_install'
[3.258s] Level 1:colcon.colcon_core.package_identification:_identify(src/nanopb-0.2.8) by extensions ['colcon_pkg']
[3.258s] Level 1:colcon.colcon_core.package_identification:_identify(src/nanopb-0.2.8) by extension 'colcon_pkg'
[3.258s] Level 1:colcon.colcon_core.package_identification:_identify(src/nanopb-0.2.8) by extensions ['colcon_meta']
[3.258s] Level 1:colcon.colcon_core.package_identification:_identify(src/nanopb-0.2.8) by extension 'colcon_meta'
[3.258s] Level 1:colcon.colcon_core.package_identification:_identify(src/nanopb-0.2.8) by extensions ['ros']
[3.258s] Level 1:colcon.colcon_core.package_identification:_identify(src/nanopb-0.2.8) by extension 'ros'
[3.258s] Level 1:colcon.colcon_core.package_identification:_identify(src/nanopb-0.2.8) by extensions ['cmake', 'python']
[3.258s] Level 1:colcon.colcon_core.package_identification:_identify(src/nanopb-0.2.8) by extension 'cmake'
[3.258s] Level 1:colcon.colcon_core.package_identification:_identify(src/nanopb-0.2.8) by extension 'python'
[3.259s] Level 1:colcon.colcon_core.package_identification:_identify(src/nanopb-0.2.8) by extensions ['python_setup_py']
[3.259s] Level 1:colcon.colcon_core.package_identification:_identify(src/nanopb-0.2.8) by extension 'python_setup_py'
[3.259s] Level 1:colcon.colcon_core.package_identification:_identify(src/nanopb-0.2.8/obj) by extensions ['ignore', 'ignore_ament_install']
[3.259s] Level 1:colcon.colcon_core.package_identification:_identify(src/nanopb-0.2.8/obj) by extension 'ignore'
[3.259s] Level 1:colcon.colcon_core.package_identification:_identify(src/nanopb-0.2.8/obj) by extension 'ignore_ament_install'
[3.259s] Level 1:colcon.colcon_core.package_identification:_identify(src/nanopb-0.2.8/obj) by extensions ['colcon_pkg']
[3.259s] Level 1:colcon.colcon_core.package_identification:_identify(src/nanopb-0.2.8/obj) by extension 'colcon_pkg'
[3.259s] Level 1:colcon.colcon_core.package_identification:_identify(src/nanopb-0.2.8/obj) by extensions ['colcon_meta']
[3.259s] Level 1:colcon.colcon_core.package_identification:_identify(src/nanopb-0.2.8/obj) by extension 'colcon_meta'
[3.259s] Level 1:colcon.colcon_core.package_identification:_identify(src/nanopb-0.2.8/obj) by extensions ['ros']
[3.259s] Level 1:colcon.colcon_core.package_identification:_identify(src/nanopb-0.2.8/obj) by extension 'ros'
[3.260s] Level 1:colcon.colcon_core.package_identification:_identify(src/nanopb-0.2.8/obj) by extensions ['cmake', 'python']
[3.260s] Level 1:colcon.colcon_core.package_identification:_identify(src/nanopb-0.2.8/obj) by extension 'cmake'
[3.260s] Level 1:colcon.colcon_core.package_identification:_identify(src/nanopb-0.2.8/obj) by extension 'python'
[3.260s] Level 1:colcon.colcon_core.package_identification:_identify(src/nanopb-0.2.8/obj) by extensions ['python_setup_py']
[3.260s] Level 1:colcon.colcon_core.package_identification:_identify(src/nanopb-0.2.8/obj) by extension 'python_setup_py'
[3.260s] Level 1:colcon.colcon_core.package_identification:_identify(src/protobuf) by extensions ['ignore', 'ignore_ament_install']
[3.260s] Level 1:colcon.colcon_core.package_identification:_identify(src/protobuf) by extension 'ignore'
[3.260s] Level 1:colcon.colcon_core.package_identification:_identify(src/protobuf) by extension 'ignore_ament_install'
[3.260s] Level 1:colcon.colcon_core.package_identification:_identify(src/protobuf) by extensions ['colcon_pkg']
[3.261s] Level 1:colcon.colcon_core.package_identification:_identify(src/protobuf) by extension 'colcon_pkg'
[3.261s] Level 1:colcon.colcon_core.package_identification:_identify(src/protobuf) by extensions ['colcon_meta']
[3.261s] Level 1:colcon.colcon_core.package_identification:_identify(src/protobuf) by extension 'colcon_meta'
[3.261s] Level 1:colcon.colcon_core.package_identification:_identify(src/protobuf) by extensions ['ros']
[3.261s] Level 1:colcon.colcon_core.package_identification:_identify(src/protobuf) by extension 'ros'
[3.261s] Level 1:colcon.colcon_core.package_identification:_identify(src/protobuf) by extensions ['cmake', 'python']
[3.261s] Level 1:colcon.colcon_core.package_identification:_identify(src/protobuf) by extension 'cmake'
[3.261s] Level 1:colcon.colcon_core.package_identification:_identify(src/protobuf) by extension 'python'
[3.261s] Level 1:colcon.colcon_core.package_identification:_identify(src/protobuf) by extensions ['python_setup_py']
[3.261s] Level 1:colcon.colcon_core.package_identification:_identify(src/protobuf) by extension 'python_setup_py'
[3.261s] Level 1:colcon.colcon_core.package_identification:_identify(src/protobuf/obj) by extensions ['ignore', 'ignore_ament_install']
[3.262s] Level 1:colcon.colcon_core.package_identification:_identify(src/protobuf/obj) by extension 'ignore'
[3.262s] Level 1:colcon.colcon_core.package_identification:_identify(src/protobuf/obj) by extension 'ignore_ament_install'
[3.262s] Level 1:colcon.colcon_core.package_identification:_identify(src/protobuf/obj) by extensions ['colcon_pkg']
[3.262s] Level 1:colcon.colcon_core.package_identification:_identify(src/protobuf/obj) by extension 'colcon_pkg'
[3.262s] Level 1:colcon.colcon_core.package_identification:_identify(src/protobuf/obj) by extensions ['colcon_meta']
[3.262s] Level 1:colcon.colcon_core.package_identification:_identify(src/protobuf/obj) by extension 'colcon_meta'
[3.262s] Level 1:colcon.colcon_core.package_identification:_identify(src/protobuf/obj) by extensions ['ros']
[3.262s] Level 1:colcon.colcon_core.package_identification:_identify(src/protobuf/obj) by extension 'ros'
[3.262s] Level 1:colcon.colcon_core.package_identification:_identify(src/protobuf/obj) by extensions ['cmake', 'python']
[3.262s] Level 1:colcon.colcon_core.package_identification:_identify(src/protobuf/obj) by extension 'cmake'
[3.262s] Level 1:colcon.colcon_core.package_identification:_identify(src/protobuf/obj) by extension 'python'
[3.262s] Level 1:colcon.colcon_core.package_identification:_identify(src/protobuf/obj) by extensions ['python_setup_py']
[3.262s] Level 1:colcon.colcon_core.package_identification:_identify(src/protobuf/obj) by extension 'python_setup_py'
[3.263s] Level 1:colcon.colcon_core.package_identification:_identify(src/protobuf_gen) by extensions ['ignore', 'ignore_ament_install']
[3.263s] Level 1:colcon.colcon_core.package_identification:_identify(src/protobuf_gen) by extension 'ignore'
[3.263s] Level 1:colcon.colcon_core.package_identification:_identify(src/protobuf_gen) by extension 'ignore_ament_install'
[3.263s] Level 1:colcon.colcon_core.package_identification:_identify(src/protobuf_gen) by extensions ['colcon_pkg']
[3.263s] Level 1:colcon.colcon_core.package_identification:_identify(src/protobuf_gen) by extension 'colcon_pkg'
[3.263s] Level 1:colcon.colcon_core.package_identification:_identify(src/protobuf_gen) by extensions ['colcon_meta']
[3.263s] Level 1:colcon.colcon_core.package_identification:_identify(src/protobuf_gen) by extension 'colcon_meta'
[3.263s] Level 1:colcon.colcon_core.package_identification:_identify(src/protobuf_gen) by extensions ['ros']
[3.263s] Level 1:colcon.colcon_core.package_identification:_identify(src/protobuf_gen) by extension 'ros'
[3.263s] Level 1:colcon.colcon_core.package_identification:_identify(src/protobuf_gen) by extensions ['cmake', 'python']
[3.264s] Level 1:colcon.colcon_core.package_identification:_identify(src/protobuf_gen) by extension 'cmake'
[3.264s] Level 1:colcon.colcon_core.package_identification:_identify(src/protobuf_gen) by extension 'python'
[3.264s] Level 1:colcon.colcon_core.package_identification:_identify(src/protobuf_gen) by extensions ['python_setup_py']
[3.264s] Level 1:colcon.colcon_core.package_identification:_identify(src/protobuf_gen) by extension 'python_setup_py'
[3.264s] Level 1:colcon.colcon_core.package_identification:_identify(src/protobuf_gen/obj) by extensions ['ignore', 'ignore_ament_install']
[3.264s] Level 1:colcon.colcon_core.package_identification:_identify(src/protobuf_gen/obj) by extension 'ignore'
[3.264s] Level 1:colcon.colcon_core.package_identification:_identify(src/protobuf_gen/obj) by extension 'ignore_ament_install'
[3.264s] Level 1:colcon.colcon_core.package_identification:_identify(src/protobuf_gen/obj) by extensions ['colcon_pkg']
[3.264s] Level 1:colcon.colcon_core.package_identification:_identify(src/protobuf_gen/obj) by extension 'colcon_pkg'
[3.264s] Level 1:colcon.colcon_core.package_identification:_identify(src/protobuf_gen/obj) by extensions ['colcon_meta']
[3.265s] Level 1:colcon.colcon_core.package_identification:_identify(src/protobuf_gen/obj) by extension 'colcon_meta'
[3.265s] Level 1:colcon.colcon_core.package_identification:_identify(src/protobuf_gen/obj) by extensions ['ros']
[3.265s] Level 1:colcon.colcon_core.package_identification:_identify(src/protobuf_gen/obj) by extension 'ros'
[3.265s] Level 1:colcon.colcon_core.package_identification:_identify(src/protobuf_gen/obj) by extensions ['cmake', 'python']
[3.265s] Level 1:colcon.colcon_core.package_identification:_identify(src/protobuf_gen/obj) by extension 'cmake'
[3.265s] Level 1:colcon.colcon_core.package_identification:_identify(src/protobuf_gen/obj) by extension 'python'
[3.265s] Level 1:colcon.colcon_core.package_identification:_identify(src/protobuf_gen/obj) by extensions ['python_setup_py']
[3.265s] Level 1:colcon.colcon_core.package_identification:_identify(src/protobuf_gen/obj) by extension 'python_setup_py'
[3.265s] Level 1:colcon.colcon_core.package_discovery:discover_packages(recursive) using defaults
[3.265s] Level 1:colcon.colcon_core.package_discovery:discover_packages(ignore) discover
[3.265s] Level 1:colcon.colcon_core.package_discovery:discover_packages(ignore) using defaults
[3.265s] Level 1:colcon.colcon_core.package_discovery:discover_packages(path) discover
[3.265s] Level 1:colcon.colcon_core.package_discovery:discover_packages(path) using defaults
